CMake Error at /opt/ros/foxy/install/share/rosidl_adapter/cmake/rosidl_adapt_interfaces.cmake:60 (message):
  execute_process(/usr/bin/python3 -m rosidl_adapter --package-name
  sort_track_msg --arguments-file
  /root/ros2_ws/src/sort_track_msg/build/sort_track_msg/rosidl_adapter__arguments__sort_track_msg.json
  --output-dir
  /root/ros2_ws/src/sort_track_msg/build/sort_track_msg/rosidl_adapter/sort_track_msg
  --output-file
  /root/ros2_ws/src/sort_track_msg/build/sort_track_msg/rosidl_adapter/sort_track_msg.idls)
  returned error code 1:

  Error processing 'string Class' of 'sort_track_msg/BoundingBox': ''Class'
  is an invalid field name.  It should have the pattern
  '^(?!.*__)(?!.*_$)[a-z][a-z0-9_]*$''

  Traceback (most recent call last):

    File "/usr/lib/python3.6/runpy.py", line 193, in _run_module_as_main
      "__main__", mod_spec)
    File "/usr/lib/python3.6/runpy.py", line 85, in _run_code
      exec(code, run_globals)
    File "/opt/ros/foxy/install/lib/python3.6/site-packages/rosidl_adapter/__main__.py", line 19, in <module>
      sys.exit(main())
    File "/opt/ros/foxy/install/lib/python3.6/site-packages/rosidl_adapter/main.py", line 55, in main
      pathlib.Path(relative_path), output_dir)
    File "/opt/ros/foxy/install/lib/python3.6/site-packages/rosidl_adapter/__init__.py", line 20, in convert_to_idl
      package_dir, package_name, interface_file, output_dir / 'msg')
    File "/opt/ros/foxy/install/lib/python3.6/site-packages/rosidl_adapter/msg/__init__.py", line 28, in convert_msg_to_idl
      msg = parse_message_string(package_name, input_file.stem, content)
    File "/opt/ros/foxy/install/lib/python3.6/site-packages/rosidl_adapter/parser.py", line 517, in parse_message_string
      field_name, default_value_string))
    File "/opt/ros/foxy/install/lib/python3.6/site-packages/rosidl_adapter/parser.py", line 355, in __init__
      name, VALID_FIELD_NAME_PATTERN.pattern))

  NameError: 'Class' is an invalid field name.  It should have the pattern
  '^(?!.*__)(?!.*_$)[a-z][a-z0-9_]*$'

Call Stack (most recent call first):
  /opt/ros/foxy/install/share/rosidl_cmake/cmake/rosidl_generate_interfaces.cmake:130 (rosidl_adapt_interfaces)
  CMakeLists.txt:27 (rosidl_generate_interfaces)


make: *** [cmake_check_build_system] Error 1
