-- Found ament_cmake: 0.9.9 (/opt/ros/foxy/install/share/ament_cmake/cmake)
-- Found PythonInterp: /usr/bin/python3 (found suitable version "3.6.9", minimum required is "3") 
-- Using PYTHON_EXECUTABLE: /usr/bin/python3
-- Found std_msgs: 2.0.4 (/opt/ros/foxy/install/share/std_msgs/cmake)
-- Using all available rosidl_typesupport_c: rosidl_typesupport_fastrtps_c;rosidl_typesupport_introspection_c
-- Found rosidl_adapter: 1.2.1 (/opt/ros/foxy/install/share/rosidl_adapter/cmake)
-- Using all available rosidl_typesupport_cpp: rosidl_typesupport_fastrtps_cpp;rosidl_typesupport_introspection_cpp
-- Found rosidl_default_generators: 1.0.1 (/opt/ros/foxy/install/share/rosidl_default_generators/cmake)
-- Found PythonInterp: /usr/bin/python3 (found version "3.6.9") 
CMake Error at /opt/ros/foxy/install/share/rosidl_adapter/cmake/rosidl_adapt_interfaces.cmake:60 (message):
  execute_process(/usr/bin/python3 -m rosidl_adapter --package-name
  sort_track_msg --arguments-file
  /root/ros2_ws/src/sort_track_msg/build/sort_track_msg/rosidl_adapter__arguments__sort_track_msg.json
  --output-dir
  /root/ros2_ws/src/sort_track_msg/build/sort_track_msg/rosidl_adapter/sort_track_msg
  --output-file
  /root/ros2_ws/src/sort_track_msg/build/sort_track_msg/rosidl_adapter/sort_track_msg.idls)
  returned error code 1:

  Error processing 'string Class' of 'sort_track_msg/BoundingBox': ''Class'
  is an invalid field name.  It should have the pattern
  '^(?!.*__)(?!.*_$)[a-z][a-z0-9_]*$''

  Traceback (most recent call last):

    File "/usr/lib/python3.6/runpy.py", line 193, in _run_module_as_main
      "__main__", mod_spec)
    File "/usr/lib/python3.6/runpy.py", line 85, in _run_code
      exec(code, run_globals)
    File "/opt/ros/foxy/install/lib/python3.6/site-packages/rosidl_adapter/__main__.py", line 19, in <module>
      sys.exit(main())
    File "/opt/ros/foxy/install/lib/python3.6/site-packages/rosidl_adapter/main.py", line 55, in main
      pathlib.Path(relative_path), output_dir)
    File "/opt/ros/foxy/install/lib/python3.6/site-packages/rosidl_adapter/__init__.py", line 20, in convert_to_idl
      package_dir, package_name, interface_file, output_dir / 'msg')
    File "/opt/ros/foxy/install/lib/python3.6/site-packages/rosidl_adapter/msg/__init__.py", line 28, in convert_msg_to_idl
      msg = parse_message_string(package_name, input_file.stem, content)
    File "/opt/ros/foxy/install/lib/python3.6/site-packages/rosidl_adapter/parser.py", line 517, in parse_message_string
      field_name, default_value_string))
    File "/opt/ros/foxy/install/lib/python3.6/site-packages/rosidl_adapter/parser.py", line 355, in __init__
      name, VALID_FIELD_NAME_PATTERN.pattern))

  NameError: 'Class' is an invalid field name.  It should have the pattern
  '^(?!.*__)(?!.*_$)[a-z][a-z0-9_]*$'

Call Stack (most recent call first):
  /opt/ros/foxy/install/share/rosidl_cmake/cmake/rosidl_generate_interfaces.cmake:130 (rosidl_adapt_interfaces)
  CMakeLists.txt:27 (rosidl_generate_interfaces)


-- Configuring incomplete, errors occurred!
See also "/root/ros2_ws/src/sort_track_msg/build/sort_track_msg/CMakeFiles/CMakeOutput.log".
make: *** [cmake_check_build_system] Error 1
Makefile:1367: recipe for target 'cmake_check_build_system' failed
