-- Found ament_cmake: 0.9.9 (/opt/ros/foxy/install/share/ament_cmake/cmake)
-- Found PythonInterp: /usr/bin/python3 (found suitable version "3.6.9", minimum required is "3") 
-- Using PYTHON_EXECUTABLE: /usr/bin/python3
-- Found std_msgs: 2.0.4 (/opt/ros/foxy/install/share/std_msgs/cmake)
-- Using all available rosidl_typesupport_c: rosidl_typesupport_fastrtps_c;rosidl_typesupport_introspection_c
-- Found rosidl_adapter: 1.2.1 (/opt/ros/foxy/install/share/rosidl_adapter/cmake)
-- Using all available rosidl_typesupport_cpp: rosidl_typesupport_fastrtps_cpp;rosidl_typesupport_introspection_cpp
-- Found rosidl_default_generators: 1.0.1 (/opt/ros/foxy/install/share/rosidl_default_generators/cmake)
-- Found PythonInterp: /usr/bin/python3 (found version "3.6.9") 
-- Found ament_cmake_ros: 0.9.2 (/opt/ros/foxy/install/share/ament_cmake_ros/cmake)
-- Using all available rosidl_typesupport_c: rosidl_typesupport_fastrtps_c;rosidl_typesupport_introspection_c
-- Using all available rosidl_typesupport_cpp: rosidl_typesupport_fastrtps_cpp;rosidl_typesupport_introspection_cpp
-- Found PythonInterp: /usr/bin/python3 (found suitable version "3.6.9", minimum required is "3.5") 
-- Found python_cmake_module: 0.8.1 (/opt/ros/foxy/install/share/python_cmake_module/cmake)
-- Using PYTHON_EXECUTABLE: /usr/bin/python3
-- Using PYTHON_INCLUDE_DIRS: /usr/include/python3.6m
-- Using PYTHON_LIBRARIES: /usr/lib/aarch64-linux-gnu/libpython3.6m.so
-- Using numpy include directory: /usr/local/lib/python3.6/dist-packages/numpy/core/include
-- Found ament_lint_auto: 0.9.6 (/opt/ros/foxy/install/share/ament_lint_auto/cmake)
-- Added test 'copyright' to check source files copyright and LICENSE
-- Added test 'cppcheck' to perform static code analysis on C / C++ code
-- Configured cppcheck include dirs: $<BUILD_INTERFACE:/root/ros2_ws/src/sort_track_msg/build/sort_track_msg/rosidl_generator_c>;/root/ros2_ws/src/sort_track_msg/build/sort_track_msg/rosidl_generator_c;/root/ros2_ws/src/sort_track_msg/build/sort_track_msg/rosidl_generator_cpp;/root/ros2_ws/src/sort_track_msg/build/sort_track_msg/rosidl_typesupport_fastrtps_c;/root/ros2_ws/src/sort_track_msg/build/sort_track_msg/rosidl_typesupport_fastrtps_cpp;$<BUILD_INTERFACE:/root/ros2_ws/src/sort_track_msg/build/sort_track_msg/rosidl_typesupport_introspection_c>;$<BUILD_INTERFACE:/root/ros2_ws/src/sort_track_msg/build/sort_track_msg/rosidl_typesupport_c>;$<BUILD_INTERFACE:/root/ros2_ws/src/sort_track_msg/build/sort_track_msg/rosidl_generator_cpp>;/root/ros2_ws/src/sort_track_msg/build/sort_track_msg/rosidl_generator_py
-- Configured cppcheck exclude dirs and/or files: 
-- Added test 'cpplint' to check C / C++ code against the Google style
-- Configured cpplint exclude dirs and/or files: 
-- Added test 'flake8' to check Python code syntax and style conventions
-- Added test 'lint_cmake' to check CMake code style
-- Added test 'pep257' to check Python code against some of the style conventions in PEP 257
-- Added test 'uncrustify' to check C / C++ code style
-- Configured uncrustify additional arguments: 
-- Added test 'xmllint' to check XML markup files
-- Configuring done
-- Generating done
-- Build files have been written to: /root/ros2_ws/src/sort_track_msg/build/sort_track_msg
[  1%] [34m[1mGenerating C code for ROS interfaces[0m
[  3%] [34m[1mGenerating C++ code for ROS interfaces[0m
[  3%] Built target sort_track_msg__cpp
[  7%] [34m[1mGenerating C++ type support dispatch for ROS interfaces[0m
[  7%] [34m[1mGenerating C++ introspection for ROS interfaces[0m
[  9%] [34m[1mGenerating C++ type support for eProsima Fast-RTPS[0m
[35m[1mConsolidate compiler generated dependencies of target sort_track_msg__rosidl_generator_c[0m
[ 10%] [32mBuilding C object CMakeFiles/sort_track_msg__rosidl_generator_c.dir/rosidl_generator_c/sort_track_msg/msg/detail/bounding_box__functions.c.o[0m
[ 12%] [32mBuilding C object CMakeFiles/sort_track_msg__rosidl_generator_c.dir/rosidl_generator_c/sort_track_msg/msg/detail/tracks__functions.c.o[0m
[ 14%] [32mBuilding C object CMakeFiles/sort_track_msg__rosidl_generator_c.dir/rosidl_generator_c/sort_track_msg/msg/detail/target__functions.c.o[0m
[ 16%] [32mBuilding C object CMakeFiles/sort_track_msg__rosidl_generator_c.dir/rosidl_generator_c/sort_track_msg/msg/detail/targets__functions.c.o[0m
[ 18%] [32m[1mLinking C shared library libsort_track_msg__rosidl_generator_c.so[0m
[ 18%] Built target sort_track_msg__rosidl_generator_c
[ 20%] [34m[1mGenerating C type support dispatch for ROS interfaces[0m
[ 21%] [34m[1mGenerating C introspection for ROS interfaces[0m
[ 23%] [32mBuilding CXX object CMakeFiles/sort_track_msg__rosidl_typesupport_cpp.dir/rosidl_typesupport_cpp/sort_track_msg/msg/bounding_box__type_support.cpp.o[0m
[ 25%] [32mBuilding CXX object CMakeFiles/sort_track_msg__rosidl_typesupport_cpp.dir/rosidl_typesupport_cpp/sort_track_msg/msg/targets__type_support.cpp.o[0m
[ 29%] [32mBuilding CXX object CMakeFiles/sort_track_msg__rosidl_typesupport_cpp.dir/rosidl_typesupport_cpp/sort_track_msg/msg/target__type_support.cpp.o[0m
[ 29%] [32mBuilding CXX object CMakeFiles/sort_track_msg__rosidl_typesupport_cpp.dir/rosidl_typesupport_cpp/sort_track_msg/msg/tracks__type_support.cpp.o[0m
[ 30%] [32mBuilding CXX object CMakeFiles/sort_track_msg__rosidl_typesupport_introspection_cpp.dir/rosidl_typesupport_introspection_cpp/sort_track_msg/msg/detail/bounding_box__type_support.cpp.o[0m
[ 32%] [32mBuilding CXX object CMakeFiles/sort_track_msg__rosidl_typesupport_c.dir/rosidl_typesupport_c/sort_track_msg/msg/bounding_box__type_support.cpp.o[0m
[ 34%] [32mBuilding CXX object CMakeFiles/sort_track_msg__rosidl_typesupport_c.dir/rosidl_typesupport_c/sort_track_msg/msg/target__type_support.cpp.o[0m
[ 36%] [32mBuilding CXX object CMakeFiles/sort_track_msg__rosidl_typesupport_fastrtps_cpp.dir/rosidl_typesupport_fastrtps_cpp/sort_track_msg/msg/detail/dds_fastrtps/bounding_box__type_support.cpp.o[0m
[ 38%] [32mBuilding CXX object CMakeFiles/sort_track_msg__rosidl_typesupport_c.dir/rosidl_typesupport_c/sort_track_msg/msg/targets__type_support.cpp.o[0m
[35m[1mConsolidate compiler generated dependencies of target sort_track_msg__rosidl_typesupport_introspection_c[0m
[ 40%] [32mBuilding C object CMakeFiles/sort_track_msg__rosidl_typesupport_introspection_c.dir/rosidl_typesupport_introspection_c/sort_track_msg/msg/detail/bounding_box__type_support.c.o[0m
[ 41%] [32mBuilding CXX object CMakeFiles/sort_track_msg__rosidl_typesupport_c.dir/rosidl_typesupport_c/sort_track_msg/msg/tracks__type_support.cpp.o[0m
[ 43%] [32mBuilding C object CMakeFiles/sort_track_msg__rosidl_typesupport_introspection_c.dir/rosidl_typesupport_introspection_c/sort_track_msg/msg/detail/target__type_support.c.o[0m
[ 45%] [32m[1mLinking CXX shared library libsort_track_msg__rosidl_typesupport_c.so[0m
[ 47%] [32mBuilding C object CMakeFiles/sort_track_msg__rosidl_typesupport_introspection_c.dir/rosidl_typesupport_introspection_c/sort_track_msg/msg/detail/targets__type_support.c.o[0m
[ 49%] [32mBuilding CXX object CMakeFiles/sort_track_msg__rosidl_typesupport_fastrtps_cpp.dir/rosidl_typesupport_fastrtps_cpp/sort_track_msg/msg/detail/dds_fastrtps/target__type_support.cpp.o[0m
[ 49%] Built target sort_track_msg__rosidl_typesupport_c
[ 50%] [32mBuilding CXX object CMakeFiles/sort_track_msg__rosidl_typesupport_fastrtps_cpp.dir/rosidl_typesupport_fastrtps_cpp/sort_track_msg/msg/detail/dds_fastrtps/targets__type_support.cpp.o[0m
[ 52%] [32mBuilding CXX object CMakeFiles/sort_track_msg__rosidl_typesupport_fastrtps_cpp.dir/rosidl_typesupport_fastrtps_cpp/sort_track_msg/msg/detail/dds_fastrtps/tracks__type_support.cpp.o[0m
[ 54%] [32mBuilding C object CMakeFiles/sort_track_msg__rosidl_typesupport_introspection_c.dir/rosidl_typesupport_introspection_c/sort_track_msg/msg/detail/tracks__type_support.c.o[0m
[ 56%] [32m[1mLinking CXX shared library libsort_track_msg__rosidl_typesupport_cpp.so[0m
[ 58%] [32mBuilding CXX object CMakeFiles/sort_track_msg__rosidl_typesupport_introspection_cpp.dir/rosidl_typesupport_introspection_cpp/sort_track_msg/msg/detail/target__type_support.cpp.o[0m
[ 60%] [32m[1mLinking C shared library libsort_track_msg__rosidl_typesupport_introspection_c.so[0m
[ 60%] Built target sort_track_msg__rosidl_typesupport_cpp
[ 61%] [32mBuilding CXX object CMakeFiles/sort_track_msg__rosidl_typesupport_introspection_cpp.dir/rosidl_typesupport_introspection_cpp/sort_track_msg/msg/detail/targets__type_support.cpp.o[0m
[ 61%] Built target sort_track_msg__rosidl_typesupport_introspection_c
[ 63%] [32mBuilding CXX object CMakeFiles/sort_track_msg__rosidl_typesupport_introspection_cpp.dir/rosidl_typesupport_introspection_cpp/sort_track_msg/msg/detail/tracks__type_support.cpp.o[0m
[ 65%] [32m[1mLinking CXX shared library libsort_track_msg__rosidl_typesupport_introspection_cpp.so[0m
[ 65%] Built target sort_track_msg__rosidl_typesupport_introspection_cpp
[ 67%] [32m[1mLinking CXX shared library libsort_track_msg__rosidl_typesupport_fastrtps_cpp.so[0m
[ 67%] Built target sort_track_msg__rosidl_typesupport_fastrtps_cpp
[ 69%] [34m[1mGenerating C type support for eProsima Fast-RTPS[0m
[ 70%] [32mBuilding CXX object CMakeFiles/sort_track_msg__rosidl_typesupport_fastrtps_c.dir/rosidl_typesupport_fastrtps_c/sort_track_msg/msg/detail/bounding_box__type_support_c.cpp.o[0m
[ 72%] [32mBuilding CXX object CMakeFiles/sort_track_msg__rosidl_typesupport_fastrtps_c.dir/rosidl_typesupport_fastrtps_c/sort_track_msg/msg/detail/target__type_support_c.cpp.o[0m
[ 74%] [32mBuilding CXX object CMakeFiles/sort_track_msg__rosidl_typesupport_fastrtps_c.dir/rosidl_typesupport_fastrtps_c/sort_track_msg/msg/detail/targets__type_support_c.cpp.o[0m
[ 76%] [32mBuilding CXX object CMakeFiles/sort_track_msg__rosidl_typesupport_fastrtps_c.dir/rosidl_typesupport_fastrtps_c/sort_track_msg/msg/detail/tracks__type_support_c.cpp.o[0m
[ 78%] [32m[1mLinking CXX shared library libsort_track_msg__rosidl_typesupport_fastrtps_c.so[0m
[ 78%] Built target sort_track_msg__rosidl_typesupport_fastrtps_c
[ 78%] Built target sort_track_msg
[ 80%] [34m[1mGenerating Python code for ROS interfaces[0m
[ 80%] Built target sort_track_msg__py
[ 81%] [32mBuilding C object CMakeFiles/sort_track_msg__python.dir/rosidl_generator_py/sort_track_msg/msg/_target_s.c.o[0m
[ 83%] [32mBuilding C object CMakeFiles/sort_track_msg__python.dir/rosidl_generator_py/sort_track_msg/msg/_bounding_box_s.c.o[0m
[ 87%] [32mBuilding C object CMakeFiles/sort_track_msg__python.dir/rosidl_generator_py/sort_track_msg/msg/_targets_s.c.o[0m
[ 87%] [32mBuilding C object CMakeFiles/sort_track_msg__python.dir/rosidl_generator_py/sort_track_msg/msg/_tracks_s.c.o[0m
[ 89%] [32m[1mLinking C shared library rosidl_generator_py/sort_track_msg/libsort_track_msg__python.so[0m
[ 89%] Built target sort_track_msg__python
[ 94%] [32mBuilding C object CMakeFiles/sort_track_msg__rosidl_typesupport_c__pyext.dir/rosidl_generator_py/sort_track_msg/_sort_track_msg_s.ep.rosidl_typesupport_c.c.o[0m
[ 94%] [32mBuilding C object CMakeFiles/sort_track_msg__rosidl_typesupport_fastrtps_c__pyext.dir/rosidl_generator_py/sort_track_msg/_sort_track_msg_s.ep.rosidl_typesupport_fastrtps_c.c.o[0m
[ 94%] [32mBuilding C object CMakeFiles/sort_track_msg__rosidl_typesupport_introspection_c__pyext.dir/rosidl_generator_py/sort_track_msg/_sort_track_msg_s.ep.rosidl_typesupport_introspection_c.c.o[0m
[ 96%] [32m[1mLinking C shared library rosidl_generator_py/sort_track_msg/sort_track_msg_s__rosidl_typesupport_introspection_c.cpython-36m-aarch64-linux-gnu.so[0m
[ 98%] [32m[1mLinking C shared library rosidl_generator_py/sort_track_msg/sort_track_msg_s__rosidl_typesupport_c.cpython-36m-aarch64-linux-gnu.so[0m
[100%] [32m[1mLinking CXX shared library rosidl_generator_py/sort_track_msg/sort_track_msg_s__rosidl_typesupport_fastrtps_c.cpython-36m-aarch64-linux-gnu.so[0m
[100%] Built target sort_track_msg__rosidl_typesupport_c__pyext
[100%] Built target sort_track_msg__rosidl_typesupport_introspection_c__pyext
[100%] Built target sort_track_msg__rosidl_typesupport_fastrtps_c__pyext
-- Install configuration: ""
-- Installing: /root/ros2_ws/src/sort_track_msg/install/sort_track_msg/share/ament_index/resource_index/rosidl_interfaces/sort_track_msg
-- Installing: /root/ros2_ws/src/sort_track_msg/install/sort_track_msg/include/sort_track_msg
-- Installing: /root/ros2_ws/src/sort_track_msg/install/sort_track_msg/include/sort_track_msg/msg
-- Installing: /root/ros2_ws/src/sort_track_msg/install/sort_track_msg/include/sort_track_msg/msg/targets.h
-- Installing: /root/ros2_ws/src/sort_track_msg/install/sort_track_msg/include/sort_track_msg/msg/tracks.h
-- Installing: /root/ros2_ws/src/sort_track_msg/install/sort_track_msg/include/sort_track_msg/msg/target.h
-- Installing: /root/ros2_ws/src/sort_track_msg/install/sort_track_msg/include/sort_track_msg/msg/rosidl_generator_c__visibility_control.h
-- Installing: /root/ros2_ws/src/sort_track_msg/install/sort_track_msg/include/sort_track_msg/msg/detail
-- Installing: /root/ros2_ws/src/sort_track_msg/install/sort_track_msg/include/sort_track_msg/msg/detail/targets__type_support.h
-- Installing: /root/ros2_ws/src/sort_track_msg/install/sort_track_msg/include/sort_track_msg/msg/detail/targets__functions.c
-- Installing: /root/ros2_ws/src/sort_track_msg/install/sort_track_msg/include/sort_track_msg/msg/detail/target__functions.c
-- Installing: /root/ros2_ws/src/sort_track_msg/install/sort_track_msg/include/sort_track_msg/msg/detail/bounding_box__functions.h
-- Installing: /root/ros2_ws/src/sort_track_msg/install/sort_track_msg/include/sort_track_msg/msg/detail/tracks__type_support.h
-- Installing: /root/ros2_ws/src/sort_track_msg/install/sort_track_msg/include/sort_track_msg/msg/detail/tracks__functions.h
-- Installing: /root/ros2_ws/src/sort_track_msg/install/sort_track_msg/include/sort_track_msg/msg/detail/target__struct.h
-- Installing: /root/ros2_ws/src/sort_track_msg/install/sort_track_msg/include/sort_track_msg/msg/detail/bounding_box__functions.c
-- Installing: /root/ros2_ws/src/sort_track_msg/install/sort_track_msg/include/sort_track_msg/msg/detail/tracks__struct.h
-- Installing: /root/ros2_ws/src/sort_track_msg/install/sort_track_msg/include/sort_track_msg/msg/detail/target__functions.h
-- Installing: /root/ros2_ws/src/sort_track_msg/install/sort_track_msg/include/sort_track_msg/msg/detail/target__type_support.h
-- Installing: /root/ros2_ws/src/sort_track_msg/install/sort_track_msg/include/sort_track_msg/msg/detail/targets__functions.h
-- Installing: /root/ros2_ws/src/sort_track_msg/install/sort_track_msg/include/sort_track_msg/msg/detail/targets__struct.h
-- Installing: /root/ros2_ws/src/sort_track_msg/install/sort_track_msg/include/sort_track_msg/msg/detail/bounding_box__struct.h
-- Installing: /root/ros2_ws/src/sort_track_msg/install/sort_track_msg/include/sort_track_msg/msg/detail/bounding_box__type_support.h
-- Installing: /root/ros2_ws/src/sort_track_msg/install/sort_track_msg/include/sort_track_msg/msg/detail/tracks__functions.c
-- Installing: /root/ros2_ws/src/sort_track_msg/install/sort_track_msg/include/sort_track_msg/msg/bounding_box.h
-- Installing: /root/ros2_ws/src/sort_track_msg/install/sort_track_msg/share/sort_track_msg/environment/library_path.sh
-- Installing: /root/ros2_ws/src/sort_track_msg/install/sort_track_msg/share/sort_track_msg/environment/library_path.dsv
-- Installing: /root/ros2_ws/src/sort_track_msg/install/sort_track_msg/lib/libsort_track_msg__rosidl_generator_c.so
-- Set runtime path of "/root/ros2_ws/src/sort_track_msg/install/sort_track_msg/lib/libsort_track_msg__rosidl_generator_c.so" to ""
-- Up-to-date: /root/ros2_ws/src/sort_track_msg/install/sort_track_msg/include/sort_track_msg
-- Up-to-date: /root/ros2_ws/src/sort_track_msg/install/sort_track_msg/include/sort_track_msg/msg
-- Installing: /root/ros2_ws/src/sort_track_msg/install/sort_track_msg/include/sort_track_msg/msg/rosidl_typesupport_fastrtps_c__visibility_control.h
-- Up-to-date: /root/ros2_ws/src/sort_track_msg/install/sort_track_msg/include/sort_track_msg/msg/detail
-- Installing: /root/ros2_ws/src/sort_track_msg/install/sort_track_msg/include/sort_track_msg/msg/detail/tracks__rosidl_typesupport_fastrtps_c.h
-- Installing: /root/ros2_ws/src/sort_track_msg/install/sort_track_msg/include/sort_track_msg/msg/detail/target__rosidl_typesupport_fastrtps_c.h
-- Installing: /root/ros2_ws/src/sort_track_msg/install/sort_track_msg/include/sort_track_msg/msg/detail/bounding_box__rosidl_typesupport_fastrtps_c.h
-- Installing: /root/ros2_ws/src/sort_track_msg/install/sort_track_msg/include/sort_track_msg/msg/detail/targets__rosidl_typesupport_fastrtps_c.h
-- Installing: /root/ros2_ws/src/sort_track_msg/install/sort_track_msg/lib/libsort_track_msg__rosidl_typesupport_fastrtps_c.so
-- Set runtime path of "/root/ros2_ws/src/sort_track_msg/install/sort_track_msg/lib/libsort_track_msg__rosidl_typesupport_fastrtps_c.so" to ""
-- Up-to-date: /root/ros2_ws/src/sort_track_msg/install/sort_track_msg/include/sort_track_msg
-- Up-to-date: /root/ros2_ws/src/sort_track_msg/install/sort_track_msg/include/sort_track_msg/msg
-- Installing: /root/ros2_ws/src/sort_track_msg/install/sort_track_msg/include/sort_track_msg/msg/rosidl_typesupport_fastrtps_cpp__visibility_control.h
-- Up-to-date: /root/ros2_ws/src/sort_track_msg/install/sort_track_msg/include/sort_track_msg/msg/detail
-- Installing: /root/ros2_ws/src/sort_track_msg/install/sort_track_msg/include/sort_track_msg/msg/detail/bounding_box__rosidl_typesupport_fastrtps_cpp.hpp
-- Installing: /root/ros2_ws/src/sort_track_msg/install/sort_track_msg/include/sort_track_msg/msg/detail/dds_fastrtps
-- Installing: /root/ros2_ws/src/sort_track_msg/install/sort_track_msg/include/sort_track_msg/msg/detail/target__rosidl_typesupport_fastrtps_cpp.hpp
-- Installing: /root/ros2_ws/src/sort_track_msg/install/sort_track_msg/include/sort_track_msg/msg/detail/tracks__rosidl_typesupport_fastrtps_cpp.hpp
-- Installing: /root/ros2_ws/src/sort_track_msg/install/sort_track_msg/include/sort_track_msg/msg/detail/targets__rosidl_typesupport_fastrtps_cpp.hpp
-- Installing: /root/ros2_ws/src/sort_track_msg/install/sort_track_msg/lib/libsort_track_msg__rosidl_typesupport_fastrtps_cpp.so
-- Set runtime path of "/root/ros2_ws/src/sort_track_msg/install/sort_track_msg/lib/libsort_track_msg__rosidl_typesupport_fastrtps_cpp.so" to ""
-- Up-to-date: /root/ros2_ws/src/sort_track_msg/install/sort_track_msg/include/sort_track_msg
-- Up-to-date: /root/ros2_ws/src/sort_track_msg/install/sort_track_msg/include/sort_track_msg/msg
-- Installing: /root/ros2_ws/src/sort_track_msg/install/sort_track_msg/include/sort_track_msg/msg/rosidl_typesupport_introspection_c__visibility_control.h
-- Up-to-date: /root/ros2_ws/src/sort_track_msg/install/sort_track_msg/include/sort_track_msg/msg/detail
-- Installing: /root/ros2_ws/src/sort_track_msg/install/sort_track_msg/include/sort_track_msg/msg/detail/target__rosidl_typesupport_introspection_c.h
-- Installing: /root/ros2_ws/src/sort_track_msg/install/sort_track_msg/include/sort_track_msg/msg/detail/tracks__rosidl_typesupport_introspection_c.h
-- Installing: /root/ros2_ws/src/sort_track_msg/install/sort_track_msg/include/sort_track_msg/msg/detail/bounding_box__rosidl_typesupport_introspection_c.h
-- Installing: /root/ros2_ws/src/sort_track_msg/install/sort_track_msg/include/sort_track_msg/msg/detail/tracks__type_support.c
-- Installing: /root/ros2_ws/src/sort_track_msg/install/sort_track_msg/include/sort_track_msg/msg/detail/targets__type_support.c
-- Installing: /root/ros2_ws/src/sort_track_msg/install/sort_track_msg/include/sort_track_msg/msg/detail/bounding_box__type_support.c
-- Installing: /root/ros2_ws/src/sort_track_msg/install/sort_track_msg/include/sort_track_msg/msg/detail/target__type_support.c
-- Installing: /root/ros2_ws/src/sort_track_msg/install/sort_track_msg/include/sort_track_msg/msg/detail/targets__rosidl_typesupport_introspection_c.h
-- Installing: /root/ros2_ws/src/sort_track_msg/install/sort_track_msg/lib/libsort_track_msg__rosidl_typesupport_introspection_c.so
-- Set runtime path of "/root/ros2_ws/src/sort_track_msg/install/sort_track_msg/lib/libsort_track_msg__rosidl_typesupport_introspection_c.so" to ""
-- Installing: /root/ros2_ws/src/sort_track_msg/install/sort_track_msg/lib/libsort_track_msg__rosidl_typesupport_c.so
-- Set runtime path of "/root/ros2_ws/src/sort_track_msg/install/sort_track_msg/lib/libsort_track_msg__rosidl_typesupport_c.so" to ""
-- Up-to-date: /root/ros2_ws/src/sort_track_msg/install/sort_track_msg/include/sort_track_msg
-- Up-to-date: /root/ros2_ws/src/sort_track_msg/install/sort_track_msg/include/sort_track_msg/msg
-- Installing: /root/ros2_ws/src/sort_track_msg/install/sort_track_msg/include/sort_track_msg/msg/targets.hpp
-- Installing: /root/ros2_ws/src/sort_track_msg/install/sort_track_msg/include/sort_track_msg/msg/tracks.hpp
-- Installing: /root/ros2_ws/src/sort_track_msg/install/sort_track_msg/include/sort_track_msg/msg/bounding_box.hpp
-- Installing: /root/ros2_ws/src/sort_track_msg/install/sort_track_msg/include/sort_track_msg/msg/target.hpp
-- Up-to-date: /root/ros2_ws/src/sort_track_msg/install/sort_track_msg/include/sort_track_msg/msg/detail
-- Installing: /root/ros2_ws/src/sort_track_msg/install/sort_track_msg/include/sort_track_msg/msg/detail/bounding_box__traits.hpp
-- Installing: /root/ros2_ws/src/sort_track_msg/install/sort_track_msg/include/sort_track_msg/msg/detail/tracks__struct.hpp
-- Installing: /root/ros2_ws/src/sort_track_msg/install/sort_track_msg/include/sort_track_msg/msg/detail/bounding_box__builder.hpp
-- Installing: /root/ros2_ws/src/sort_track_msg/install/sort_track_msg/include/sort_track_msg/msg/detail/target__traits.hpp
-- Installing: /root/ros2_ws/src/sort_track_msg/install/sort_track_msg/include/sort_track_msg/msg/detail/targets__builder.hpp
-- Installing: /root/ros2_ws/src/sort_track_msg/install/sort_track_msg/include/sort_track_msg/msg/detail/target__builder.hpp
-- Installing: /root/ros2_ws/src/sort_track_msg/install/sort_track_msg/include/sort_track_msg/msg/detail/target__struct.hpp
-- Installing: /root/ros2_ws/src/sort_track_msg/install/sort_track_msg/include/sort_track_msg/msg/detail/tracks__builder.hpp
-- Installing: /root/ros2_ws/src/sort_track_msg/install/sort_track_msg/include/sort_track_msg/msg/detail/targets__struct.hpp
-- Installing: /root/ros2_ws/src/sort_track_msg/install/sort_track_msg/include/sort_track_msg/msg/detail/tracks__traits.hpp
-- Installing: /root/ros2_ws/src/sort_track_msg/install/sort_track_msg/include/sort_track_msg/msg/detail/targets__traits.hpp
-- Installing: /root/ros2_ws/src/sort_track_msg/install/sort_track_msg/include/sort_track_msg/msg/detail/bounding_box__struct.hpp
-- Up-to-date: /root/ros2_ws/src/sort_track_msg/install/sort_track_msg/include/sort_track_msg
-- Up-to-date: /root/ros2_ws/src/sort_track_msg/install/sort_track_msg/include/sort_track_msg/msg
-- Up-to-date: /root/ros2_ws/src/sort_track_msg/install/sort_track_msg/include/sort_track_msg/msg/detail
-- Installing: /root/ros2_ws/src/sort_track_msg/install/sort_track_msg/include/sort_track_msg/msg/detail/targets__type_support.cpp
-- Installing: /root/ros2_ws/src/sort_track_msg/install/sort_track_msg/include/sort_track_msg/msg/detail/target__type_support.cpp
-- Installing: /root/ros2_ws/src/sort_track_msg/install/sort_track_msg/include/sort_track_msg/msg/detail/bounding_box__type_support.cpp
-- Installing: /root/ros2_ws/src/sort_track_msg/install/sort_track_msg/include/sort_track_msg/msg/detail/tracks__rosidl_typesupport_introspection_cpp.hpp
-- Installing: /root/ros2_ws/src/sort_track_msg/install/sort_track_msg/include/sort_track_msg/msg/detail/bounding_box__rosidl_typesupport_introspection_cpp.hpp
-- Installing: /root/ros2_ws/src/sort_track_msg/install/sort_track_msg/include/sort_track_msg/msg/detail/target__rosidl_typesupport_introspection_cpp.hpp
-- Installing: /root/ros2_ws/src/sort_track_msg/install/sort_track_msg/include/sort_track_msg/msg/detail/tracks__type_support.cpp
-- Installing: /root/ros2_ws/src/sort_track_msg/install/sort_track_msg/include/sort_track_msg/msg/detail/targets__rosidl_typesupport_introspection_cpp.hpp
-- Installing: /root/ros2_ws/src/sort_track_msg/install/sort_track_msg/lib/libsort_track_msg__rosidl_typesupport_introspection_cpp.so
-- Set runtime path of "/root/ros2_ws/src/sort_track_msg/install/sort_track_msg/lib/libsort_track_msg__rosidl_typesupport_introspection_cpp.so" to ""
-- Installing: /root/ros2_ws/src/sort_track_msg/install/sort_track_msg/lib/libsort_track_msg__rosidl_typesupport_cpp.so
-- Set runtime path of "/root/ros2_ws/src/sort_track_msg/install/sort_track_msg/lib/libsort_track_msg__rosidl_typesupport_cpp.so" to ""
-- Installing: /root/ros2_ws/src/sort_track_msg/install/sort_track_msg/share/sort_track_msg/environment/pythonpath.sh
-- Installing: /root/ros2_ws/src/sort_track_msg/install/sort_track_msg/share/sort_track_msg/environment/pythonpath.dsv
-- Installing: /root/ros2_ws/src/sort_track_msg/install/sort_track_msg/lib/python3.6/site-packages/sort_track_msg/__init__.py
Compiling '/root/ros2_ws/src/sort_track_msg/install/sort_track_msg/lib/python3.6/site-packages/sort_track_msg/__init__.py'...
-- Installing: /root/ros2_ws/src/sort_track_msg/install/sort_track_msg/lib/python3.6/site-packages/sort_track_msg/msg
-- Installing: /root/ros2_ws/src/sort_track_msg/install/sort_track_msg/lib/python3.6/site-packages/sort_track_msg/msg/_tracks.py
-- Installing: /root/ros2_ws/src/sort_track_msg/install/sort_track_msg/lib/python3.6/site-packages/sort_track_msg/msg/_tracks_s.c
-- Installing: /root/ros2_ws/src/sort_track_msg/install/sort_track_msg/lib/python3.6/site-packages/sort_track_msg/msg/_bounding_box.py
-- Installing: /root/ros2_ws/src/sort_track_msg/install/sort_track_msg/lib/python3.6/site-packages/sort_track_msg/msg/_target_s.c
-- Installing: /root/ros2_ws/src/sort_track_msg/install/sort_track_msg/lib/python3.6/site-packages/sort_track_msg/msg/_targets_s.c
-- Installing: /root/ros2_ws/src/sort_track_msg/install/sort_track_msg/lib/python3.6/site-packages/sort_track_msg/msg/_target.py
-- Installing: /root/ros2_ws/src/sort_track_msg/install/sort_track_msg/lib/python3.6/site-packages/sort_track_msg/msg/_bounding_box_s.c
-- Installing: /root/ros2_ws/src/sort_track_msg/install/sort_track_msg/lib/python3.6/site-packages/sort_track_msg/msg/_targets.py
-- Installing: /root/ros2_ws/src/sort_track_msg/install/sort_track_msg/lib/python3.6/site-packages/sort_track_msg/msg/__init__.py
-- Installing: /root/ros2_ws/src/sort_track_msg/install/sort_track_msg/lib/python3.6/site-packages/sort_track_msg/sort_track_msg_s__rosidl_typesupport_fastrtps_c.cpython-36m-aarch64-linux-gnu.so
-- Set runtime path of "/root/ros2_ws/src/sort_track_msg/install/sort_track_msg/lib/python3.6/site-packages/sort_track_msg/sort_track_msg_s__rosidl_typesupport_fastrtps_c.cpython-36m-aarch64-linux-gnu.so" to ""
-- Installing: /root/ros2_ws/src/sort_track_msg/install/sort_track_msg/lib/python3.6/site-packages/sort_track_msg/sort_track_msg_s__rosidl_typesupport_introspection_c.cpython-36m-aarch64-linux-gnu.so
-- Set runtime path of "/root/ros2_ws/src/sort_track_msg/install/sort_track_msg/lib/python3.6/site-packages/sort_track_msg/sort_track_msg_s__rosidl_typesupport_introspection_c.cpython-36m-aarch64-linux-gnu.so" to ""
-- Installing: /root/ros2_ws/src/sort_track_msg/install/sort_track_msg/lib/python3.6/site-packages/sort_track_msg/sort_track_msg_s__rosidl_typesupport_c.cpython-36m-aarch64-linux-gnu.so
-- Set runtime path of "/root/ros2_ws/src/sort_track_msg/install/sort_track_msg/lib/python3.6/site-packages/sort_track_msg/sort_track_msg_s__rosidl_typesupport_c.cpython-36m-aarch64-linux-gnu.so" to ""
-- Installing: /root/ros2_ws/src/sort_track_msg/install/sort_track_msg/lib/libsort_track_msg__python.so
-- Set runtime path of "/root/ros2_ws/src/sort_track_msg/install/sort_track_msg/lib/libsort_track_msg__python.so" to ""
-- Installing: /root/ros2_ws/src/sort_track_msg/install/sort_track_msg/share/sort_track_msg/msg/BoundingBox.idl
-- Installing: /root/ros2_ws/src/sort_track_msg/install/sort_track_msg/share/sort_track_msg/msg/Target.idl
-- Installing: /root/ros2_ws/src/sort_track_msg/install/sort_track_msg/share/sort_track_msg/msg/Targets.idl
-- Installing: /root/ros2_ws/src/sort_track_msg/install/sort_track_msg/share/sort_track_msg/msg/Tracks.idl
-- Installing: /root/ros2_ws/src/sort_track_msg/install/sort_track_msg/share/sort_track_msg/msg/BoundingBox.msg
-- Installing: /root/ros2_ws/src/sort_track_msg/install/sort_track_msg/share/sort_track_msg/msg/Target.msg
-- Installing: /root/ros2_ws/src/sort_track_msg/install/sort_track_msg/share/sort_track_msg/msg/Targets.msg
-- Installing: /root/ros2_ws/src/sort_track_msg/install/sort_track_msg/share/sort_track_msg/msg/Tracks.msg
-- Installing: /root/ros2_ws/src/sort_track_msg/install/sort_track_msg/share/ament_index/resource_index/package_run_dependencies/sort_track_msg
-- Installing: /root/ros2_ws/src/sort_track_msg/install/sort_track_msg/share/ament_index/resource_index/parent_prefix_path/sort_track_msg
-- Installing: /root/ros2_ws/src/sort_track_msg/install/sort_track_msg/share/sort_track_msg/environment/ament_prefix_path.sh
-- Installing: /root/ros2_ws/src/sort_track_msg/install/sort_track_msg/share/sort_track_msg/environment/ament_prefix_path.dsv
-- Installing: /root/ros2_ws/src/sort_track_msg/install/sort_track_msg/share/sort_track_msg/environment/path.sh
-- Installing: /root/ros2_ws/src/sort_track_msg/install/sort_track_msg/share/sort_track_msg/environment/path.dsv
-- Installing: /root/ros2_ws/src/sort_track_msg/install/sort_track_msg/share/sort_track_msg/local_setup.bash
-- Installing: /root/ros2_ws/src/sort_track_msg/install/sort_track_msg/share/sort_track_msg/local_setup.sh
-- Installing: /root/ros2_ws/src/sort_track_msg/install/sort_track_msg/share/sort_track_msg/local_setup.zsh
-- Installing: /root/ros2_ws/src/sort_track_msg/install/sort_track_msg/share/sort_track_msg/local_setup.dsv
-- Installing: /root/ros2_ws/src/sort_track_msg/install/sort_track_msg/share/sort_track_msg/package.dsv
-- Installing: /root/ros2_ws/src/sort_track_msg/install/sort_track_msg/share/ament_index/resource_index/packages/sort_track_msg
-- Installing: /root/ros2_ws/src/sort_track_msg/install/sort_track_msg/share/sort_track_msg/cmake/sort_track_msg__rosidl_generator_cExport.cmake
-- Installing: /root/ros2_ws/src/sort_track_msg/install/sort_track_msg/share/sort_track_msg/cmake/sort_track_msg__rosidl_generator_cExport-noconfig.cmake
-- Installing: /root/ros2_ws/src/sort_track_msg/install/sort_track_msg/share/sort_track_msg/cmake/sort_track_msg__rosidl_typesupport_introspection_cExport.cmake
-- Installing: /root/ros2_ws/src/sort_track_msg/install/sort_track_msg/share/sort_track_msg/cmake/sort_track_msg__rosidl_typesupport_introspection_cExport-noconfig.cmake
-- Installing: /root/ros2_ws/src/sort_track_msg/install/sort_track_msg/share/sort_track_msg/cmake/sort_track_msg__rosidl_typesupport_cExport.cmake
-- Installing: /root/ros2_ws/src/sort_track_msg/install/sort_track_msg/share/sort_track_msg/cmake/sort_track_msg__rosidl_typesupport_cExport-noconfig.cmake
-- Installing: /root/ros2_ws/src/sort_track_msg/install/sort_track_msg/share/sort_track_msg/cmake/sort_track_msg__rosidl_generator_cppExport.cmake
-- Installing: /root/ros2_ws/src/sort_track_msg/install/sort_track_msg/share/sort_track_msg/cmake/sort_track_msg__rosidl_typesupport_introspection_cppExport.cmake
-- Installing: /root/ros2_ws/src/sort_track_msg/install/sort_track_msg/share/sort_track_msg/cmake/sort_track_msg__rosidl_typesupport_introspection_cppExport-noconfig.cmake
-- Installing: /root/ros2_ws/src/sort_track_msg/install/sort_track_msg/share/sort_track_msg/cmake/sort_track_msg__rosidl_typesupport_cppExport.cmake
-- Installing: /root/ros2_ws/src/sort_track_msg/install/sort_track_msg/share/sort_track_msg/cmake/sort_track_msg__rosidl_typesupport_cppExport-noconfig.cmake
-- Installing: /root/ros2_ws/src/sort_track_msg/install/sort_track_msg/share/sort_track_msg/cmake/rosidl_cmake-extras.cmake
-- Installing: /root/ros2_ws/src/sort_track_msg/install/sort_track_msg/share/sort_track_msg/cmake/ament_cmake_export_dependencies-extras.cmake
-- Installing: /root/ros2_ws/src/sort_track_msg/install/sort_track_msg/share/sort_track_msg/cmake/ament_cmake_export_libraries-extras.cmake
-- Installing: /root/ros2_ws/src/sort_track_msg/install/sort_track_msg/share/sort_track_msg/cmake/ament_cmake_export_targets-extras.cmake
-- Installing: /root/ros2_ws/src/sort_track_msg/install/sort_track_msg/share/sort_track_msg/cmake/ament_cmake_export_include_directories-extras.cmake
-- Installing: /root/ros2_ws/src/sort_track_msg/install/sort_track_msg/share/sort_track_msg/cmake/rosidl_cmake_export_typesupport_libraries-extras.cmake
-- Installing: /root/ros2_ws/src/sort_track_msg/install/sort_track_msg/share/sort_track_msg/cmake/rosidl_cmake_export_typesupport_targets-extras.cmake
-- Installing: /root/ros2_ws/src/sort_track_msg/install/sort_track_msg/share/sort_track_msg/cmake/sort_track_msgConfig.cmake
-- Installing: /root/ros2_ws/src/sort_track_msg/install/sort_track_msg/share/sort_track_msg/cmake/sort_track_msgConfig-version.cmake
-- Installing: /root/ros2_ws/src/sort_track_msg/install/sort_track_msg/share/sort_track_msg/package.xml
