[0.065s] Invoking command in '/root/ros2_ws/src/sort_track_msg/build/sort_track_msg': CMAKE_PREFIX_PATH=${CMAKE_PREFIX_PATH}:/root/ros2_ws/install/traffic_count:/root/ros2_ws/install/subscriber_pkg:/root/ros2_ws/install/single_stream_pkg:/root/ros2_ws/install/multi_stream_pkg:/root/ros2_ws/install/deepstream_ros2_yolo /usr/local/bin/cmake --build /root/ros2_ws/src/sort_track_msg/build/sort_track_msg -- -j8 -l8
[0.115s] -- Found ament_cmake: 0.9.9 (/opt/ros/foxy/install/share/ament_cmake/cmake)
[0.197s] -- Found PythonInterp: /usr/bin/python3 (found suitable version "3.6.9", minimum required is "3") 
[0.198s] -- Using PYTHON_EXECUTABLE: /usr/bin/python3
[0.784s] -- Found std_msgs: 2.0.4 (/opt/ros/foxy/install/share/std_msgs/cmake)
[0.829s] -- Using all available rosidl_typesupport_c: rosidl_typesupport_fastrtps_c;rosidl_typesupport_introspection_c
[0.839s] -- Found rosidl_adapter: 1.2.1 (/opt/ros/foxy/install/share/rosidl_adapter/cmake)
[1.098s] -- Using all available rosidl_typesupport_cpp: rosidl_typesupport_fastrtps_cpp;rosidl_typesupport_introspection_cpp
[1.214s] -- Found rosidl_default_generators: 1.0.1 (/opt/ros/foxy/install/share/rosidl_default_generators/cmake)
[1.327s] -- Found PythonInterp: /usr/bin/python3 (found version "3.6.9") 
[1.809s] -- Found ament_cmake_ros: 0.9.2 (/opt/ros/foxy/install/share/ament_cmake_ros/cmake)
[2.020s] -- Using all available rosidl_typesupport_c: rosidl_typesupport_fastrtps_c;rosidl_typesupport_introspection_c
[2.044s] -- Using all available rosidl_typesupport_cpp: rosidl_typesupport_fastrtps_cpp;rosidl_typesupport_introspection_cpp
[2.140s] -- Found PythonInterp: /usr/bin/python3 (found suitable version "3.6.9", minimum required is "3.5") 
[2.141s] -- Found python_cmake_module: 0.8.1 (/opt/ros/foxy/install/share/python_cmake_module/cmake)
[2.222s] -- Using PYTHON_EXECUTABLE: /usr/bin/python3
[2.222s] -- Using PYTHON_INCLUDE_DIRS: /usr/include/python3.6m
[2.223s] -- Using PYTHON_LIBRARIES: /usr/lib/aarch64-linux-gnu/libpython3.6m.so
[2.653s] -- Using numpy include directory: /usr/local/lib/python3.6/dist-packages/numpy/core/include
[2.677s] -- Found ament_lint_auto: 0.9.6 (/opt/ros/foxy/install/share/ament_lint_auto/cmake)
[2.706s] -- Added test 'copyright' to check source files copyright and LICENSE
[2.765s] -- Added test 'cppcheck' to perform static code analysis on C / C++ code
[2.769s] -- Configured cppcheck include dirs: $<BUILD_INTERFACE:/root/ros2_ws/src/sort_track_msg/build/sort_track_msg/rosidl_generator_c>;/root/ros2_ws/src/sort_track_msg/build/sort_track_msg/rosidl_generator_c;/root/ros2_ws/src/sort_track_msg/build/sort_track_msg/rosidl_generator_cpp;/root/ros2_ws/src/sort_track_msg/build/sort_track_msg/rosidl_typesupport_fastrtps_c;/root/ros2_ws/src/sort_track_msg/build/sort_track_msg/rosidl_typesupport_fastrtps_cpp;$<BUILD_INTERFACE:/root/ros2_ws/src/sort_track_msg/build/sort_track_msg/rosidl_typesupport_introspection_c>;$<BUILD_INTERFACE:/root/ros2_ws/src/sort_track_msg/build/sort_track_msg/rosidl_typesupport_c>;$<BUILD_INTERFACE:/root/ros2_ws/src/sort_track_msg/build/sort_track_msg/rosidl_generator_cpp>;/root/ros2_ws/src/sort_track_msg/build/sort_track_msg/rosidl_generator_py
[2.769s] -- Configured cppcheck exclude dirs and/or files: 
[2.823s] -- Added test 'cpplint' to check C / C++ code against the Google style
[2.824s] -- Configured cpplint exclude dirs and/or files: 
[2.831s] -- Added test 'flake8' to check Python code syntax and style conventions
[2.845s] -- Added test 'lint_cmake' to check CMake code style
[2.853s] -- Added test 'pep257' to check Python code against some of the style conventions in PEP 257
[2.905s] -- Added test 'uncrustify' to check C / C++ code style
[2.905s] -- Configured uncrustify additional arguments: 
[2.912s] -- Added test 'xmllint' to check XML markup files
[2.917s] -- Configuring done
[3.040s] -- Generating done
[3.055s] -- Build files have been written to: /root/ros2_ws/src/sort_track_msg/build/sort_track_msg
[3.090s] [  1%] [34m[1mGenerating C code for ROS interfaces[0m
[3.101s] [  3%] [34m[1mGenerating C++ code for ROS interfaces[0m
[4.270s] [  3%] Built target sort_track_msg__cpp
[4.284s] [  7%] [34m[1mGenerating C++ type support dispatch for ROS interfaces[0m
[4.285s] [  7%] [34m[1mGenerating C++ introspection for ROS interfaces[0m
[4.287s] [  9%] [34m[1mGenerating C++ type support for eProsima Fast-RTPS[0m
[4.351s] [35m[1mConsolidate compiler generated dependencies of target sort_track_msg__rosidl_generator_c[0m
[4.369s] [ 10%] [32mBuilding C object CMakeFiles/sort_track_msg__rosidl_generator_c.dir/rosidl_generator_c/sort_track_msg/msg/detail/bounding_box__functions.c.o[0m
[4.371s] [ 12%] [32mBuilding C object CMakeFiles/sort_track_msg__rosidl_generator_c.dir/rosidl_generator_c/sort_track_msg/msg/detail/tracks__functions.c.o[0m
[4.373s] [ 14%] [32mBuilding C object CMakeFiles/sort_track_msg__rosidl_generator_c.dir/rosidl_generator_c/sort_track_msg/msg/detail/target__functions.c.o[0m
[4.373s] [ 16%] [32mBuilding C object CMakeFiles/sort_track_msg__rosidl_generator_c.dir/rosidl_generator_c/sort_track_msg/msg/detail/targets__functions.c.o[0m
[4.484s] [ 18%] [32m[1mLinking C shared library libsort_track_msg__rosidl_generator_c.so[0m
[4.541s] [ 18%] Built target sort_track_msg__rosidl_generator_c
[4.552s] [ 20%] [34m[1mGenerating C type support dispatch for ROS interfaces[0m
[4.553s] [ 21%] [34m[1mGenerating C introspection for ROS interfaces[0m
[5.210s] [ 23%] [32mBuilding CXX object CMakeFiles/sort_track_msg__rosidl_typesupport_cpp.dir/rosidl_typesupport_cpp/sort_track_msg/msg/bounding_box__type_support.cpp.o[0m
[5.211s] [ 25%] [32mBuilding CXX object CMakeFiles/sort_track_msg__rosidl_typesupport_cpp.dir/rosidl_typesupport_cpp/sort_track_msg/msg/targets__type_support.cpp.o[0m
[5.213s] [ 29%] [32mBuilding CXX object CMakeFiles/sort_track_msg__rosidl_typesupport_cpp.dir/rosidl_typesupport_cpp/sort_track_msg/msg/target__type_support.cpp.o[0m
[5.213s] [ 29%] [32mBuilding CXX object CMakeFiles/sort_track_msg__rosidl_typesupport_cpp.dir/rosidl_typesupport_cpp/sort_track_msg/msg/tracks__type_support.cpp.o[0m
[5.431s] [ 30%] [32mBuilding CXX object CMakeFiles/sort_track_msg__rosidl_typesupport_introspection_cpp.dir/rosidl_typesupport_introspection_cpp/sort_track_msg/msg/detail/bounding_box__type_support.cpp.o[0m
[5.503s] [ 32%] [32mBuilding CXX object CMakeFiles/sort_track_msg__rosidl_typesupport_c.dir/rosidl_typesupport_c/sort_track_msg/msg/bounding_box__type_support.cpp.o[0m
[5.578s] [ 34%] [32mBuilding CXX object CMakeFiles/sort_track_msg__rosidl_typesupport_c.dir/rosidl_typesupport_c/sort_track_msg/msg/target__type_support.cpp.o[0m
[5.616s] [ 36%] [32mBuilding CXX object CMakeFiles/sort_track_msg__rosidl_typesupport_fastrtps_cpp.dir/rosidl_typesupport_fastrtps_cpp/sort_track_msg/msg/detail/dds_fastrtps/bounding_box__type_support.cpp.o[0m
[5.665s] [ 38%] [32mBuilding CXX object CMakeFiles/sort_track_msg__rosidl_typesupport_c.dir/rosidl_typesupport_c/sort_track_msg/msg/targets__type_support.cpp.o[0m
[5.690s] [35m[1mConsolidate compiler generated dependencies of target sort_track_msg__rosidl_typesupport_introspection_c[0m
[5.711s] [ 40%] [32mBuilding C object CMakeFiles/sort_track_msg__rosidl_typesupport_introspection_c.dir/rosidl_typesupport_introspection_c/sort_track_msg/msg/detail/bounding_box__type_support.c.o[0m
[5.759s] [ 41%] [32mBuilding CXX object CMakeFiles/sort_track_msg__rosidl_typesupport_c.dir/rosidl_typesupport_c/sort_track_msg/msg/tracks__type_support.cpp.o[0m
[5.836s] [ 43%] [32mBuilding C object CMakeFiles/sort_track_msg__rosidl_typesupport_introspection_c.dir/rosidl_typesupport_introspection_c/sort_track_msg/msg/detail/target__type_support.c.o[0m
[5.866s] [ 45%] [32m[1mLinking CXX shared library libsort_track_msg__rosidl_typesupport_c.so[0m
[5.923s] [ 47%] [32mBuilding C object CMakeFiles/sort_track_msg__rosidl_typesupport_introspection_c.dir/rosidl_typesupport_introspection_c/sort_track_msg/msg/detail/targets__type_support.c.o[0m
[5.925s] [ 49%] [32mBuilding CXX object CMakeFiles/sort_track_msg__rosidl_typesupport_fastrtps_cpp.dir/rosidl_typesupport_fastrtps_cpp/sort_track_msg/msg/detail/dds_fastrtps/target__type_support.cpp.o[0m
[5.967s] [ 49%] Built target sort_track_msg__rosidl_typesupport_c
[5.972s] [ 50%] [32mBuilding CXX object CMakeFiles/sort_track_msg__rosidl_typesupport_fastrtps_cpp.dir/rosidl_typesupport_fastrtps_cpp/sort_track_msg/msg/detail/dds_fastrtps/targets__type_support.cpp.o[0m
[5.973s] [ 52%] [32mBuilding CXX object CMakeFiles/sort_track_msg__rosidl_typesupport_fastrtps_cpp.dir/rosidl_typesupport_fastrtps_cpp/sort_track_msg/msg/detail/dds_fastrtps/tracks__type_support.cpp.o[0m
[5.979s] [ 54%] [32mBuilding C object CMakeFiles/sort_track_msg__rosidl_typesupport_introspection_c.dir/rosidl_typesupport_introspection_c/sort_track_msg/msg/detail/tracks__type_support.c.o[0m
[5.994s] [ 56%] [32m[1mLinking CXX shared library libsort_track_msg__rosidl_typesupport_cpp.so[0m
[6.054s] [ 58%] [32mBuilding CXX object CMakeFiles/sort_track_msg__rosidl_typesupport_introspection_cpp.dir/rosidl_typesupport_introspection_cpp/sort_track_msg/msg/detail/target__type_support.cpp.o[0m
[6.087s] [ 60%] [32m[1mLinking C shared library libsort_track_msg__rosidl_typesupport_introspection_c.so[0m
[6.122s] [ 60%] Built target sort_track_msg__rosidl_typesupport_cpp
[6.130s] [ 61%] [32mBuilding CXX object CMakeFiles/sort_track_msg__rosidl_typesupport_introspection_cpp.dir/rosidl_typesupport_introspection_cpp/sort_track_msg/msg/detail/targets__type_support.cpp.o[0m
[6.135s] [ 61%] Built target sort_track_msg__rosidl_typesupport_introspection_c
[6.142s] [ 63%] [32mBuilding CXX object CMakeFiles/sort_track_msg__rosidl_typesupport_introspection_cpp.dir/rosidl_typesupport_introspection_cpp/sort_track_msg/msg/detail/tracks__type_support.cpp.o[0m
[6.990s] [ 65%] [32m[1mLinking CXX shared library libsort_track_msg__rosidl_typesupport_introspection_cpp.so[0m
[7.126s] [ 65%] Built target sort_track_msg__rosidl_typesupport_introspection_cpp
[7.267s] [ 67%] [32m[1mLinking CXX shared library libsort_track_msg__rosidl_typesupport_fastrtps_cpp.so[0m
[7.433s] [ 67%] Built target sort_track_msg__rosidl_typesupport_fastrtps_cpp
[7.446s] [ 69%] [34m[1mGenerating C type support for eProsima Fast-RTPS[0m
[8.662s] [ 70%] [32mBuilding CXX object CMakeFiles/sort_track_msg__rosidl_typesupport_fastrtps_c.dir/rosidl_typesupport_fastrtps_c/sort_track_msg/msg/detail/bounding_box__type_support_c.cpp.o[0m
[8.666s] [ 72%] [32mBuilding CXX object CMakeFiles/sort_track_msg__rosidl_typesupport_fastrtps_c.dir/rosidl_typesupport_fastrtps_c/sort_track_msg/msg/detail/target__type_support_c.cpp.o[0m
[8.668s] [ 74%] [32mBuilding CXX object CMakeFiles/sort_track_msg__rosidl_typesupport_fastrtps_c.dir/rosidl_typesupport_fastrtps_c/sort_track_msg/msg/detail/targets__type_support_c.cpp.o[0m
[8.669s] [ 76%] [32mBuilding CXX object CMakeFiles/sort_track_msg__rosidl_typesupport_fastrtps_c.dir/rosidl_typesupport_fastrtps_c/sort_track_msg/msg/detail/tracks__type_support_c.cpp.o[0m
[9.641s] [ 78%] [32m[1mLinking CXX shared library libsort_track_msg__rosidl_typesupport_fastrtps_c.so[0m
[9.803s] [ 78%] Built target sort_track_msg__rosidl_typesupport_fastrtps_c
[9.821s] [ 78%] Built target sort_track_msg
[9.841s] [ 80%] [34m[1mGenerating Python code for ROS interfaces[0m
[11.997s] [ 80%] Built target sort_track_msg__py
[12.024s] [ 81%] [32mBuilding C object CMakeFiles/sort_track_msg__python.dir/rosidl_generator_py/sort_track_msg/msg/_target_s.c.o[0m
[12.024s] [ 83%] [32mBuilding C object CMakeFiles/sort_track_msg__python.dir/rosidl_generator_py/sort_track_msg/msg/_bounding_box_s.c.o[0m
[12.025s] [ 87%] [32mBuilding C object CMakeFiles/sort_track_msg__python.dir/rosidl_generator_py/sort_track_msg/msg/_targets_s.c.o[0m
[12.025s] [ 87%] [32mBuilding C object CMakeFiles/sort_track_msg__python.dir/rosidl_generator_py/sort_track_msg/msg/_tracks_s.c.o[0m
[12.330s] [ 89%] [32m[1mLinking C shared library rosidl_generator_py/sort_track_msg/libsort_track_msg__python.so[0m
[12.394s] [ 89%] Built target sort_track_msg__python
[12.415s] [ 94%] [32mBuilding C object CMakeFiles/sort_track_msg__rosidl_typesupport_c__pyext.dir/rosidl_generator_py/sort_track_msg/_sort_track_msg_s.ep.rosidl_typesupport_c.c.o[0m
[12.416s] [ 94%] [32mBuilding C object CMakeFiles/sort_track_msg__rosidl_typesupport_fastrtps_c__pyext.dir/rosidl_generator_py/sort_track_msg/_sort_track_msg_s.ep.rosidl_typesupport_fastrtps_c.c.o[0m
[12.416s] [ 94%] [32mBuilding C object CMakeFiles/sort_track_msg__rosidl_typesupport_introspection_c__pyext.dir/rosidl_generator_py/sort_track_msg/_sort_track_msg_s.ep.rosidl_typesupport_introspection_c.c.o[0m
[12.673s] [ 96%] [32m[1mLinking C shared library rosidl_generator_py/sort_track_msg/sort_track_msg_s__rosidl_typesupport_introspection_c.cpython-36m-aarch64-linux-gnu.so[0m
[12.674s] [ 98%] [32m[1mLinking C shared library rosidl_generator_py/sort_track_msg/sort_track_msg_s__rosidl_typesupport_c.cpython-36m-aarch64-linux-gnu.so[0m
[12.679s] [100%] [32m[1mLinking CXX shared library rosidl_generator_py/sort_track_msg/sort_track_msg_s__rosidl_typesupport_fastrtps_c.cpython-36m-aarch64-linux-gnu.so[0m
[12.727s] [100%] Built target sort_track_msg__rosidl_typesupport_c__pyext
[12.729s] [100%] Built target sort_track_msg__rosidl_typesupport_introspection_c__pyext
[12.797s] [100%] Built target sort_track_msg__rosidl_typesupport_fastrtps_c__pyext
[12.811s] Invoked command in '/root/ros2_ws/src/sort_track_msg/build/sort_track_msg' returned '0': CMAKE_PREFIX_PATH=${CMAKE_PREFIX_PATH}:/root/ros2_ws/install/traffic_count:/root/ros2_ws/install/subscriber_pkg:/root/ros2_ws/install/single_stream_pkg:/root/ros2_ws/install/multi_stream_pkg:/root/ros2_ws/install/deepstream_ros2_yolo /usr/local/bin/cmake --build /root/ros2_ws/src/sort_track_msg/build/sort_track_msg -- -j8 -l8
[13.128s] Invoking command in '/root/ros2_ws/src/sort_track_msg/build/sort_track_msg': CMAKE_PREFIX_PATH=${CMAKE_PREFIX_PATH}:/root/ros2_ws/install/traffic_count:/root/ros2_ws/install/subscriber_pkg:/root/ros2_ws/install/single_stream_pkg:/root/ros2_ws/install/multi_stream_pkg:/root/ros2_ws/install/deepstream_ros2_yolo /usr/local/bin/cmake --install /root/ros2_ws/src/sort_track_msg/build/sort_track_msg
[13.139s] -- Install configuration: ""
[13.140s] -- Installing: /root/ros2_ws/src/sort_track_msg/install/sort_track_msg/share/ament_index/resource_index/rosidl_interfaces/sort_track_msg
[13.140s] -- Installing: /root/ros2_ws/src/sort_track_msg/install/sort_track_msg/include/sort_track_msg
[13.141s] -- Installing: /root/ros2_ws/src/sort_track_msg/install/sort_track_msg/include/sort_track_msg/msg
[13.141s] -- Installing: /root/ros2_ws/src/sort_track_msg/install/sort_track_msg/include/sort_track_msg/msg/targets.h
[13.142s] -- Installing: /root/ros2_ws/src/sort_track_msg/install/sort_track_msg/include/sort_track_msg/msg/tracks.h
[13.142s] -- Installing: /root/ros2_ws/src/sort_track_msg/install/sort_track_msg/include/sort_track_msg/msg/target.h
[13.143s] -- Installing: /root/ros2_ws/src/sort_track_msg/install/sort_track_msg/include/sort_track_msg/msg/rosidl_generator_c__visibility_control.h
[13.144s] -- Installing: /root/ros2_ws/src/sort_track_msg/install/sort_track_msg/include/sort_track_msg/msg/detail
[13.145s] -- Installing: /root/ros2_ws/src/sort_track_msg/install/sort_track_msg/include/sort_track_msg/msg/detail/targets__type_support.h
[13.145s] -- Installing: /root/ros2_ws/src/sort_track_msg/install/sort_track_msg/include/sort_track_msg/msg/detail/targets__functions.c
[13.145s] -- Installing: /root/ros2_ws/src/sort_track_msg/install/sort_track_msg/include/sort_track_msg/msg/detail/target__functions.c
[13.146s] -- Installing: /root/ros2_ws/src/sort_track_msg/install/sort_track_msg/include/sort_track_msg/msg/detail/bounding_box__functions.h
[13.146s] -- Installing: /root/ros2_ws/src/sort_track_msg/install/sort_track_msg/include/sort_track_msg/msg/detail/tracks__type_support.h
[13.146s] -- Installing: /root/ros2_ws/src/sort_track_msg/install/sort_track_msg/include/sort_track_msg/msg/detail/tracks__functions.h
[13.147s] -- Installing: /root/ros2_ws/src/sort_track_msg/install/sort_track_msg/include/sort_track_msg/msg/detail/target__struct.h
[13.147s] -- Installing: /root/ros2_ws/src/sort_track_msg/install/sort_track_msg/include/sort_track_msg/msg/detail/bounding_box__functions.c
[13.148s] -- Installing: /root/ros2_ws/src/sort_track_msg/install/sort_track_msg/include/sort_track_msg/msg/detail/tracks__struct.h
[13.148s] -- Installing: /root/ros2_ws/src/sort_track_msg/install/sort_track_msg/include/sort_track_msg/msg/detail/target__functions.h
[13.149s] -- Installing: /root/ros2_ws/src/sort_track_msg/install/sort_track_msg/include/sort_track_msg/msg/detail/target__type_support.h
[13.149s] -- Installing: /root/ros2_ws/src/sort_track_msg/install/sort_track_msg/include/sort_track_msg/msg/detail/targets__functions.h
[13.150s] -- Installing: /root/ros2_ws/src/sort_track_msg/install/sort_track_msg/include/sort_track_msg/msg/detail/targets__struct.h
[13.150s] -- Installing: /root/ros2_ws/src/sort_track_msg/install/sort_track_msg/include/sort_track_msg/msg/detail/bounding_box__struct.h
[13.150s] -- Installing: /root/ros2_ws/src/sort_track_msg/install/sort_track_msg/include/sort_track_msg/msg/detail/bounding_box__type_support.h
[13.151s] -- Installing: /root/ros2_ws/src/sort_track_msg/install/sort_track_msg/include/sort_track_msg/msg/detail/tracks__functions.c
[13.152s] -- Installing: /root/ros2_ws/src/sort_track_msg/install/sort_track_msg/include/sort_track_msg/msg/bounding_box.h
[13.152s] -- Installing: /root/ros2_ws/src/sort_track_msg/install/sort_track_msg/share/sort_track_msg/environment/library_path.sh
[13.153s] -- Installing: /root/ros2_ws/src/sort_track_msg/install/sort_track_msg/share/sort_track_msg/environment/library_path.dsv
[13.153s] -- Installing: /root/ros2_ws/src/sort_track_msg/install/sort_track_msg/lib/libsort_track_msg__rosidl_generator_c.so
[13.154s] -- Set runtime path of "/root/ros2_ws/src/sort_track_msg/install/sort_track_msg/lib/libsort_track_msg__rosidl_generator_c.so" to ""
[13.154s] -- Up-to-date: /root/ros2_ws/src/sort_track_msg/install/sort_track_msg/include/sort_track_msg
[13.154s] -- Up-to-date: /root/ros2_ws/src/sort_track_msg/install/sort_track_msg/include/sort_track_msg/msg
[13.155s] -- Installing: /root/ros2_ws/src/sort_track_msg/install/sort_track_msg/include/sort_track_msg/msg/rosidl_typesupport_fastrtps_c__visibility_control.h
[13.156s] -- Up-to-date: /root/ros2_ws/src/sort_track_msg/install/sort_track_msg/include/sort_track_msg/msg/detail
[13.156s] -- Installing: /root/ros2_ws/src/sort_track_msg/install/sort_track_msg/include/sort_track_msg/msg/detail/tracks__rosidl_typesupport_fastrtps_c.h
[13.157s] -- Installing: /root/ros2_ws/src/sort_track_msg/install/sort_track_msg/include/sort_track_msg/msg/detail/target__rosidl_typesupport_fastrtps_c.h
[13.157s] -- Installing: /root/ros2_ws/src/sort_track_msg/install/sort_track_msg/include/sort_track_msg/msg/detail/bounding_box__rosidl_typesupport_fastrtps_c.h
[13.157s] -- Installing: /root/ros2_ws/src/sort_track_msg/install/sort_track_msg/include/sort_track_msg/msg/detail/targets__rosidl_typesupport_fastrtps_c.h
[13.158s] -- Installing: /root/ros2_ws/src/sort_track_msg/install/sort_track_msg/lib/libsort_track_msg__rosidl_typesupport_fastrtps_c.so
[13.158s] -- Set runtime path of "/root/ros2_ws/src/sort_track_msg/install/sort_track_msg/lib/libsort_track_msg__rosidl_typesupport_fastrtps_c.so" to ""
[13.159s] -- Up-to-date: /root/ros2_ws/src/sort_track_msg/install/sort_track_msg/include/sort_track_msg
[13.159s] -- Up-to-date: /root/ros2_ws/src/sort_track_msg/install/sort_track_msg/include/sort_track_msg/msg
[13.159s] -- Installing: /root/ros2_ws/src/sort_track_msg/install/sort_track_msg/include/sort_track_msg/msg/rosidl_typesupport_fastrtps_cpp__visibility_control.h
[13.160s] -- Up-to-date: /root/ros2_ws/src/sort_track_msg/install/sort_track_msg/include/sort_track_msg/msg/detail
[13.160s] -- Installing: /root/ros2_ws/src/sort_track_msg/install/sort_track_msg/include/sort_track_msg/msg/detail/bounding_box__rosidl_typesupport_fastrtps_cpp.hpp
[13.161s] -- Installing: /root/ros2_ws/src/sort_track_msg/install/sort_track_msg/include/sort_track_msg/msg/detail/dds_fastrtps
[13.161s] -- Installing: /root/ros2_ws/src/sort_track_msg/install/sort_track_msg/include/sort_track_msg/msg/detail/target__rosidl_typesupport_fastrtps_cpp.hpp
[13.162s] -- Installing: /root/ros2_ws/src/sort_track_msg/install/sort_track_msg/include/sort_track_msg/msg/detail/tracks__rosidl_typesupport_fastrtps_cpp.hpp
[13.162s] -- Installing: /root/ros2_ws/src/sort_track_msg/install/sort_track_msg/include/sort_track_msg/msg/detail/targets__rosidl_typesupport_fastrtps_cpp.hpp
[13.162s] -- Installing: /root/ros2_ws/src/sort_track_msg/install/sort_track_msg/lib/libsort_track_msg__rosidl_typesupport_fastrtps_cpp.so
[13.163s] -- Set runtime path of "/root/ros2_ws/src/sort_track_msg/install/sort_track_msg/lib/libsort_track_msg__rosidl_typesupport_fastrtps_cpp.so" to ""
[13.163s] -- Up-to-date: /root/ros2_ws/src/sort_track_msg/install/sort_track_msg/include/sort_track_msg
[13.164s] -- Up-to-date: /root/ros2_ws/src/sort_track_msg/install/sort_track_msg/include/sort_track_msg/msg
[13.164s] -- Installing: /root/ros2_ws/src/sort_track_msg/install/sort_track_msg/include/sort_track_msg/msg/rosidl_typesupport_introspection_c__visibility_control.h
[13.164s] -- Up-to-date: /root/ros2_ws/src/sort_track_msg/install/sort_track_msg/include/sort_track_msg/msg/detail
[13.165s] -- Installing: /root/ros2_ws/src/sort_track_msg/install/sort_track_msg/include/sort_track_msg/msg/detail/target__rosidl_typesupport_introspection_c.h
[13.165s] -- Installing: /root/ros2_ws/src/sort_track_msg/install/sort_track_msg/include/sort_track_msg/msg/detail/tracks__rosidl_typesupport_introspection_c.h
[13.166s] -- Installing: /root/ros2_ws/src/sort_track_msg/install/sort_track_msg/include/sort_track_msg/msg/detail/bounding_box__rosidl_typesupport_introspection_c.h
[13.166s] -- Installing: /root/ros2_ws/src/sort_track_msg/install/sort_track_msg/include/sort_track_msg/msg/detail/tracks__type_support.c
[13.166s] -- Installing: /root/ros2_ws/src/sort_track_msg/install/sort_track_msg/include/sort_track_msg/msg/detail/targets__type_support.c
[13.167s] -- Installing: /root/ros2_ws/src/sort_track_msg/install/sort_track_msg/include/sort_track_msg/msg/detail/bounding_box__type_support.c
[13.167s] -- Installing: /root/ros2_ws/src/sort_track_msg/install/sort_track_msg/include/sort_track_msg/msg/detail/target__type_support.c
[13.167s] -- Installing: /root/ros2_ws/src/sort_track_msg/install/sort_track_msg/include/sort_track_msg/msg/detail/targets__rosidl_typesupport_introspection_c.h
[13.168s] -- Installing: /root/ros2_ws/src/sort_track_msg/install/sort_track_msg/lib/libsort_track_msg__rosidl_typesupport_introspection_c.so
[13.168s] -- Set runtime path of "/root/ros2_ws/src/sort_track_msg/install/sort_track_msg/lib/libsort_track_msg__rosidl_typesupport_introspection_c.so" to ""
[13.168s] -- Installing: /root/ros2_ws/src/sort_track_msg/install/sort_track_msg/lib/libsort_track_msg__rosidl_typesupport_c.so
[13.168s] -- Set runtime path of "/root/ros2_ws/src/sort_track_msg/install/sort_track_msg/lib/libsort_track_msg__rosidl_typesupport_c.so" to ""
[13.169s] -- Up-to-date: /root/ros2_ws/src/sort_track_msg/install/sort_track_msg/include/sort_track_msg
[13.169s] -- Up-to-date: /root/ros2_ws/src/sort_track_msg/install/sort_track_msg/include/sort_track_msg/msg
[13.169s] -- Installing: /root/ros2_ws/src/sort_track_msg/install/sort_track_msg/include/sort_track_msg/msg/targets.hpp
[13.170s] -- Installing: /root/ros2_ws/src/sort_track_msg/install/sort_track_msg/include/sort_track_msg/msg/tracks.hpp
[13.170s] -- Installing: /root/ros2_ws/src/sort_track_msg/install/sort_track_msg/include/sort_track_msg/msg/bounding_box.hpp
[13.170s] -- Installing: /root/ros2_ws/src/sort_track_msg/install/sort_track_msg/include/sort_track_msg/msg/target.hpp
[13.171s] -- Up-to-date: /root/ros2_ws/src/sort_track_msg/install/sort_track_msg/include/sort_track_msg/msg/detail
[13.171s] -- Installing: /root/ros2_ws/src/sort_track_msg/install/sort_track_msg/include/sort_track_msg/msg/detail/bounding_box__traits.hpp
[13.171s] -- Installing: /root/ros2_ws/src/sort_track_msg/install/sort_track_msg/include/sort_track_msg/msg/detail/tracks__struct.hpp
[13.172s] -- Installing: /root/ros2_ws/src/sort_track_msg/install/sort_track_msg/include/sort_track_msg/msg/detail/bounding_box__builder.hpp
[13.172s] -- Installing: /root/ros2_ws/src/sort_track_msg/install/sort_track_msg/include/sort_track_msg/msg/detail/target__traits.hpp
[13.172s] -- Installing: /root/ros2_ws/src/sort_track_msg/install/sort_track_msg/include/sort_track_msg/msg/detail/targets__builder.hpp
[13.173s] -- Installing: /root/ros2_ws/src/sort_track_msg/install/sort_track_msg/include/sort_track_msg/msg/detail/target__builder.hpp
[13.173s] -- Installing: /root/ros2_ws/src/sort_track_msg/install/sort_track_msg/include/sort_track_msg/msg/detail/target__struct.hpp
[13.173s] -- Installing: /root/ros2_ws/src/sort_track_msg/install/sort_track_msg/include/sort_track_msg/msg/detail/tracks__builder.hpp
[13.173s] -- Installing: /root/ros2_ws/src/sort_track_msg/install/sort_track_msg/include/sort_track_msg/msg/detail/targets__struct.hpp
[13.174s] -- Installing: /root/ros2_ws/src/sort_track_msg/install/sort_track_msg/include/sort_track_msg/msg/detail/tracks__traits.hpp
[13.174s] -- Installing: /root/ros2_ws/src/sort_track_msg/install/sort_track_msg/include/sort_track_msg/msg/detail/targets__traits.hpp
[13.174s] -- Installing: /root/ros2_ws/src/sort_track_msg/install/sort_track_msg/include/sort_track_msg/msg/detail/bounding_box__struct.hpp
[13.174s] -- Up-to-date: /root/ros2_ws/src/sort_track_msg/install/sort_track_msg/include/sort_track_msg
[13.175s] -- Up-to-date: /root/ros2_ws/src/sort_track_msg/install/sort_track_msg/include/sort_track_msg/msg
[13.175s] -- Up-to-date: /root/ros2_ws/src/sort_track_msg/install/sort_track_msg/include/sort_track_msg/msg/detail
[13.175s] -- Installing: /root/ros2_ws/src/sort_track_msg/install/sort_track_msg/include/sort_track_msg/msg/detail/targets__type_support.cpp
[13.175s] -- Installing: /root/ros2_ws/src/sort_track_msg/install/sort_track_msg/include/sort_track_msg/msg/detail/target__type_support.cpp
[13.176s] -- Installing: /root/ros2_ws/src/sort_track_msg/install/sort_track_msg/include/sort_track_msg/msg/detail/bounding_box__type_support.cpp
[13.176s] -- Installing: /root/ros2_ws/src/sort_track_msg/install/sort_track_msg/include/sort_track_msg/msg/detail/tracks__rosidl_typesupport_introspection_cpp.hpp
[13.176s] -- Installing: /root/ros2_ws/src/sort_track_msg/install/sort_track_msg/include/sort_track_msg/msg/detail/bounding_box__rosidl_typesupport_introspection_cpp.hpp
[13.176s] -- Installing: /root/ros2_ws/src/sort_track_msg/install/sort_track_msg/include/sort_track_msg/msg/detail/target__rosidl_typesupport_introspection_cpp.hpp
[13.177s] -- Installing: /root/ros2_ws/src/sort_track_msg/install/sort_track_msg/include/sort_track_msg/msg/detail/tracks__type_support.cpp
[13.177s] -- Installing: /root/ros2_ws/src/sort_track_msg/install/sort_track_msg/include/sort_track_msg/msg/detail/targets__rosidl_typesupport_introspection_cpp.hpp
[13.177s] -- Installing: /root/ros2_ws/src/sort_track_msg/install/sort_track_msg/lib/libsort_track_msg__rosidl_typesupport_introspection_cpp.so
[13.177s] -- Set runtime path of "/root/ros2_ws/src/sort_track_msg/install/sort_track_msg/lib/libsort_track_msg__rosidl_typesupport_introspection_cpp.so" to ""
[13.178s] -- Installing: /root/ros2_ws/src/sort_track_msg/install/sort_track_msg/lib/libsort_track_msg__rosidl_typesupport_cpp.so
[13.178s] -- Set runtime path of "/root/ros2_ws/src/sort_track_msg/install/sort_track_msg/lib/libsort_track_msg__rosidl_typesupport_cpp.so" to ""
[13.178s] -- Installing: /root/ros2_ws/src/sort_track_msg/install/sort_track_msg/share/sort_track_msg/environment/pythonpath.sh
[13.178s] -- Installing: /root/ros2_ws/src/sort_track_msg/install/sort_track_msg/share/sort_track_msg/environment/pythonpath.dsv
[13.179s] -- Installing: /root/ros2_ws/src/sort_track_msg/install/sort_track_msg/lib/python3.6/site-packages/sort_track_msg/__init__.py
[13.278s] Compiling '/root/ros2_ws/src/sort_track_msg/install/sort_track_msg/lib/python3.6/site-packages/sort_track_msg/__init__.py'...
[13.291s] -- Installing: /root/ros2_ws/src/sort_track_msg/install/sort_track_msg/lib/python3.6/site-packages/sort_track_msg/msg
[13.291s] -- Installing: /root/ros2_ws/src/sort_track_msg/install/sort_track_msg/lib/python3.6/site-packages/sort_track_msg/msg/_tracks.py
[13.292s] -- Installing: /root/ros2_ws/src/sort_track_msg/install/sort_track_msg/lib/python3.6/site-packages/sort_track_msg/msg/_tracks_s.c
[13.292s] -- Installing: /root/ros2_ws/src/sort_track_msg/install/sort_track_msg/lib/python3.6/site-packages/sort_track_msg/msg/_bounding_box.py
[13.292s] -- Installing: /root/ros2_ws/src/sort_track_msg/install/sort_track_msg/lib/python3.6/site-packages/sort_track_msg/msg/_target_s.c
[13.293s] -- Installing: /root/ros2_ws/src/sort_track_msg/install/sort_track_msg/lib/python3.6/site-packages/sort_track_msg/msg/_targets_s.c
[13.293s] -- Installing: /root/ros2_ws/src/sort_track_msg/install/sort_track_msg/lib/python3.6/site-packages/sort_track_msg/msg/_target.py
[13.293s] -- Installing: /root/ros2_ws/src/sort_track_msg/install/sort_track_msg/lib/python3.6/site-packages/sort_track_msg/msg/_bounding_box_s.c
[13.293s] -- Installing: /root/ros2_ws/src/sort_track_msg/install/sort_track_msg/lib/python3.6/site-packages/sort_track_msg/msg/_targets.py
[13.295s] -- Installing: /root/ros2_ws/src/sort_track_msg/install/sort_track_msg/lib/python3.6/site-packages/sort_track_msg/msg/__init__.py
[13.296s] -- Installing: /root/ros2_ws/src/sort_track_msg/install/sort_track_msg/lib/python3.6/site-packages/sort_track_msg/sort_track_msg_s__rosidl_typesupport_fastrtps_c.cpython-36m-aarch64-linux-gnu.so
[13.296s] -- Set runtime path of "/root/ros2_ws/src/sort_track_msg/install/sort_track_msg/lib/python3.6/site-packages/sort_track_msg/sort_track_msg_s__rosidl_typesupport_fastrtps_c.cpython-36m-aarch64-linux-gnu.so" to ""
[13.296s] -- Installing: /root/ros2_ws/src/sort_track_msg/install/sort_track_msg/lib/python3.6/site-packages/sort_track_msg/sort_track_msg_s__rosidl_typesupport_introspection_c.cpython-36m-aarch64-linux-gnu.so
[13.297s] -- Set runtime path of "/root/ros2_ws/src/sort_track_msg/install/sort_track_msg/lib/python3.6/site-packages/sort_track_msg/sort_track_msg_s__rosidl_typesupport_introspection_c.cpython-36m-aarch64-linux-gnu.so" to ""
[13.298s] -- Installing: /root/ros2_ws/src/sort_track_msg/install/sort_track_msg/lib/python3.6/site-packages/sort_track_msg/sort_track_msg_s__rosidl_typesupport_c.cpython-36m-aarch64-linux-gnu.so
[13.298s] -- Set runtime path of "/root/ros2_ws/src/sort_track_msg/install/sort_track_msg/lib/python3.6/site-packages/sort_track_msg/sort_track_msg_s__rosidl_typesupport_c.cpython-36m-aarch64-linux-gnu.so" to ""
[13.299s] -- Installing: /root/ros2_ws/src/sort_track_msg/install/sort_track_msg/lib/libsort_track_msg__python.so
[13.301s] -- Set runtime path of "/root/ros2_ws/src/sort_track_msg/install/sort_track_msg/lib/libsort_track_msg__python.so" to ""
[13.301s] -- Installing: /root/ros2_ws/src/sort_track_msg/install/sort_track_msg/share/sort_track_msg/msg/BoundingBox.idl
[13.302s] -- Installing: /root/ros2_ws/src/sort_track_msg/install/sort_track_msg/share/sort_track_msg/msg/Target.idl
[13.302s] -- Installing: /root/ros2_ws/src/sort_track_msg/install/sort_track_msg/share/sort_track_msg/msg/Targets.idl
[13.302s] -- Installing: /root/ros2_ws/src/sort_track_msg/install/sort_track_msg/share/sort_track_msg/msg/Tracks.idl
[13.303s] -- Installing: /root/ros2_ws/src/sort_track_msg/install/sort_track_msg/share/sort_track_msg/msg/BoundingBox.msg
[13.303s] -- Installing: /root/ros2_ws/src/sort_track_msg/install/sort_track_msg/share/sort_track_msg/msg/Target.msg
[13.304s] -- Installing: /root/ros2_ws/src/sort_track_msg/install/sort_track_msg/share/sort_track_msg/msg/Targets.msg
[13.305s] -- Installing: /root/ros2_ws/src/sort_track_msg/install/sort_track_msg/share/sort_track_msg/msg/Tracks.msg
[13.305s] -- Installing: /root/ros2_ws/src/sort_track_msg/install/sort_track_msg/share/ament_index/resource_index/package_run_dependencies/sort_track_msg
[13.305s] -- Installing: /root/ros2_ws/src/sort_track_msg/install/sort_track_msg/share/ament_index/resource_index/parent_prefix_path/sort_track_msg
[13.306s] -- Installing: /root/ros2_ws/src/sort_track_msg/install/sort_track_msg/share/sort_track_msg/environment/ament_prefix_path.sh
[13.306s] -- Installing: /root/ros2_ws/src/sort_track_msg/install/sort_track_msg/share/sort_track_msg/environment/ament_prefix_path.dsv
[13.306s] -- Installing: /root/ros2_ws/src/sort_track_msg/install/sort_track_msg/share/sort_track_msg/environment/path.sh
[13.307s] -- Installing: /root/ros2_ws/src/sort_track_msg/install/sort_track_msg/share/sort_track_msg/environment/path.dsv
[13.307s] -- Installing: /root/ros2_ws/src/sort_track_msg/install/sort_track_msg/share/sort_track_msg/local_setup.bash
[13.307s] -- Installing: /root/ros2_ws/src/sort_track_msg/install/sort_track_msg/share/sort_track_msg/local_setup.sh
[13.308s] -- Installing: /root/ros2_ws/src/sort_track_msg/install/sort_track_msg/share/sort_track_msg/local_setup.zsh
[13.308s] -- Installing: /root/ros2_ws/src/sort_track_msg/install/sort_track_msg/share/sort_track_msg/local_setup.dsv
[13.308s] -- Installing: /root/ros2_ws/src/sort_track_msg/install/sort_track_msg/share/sort_track_msg/package.dsv
[13.309s] -- Installing: /root/ros2_ws/src/sort_track_msg/install/sort_track_msg/share/ament_index/resource_index/packages/sort_track_msg
[13.309s] -- Installing: /root/ros2_ws/src/sort_track_msg/install/sort_track_msg/share/sort_track_msg/cmake/sort_track_msg__rosidl_generator_cExport.cmake
[13.309s] -- Installing: /root/ros2_ws/src/sort_track_msg/install/sort_track_msg/share/sort_track_msg/cmake/sort_track_msg__rosidl_generator_cExport-noconfig.cmake
[13.310s] -- Installing: /root/ros2_ws/src/sort_track_msg/install/sort_track_msg/share/sort_track_msg/cmake/sort_track_msg__rosidl_typesupport_introspection_cExport.cmake
[13.310s] -- Installing: /root/ros2_ws/src/sort_track_msg/install/sort_track_msg/share/sort_track_msg/cmake/sort_track_msg__rosidl_typesupport_introspection_cExport-noconfig.cmake
[13.310s] -- Installing: /root/ros2_ws/src/sort_track_msg/install/sort_track_msg/share/sort_track_msg/cmake/sort_track_msg__rosidl_typesupport_cExport.cmake
[13.311s] -- Installing: /root/ros2_ws/src/sort_track_msg/install/sort_track_msg/share/sort_track_msg/cmake/sort_track_msg__rosidl_typesupport_cExport-noconfig.cmake
[13.311s] -- Installing: /root/ros2_ws/src/sort_track_msg/install/sort_track_msg/share/sort_track_msg/cmake/sort_track_msg__rosidl_generator_cppExport.cmake
[13.311s] -- Installing: /root/ros2_ws/src/sort_track_msg/install/sort_track_msg/share/sort_track_msg/cmake/sort_track_msg__rosidl_typesupport_introspection_cppExport.cmake
[13.312s] -- Installing: /root/ros2_ws/src/sort_track_msg/install/sort_track_msg/share/sort_track_msg/cmake/sort_track_msg__rosidl_typesupport_introspection_cppExport-noconfig.cmake
[13.312s] -- Installing: /root/ros2_ws/src/sort_track_msg/install/sort_track_msg/share/sort_track_msg/cmake/sort_track_msg__rosidl_typesupport_cppExport.cmake
[13.313s] -- Installing: /root/ros2_ws/src/sort_track_msg/install/sort_track_msg/share/sort_track_msg/cmake/sort_track_msg__rosidl_typesupport_cppExport-noconfig.cmake
[13.313s] -- Installing: /root/ros2_ws/src/sort_track_msg/install/sort_track_msg/share/sort_track_msg/cmake/rosidl_cmake-extras.cmake
[13.313s] -- Installing: /root/ros2_ws/src/sort_track_msg/install/sort_track_msg/share/sort_track_msg/cmake/ament_cmake_export_dependencies-extras.cmake
[13.314s] -- Installing: /root/ros2_ws/src/sort_track_msg/install/sort_track_msg/share/sort_track_msg/cmake/ament_cmake_export_libraries-extras.cmake
[13.314s] -- Installing: /root/ros2_ws/src/sort_track_msg/install/sort_track_msg/share/sort_track_msg/cmake/ament_cmake_export_targets-extras.cmake
[13.314s] -- Installing: /root/ros2_ws/src/sort_track_msg/install/sort_track_msg/share/sort_track_msg/cmake/ament_cmake_export_include_directories-extras.cmake
[13.315s] -- Installing: /root/ros2_ws/src/sort_track_msg/install/sort_track_msg/share/sort_track_msg/cmake/rosidl_cmake_export_typesupport_libraries-extras.cmake
[13.315s] -- Installing: /root/ros2_ws/src/sort_track_msg/install/sort_track_msg/share/sort_track_msg/cmake/rosidl_cmake_export_typesupport_targets-extras.cmake
[13.316s] -- Installing: /root/ros2_ws/src/sort_track_msg/install/sort_track_msg/share/sort_track_msg/cmake/sort_track_msgConfig.cmake
[13.316s] -- Installing: /root/ros2_ws/src/sort_track_msg/install/sort_track_msg/share/sort_track_msg/cmake/sort_track_msgConfig-version.cmake
[13.316s] -- Installing: /root/ros2_ws/src/sort_track_msg/install/sort_track_msg/share/sort_track_msg/package.xml
[13.324s] Invoked command in '/root/ros2_ws/src/sort_track_msg/build/sort_track_msg' returned '0': CMAKE_PREFIX_PATH=${CMAKE_PREFIX_PATH}:/root/ros2_ws/install/traffic_count:/root/ros2_ws/install/subscriber_pkg:/root/ros2_ws/install/single_stream_pkg:/root/ros2_ws/install/multi_stream_pkg:/root/ros2_ws/install/deepstream_ros2_yolo /usr/local/bin/cmake --install /root/ros2_ws/src/sort_track_msg/build/sort_track_msg
