In file included from [01m[K/root/ros2_ws/src/sort_track_msg/build/sort_track_msg/rosidl_typesupport_c/sort_track_msg/msg/bounding_box__type_support.cpp:8:0[m[K:
[01m[K/root/ros2_ws/src/sort_track_msg/build/sort_track_msg/rosidl_generator_c/sort_track_msg/msg/detail/bounding_box__struct.h:28:33:[m[K [01;31m[Kerror: [m[Kexpected identifier before ‘[01m[K;[m[K’ token
   rosidl_runtime_c__String class[01;31m[K;[m[K
                                 [01;31m[K^[m[K
[01m[K/root/ros2_ws/src/sort_track_msg/build/sort_track_msg/rosidl_generator_c/sort_track_msg/msg/detail/bounding_box__struct.h:28:33:[m[K [01;31m[Kerror: [m[Kmultiple types in one declaration
[01m[K/root/ros2_ws/src/sort_track_msg/build/sort_track_msg/rosidl_generator_c/sort_track_msg/msg/detail/bounding_box__struct.h:28:33:[m[K [01;31m[Kerror: [m[Kdeclaration does not declare anything [[01;31m[K-fpermissive[m[K]
make[2]: *** [CMakeFiles/sort_track_msg__rosidl_typesupport_c.dir/rosidl_typesupport_c/sort_track_msg/msg/bounding_box__type_support.cpp.o] Error 1
make[1]: *** [CMakeFiles/sort_track_msg__rosidl_typesupport_c.dir/all] Error 2
make[1]: *** Waiting for unfinished jobs....
In file included from [01m[K/root/ros2_ws/src/sort_track_msg/build/sort_track_msg/rosidl_generator_cpp/sort_track_msg/msg/detail/targets__struct.hpp:21:0[m[K,
                 from [01m[K/root/ros2_ws/src/sort_track_msg/build/sort_track_msg/rosidl_typesupport_cpp/sort_track_msg/msg/targets__type_support.cpp:7[m[K:
[01m[K/root/ros2_ws/src/sort_track_msg/build/sort_track_msg/rosidl_generator_cpp/sort_track_msg/msg/detail/target__struct.hpp:78:20:[m[K [01;31m[Kerror: [m[Kexpected identifier before ‘[01m[K;[m[K’ token
   _class_type class[01;31m[K;[m[K
                    [01;31m[K^[m[K
[01m[K/root/ros2_ws/src/sort_track_msg/build/sort_track_msg/rosidl_generator_cpp/sort_track_msg/msg/detail/target__struct.hpp:78:20:[m[K [01;31m[Kerror: [m[Kmultiple types in one declaration
[01m[K/root/ros2_ws/src/sort_track_msg/build/sort_track_msg/rosidl_generator_cpp/sort_track_msg/msg/detail/target__struct.hpp:78:20:[m[K [01;31m[Kerror: [m[Kdeclaration does not declare anything [[01;31m[K-fpermissive[m[K]
In file included from [01m[K/root/ros2_ws/src/sort_track_msg/build/sort_track_msg/rosidl_generator_cpp/sort_track_msg/msg/detail/targets__struct.hpp:21:0[m[K,
                 from [01m[K/root/ros2_ws/src/sort_track_msg/build/sort_track_msg/rosidl_typesupport_cpp/sort_track_msg/msg/targets__type_support.cpp:7[m[K:
[01m[K/root/ros2_ws/src/sort_track_msg/build/sort_track_msg/rosidl_generator_cpp/sort_track_msg/msg/detail/target__struct.hpp:[m[K In constructor ‘[01m[Ksort_track_msg::msg::Target_<ContainerAllocator>::Target_(rosidl_runtime_cpp::MessageInitialization)[m[K’:
[01m[K/root/ros2_ws/src/sort_track_msg/build/sort_track_msg/rosidl_generator_cpp/sort_track_msg/msg/detail/target__struct.hpp:41:13:[m[K [01;31m[Kerror: [m[Kexpected unqualified-id before ‘[01m[Kclass[m[K’
       this->[01;31m[Kclass[m[K = "";
             [01;31m[K^~~~~[m[K
In file included from [01m[K/root/ros2_ws/src/sort_track_msg/build/sort_track_msg/rosidl_generator_cpp/sort_track_msg/msg/detail/targets__struct.hpp:21:0[m[K,
                 from [01m[K/root/ros2_ws/src/sort_track_msg/build/sort_track_msg/rosidl_typesupport_cpp/sort_track_msg/msg/targets__type_support.cpp:7[m[K:
[01m[K/root/ros2_ws/src/sort_track_msg/build/sort_track_msg/rosidl_generator_cpp/sort_track_msg/msg/detail/target__struct.hpp:[m[K In constructor ‘[01m[Ksort_track_msg::msg::Target_<ContainerAllocator>::Target_(const ContainerAllocator&, rosidl_runtime_cpp::MessageInitialization)[m[K’:
[01m[K/root/ros2_ws/src/sort_track_msg/build/sort_track_msg/rosidl_generator_cpp/sort_track_msg/msg/detail/target__struct.hpp:54:5:[m[K [01;31m[Kerror: [m[Kexpected identifier before ‘[01m[Kclass[m[K’
   : [01;31m[Kclass[m[K(_alloc)
     [01;31m[K^~~~~[m[K
[01m[K/root/ros2_ws/src/sort_track_msg/build/sort_track_msg/rosidl_generator_cpp/sort_track_msg/msg/detail/target__struct.hpp:54:5:[m[K [01;31m[Kerror: [m[Kexpected ‘[01m[K{[m[K’ before ‘[01m[Kclass[m[K’
[01m[K/root/ros2_ws/src/sort_track_msg/build/sort_track_msg/rosidl_generator_cpp/sort_track_msg/msg/detail/target__struct.hpp:[m[K In member function ‘[01m[Ksort_track_msg::msg::Target_<ContainerAllocator>::Type& sort_track_msg::msg::Target_<ContainerAllocator>::set__class(const std::__cxx11::basic_string<char, std::char_traits<char>, typename ContainerAllocator::rebind<char>::other>&)[m[K’:
[01m[K/root/ros2_ws/src/sort_track_msg/build/sort_track_msg/rosidl_generator_cpp/sort_track_msg/msg/detail/target__struct.hpp:114:11:[m[K [01;31m[Kerror: [m[Kexpected unqualified-id before ‘[01m[Kclass[m[K’
     this->[01;31m[Kclass[m[K = _arg;
           [01;31m[K^~~~~[m[K
[01m[K/root/ros2_ws/src/sort_track_msg/build/sort_track_msg/rosidl_generator_cpp/sort_track_msg/msg/detail/target__struct.hpp:[m[K In member function ‘[01m[Kbool sort_track_msg::msg::Target_<ContainerAllocator>::operator==(const sort_track_msg::msg::Target_<ContainerAllocator>&) const[m[K’:
[01m[K/root/ros2_ws/src/sort_track_msg/build/sort_track_msg/rosidl_generator_cpp/sort_track_msg/msg/detail/target__struct.hpp:211:15:[m[K [01;31m[Kerror: [m[Kexpected unqualified-id before ‘[01m[Kclass[m[K’
     if (this->[01;31m[Kclass[m[K != other.class) {
               [01;31m[K^~~~~[m[K
[01m[K/root/ros2_ws/src/sort_track_msg/build/sort_track_msg/rosidl_generator_cpp/sort_track_msg/msg/detail/target__struct.hpp:211:15:[m[K [01;31m[Kerror: [m[Kexpected ‘[01m[K)[m[K’ before ‘[01m[Kclass[m[K’
In file included from [01m[K/root/ros2_ws/src/sort_track_msg/build/sort_track_msg/rosidl_typesupport_cpp/sort_track_msg/msg/bounding_box__type_support.cpp:7:0[m[K:
[01m[K/root/ros2_ws/src/sort_track_msg/build/sort_track_msg/rosidl_generator_cpp/sort_track_msg/msg/detail/bounding_box__struct.hpp:70:20:[m[K [01;31m[Kerror: [m[Kexpected identifier before ‘[01m[K;[m[K’ token
   _class_type class[01;31m[K;[m[K
                    [01;31m[K^[m[K
[01m[K/root/ros2_ws/src/sort_track_msg/build/sort_track_msg/rosidl_generator_cpp/sort_track_msg/msg/detail/bounding_box__struct.hpp:70:20:[m[K [01;31m[Kerror: [m[Kmultiple types in one declaration
[01m[K/root/ros2_ws/src/sort_track_msg/build/sort_track_msg/rosidl_generator_cpp/sort_track_msg/msg/detail/bounding_box__struct.hpp:70:20:[m[K [01;31m[Kerror: [m[Kdeclaration does not declare anything [[01;31m[K-fpermissive[m[K]
In file included from [01m[K/root/ros2_ws/src/sort_track_msg/build/sort_track_msg/rosidl_typesupport_cpp/sort_track_msg/msg/bounding_box__type_support.cpp:7:0[m[K:
[01m[K/root/ros2_ws/src/sort_track_msg/build/sort_track_msg/rosidl_generator_cpp/sort_track_msg/msg/detail/bounding_box__struct.hpp:[m[K In constructor ‘[01m[Ksort_track_msg::msg::BoundingBox_<ContainerAllocator>::BoundingBox_(rosidl_runtime_cpp::MessageInitialization)[m[K’:
[01m[K/root/ros2_ws/src/sort_track_msg/build/sort_track_msg/rosidl_generator_cpp/sort_track_msg/msg/detail/bounding_box__struct.hpp:41:13:[m[K [01;31m[Kerror: [m[Kexpected unqualified-id before ‘[01m[Kclass[m[K’
       this->[01;31m[Kclass[m[K = "";
             [01;31m[K^~~~~[m[K
In file included from [01m[K/root/ros2_ws/src/sort_track_msg/build/sort_track_msg/rosidl_typesupport_cpp/sort_track_msg/msg/bounding_box__type_support.cpp:7:0[m[K:
[01m[K/root/ros2_ws/src/sort_track_msg/build/sort_track_msg/rosidl_generator_cpp/sort_track_msg/msg/detail/bounding_box__struct.hpp:[m[K In constructor ‘[01m[Ksort_track_msg::msg::BoundingBox_<ContainerAllocator>::BoundingBox_(const ContainerAllocator&, rosidl_runtime_cpp::MessageInitialization)[m[K’:
[01m[K/root/ros2_ws/src/sort_track_msg/build/sort_track_msg/rosidl_generator_cpp/sort_track_msg/msg/detail/bounding_box__struct.hpp:50:5:[m[K [01;31m[Kerror: [m[Kexpected identifier before ‘[01m[Kclass[m[K’
   : [01;31m[Kclass[m[K(_alloc)
     [01;31m[K^~~~~[m[K
[01m[K/root/ros2_ws/src/sort_track_msg/build/sort_track_msg/rosidl_generator_cpp/sort_track_msg/msg/detail/bounding_box__struct.hpp:50:5:[m[K [01;31m[Kerror: [m[Kexpected ‘[01m[K{[m[K’ before ‘[01m[Kclass[m[K’
[01m[K/root/ros2_ws/src/sort_track_msg/build/sort_track_msg/rosidl_generator_cpp/sort_track_msg/msg/detail/bounding_box__struct.hpp:[m[K In member function ‘[01m[Ksort_track_msg::msg::BoundingBox_<ContainerAllocator>::Type& sort_track_msg::msg::BoundingBox_<ContainerAllocator>::set__class(const std::__cxx11::basic_string<char, std::char_traits<char>, typename ContainerAllocator::rebind<char>::other>&)[m[K’:
[01m[K/root/ros2_ws/src/sort_track_msg/build/sort_track_msg/rosidl_generator_cpp/sort_track_msg/msg/detail/bounding_box__struct.hpp:94:11:[m[K [01;31m[Kerror: [m[Kexpected unqualified-id before ‘[01m[Kclass[m[K’
     this->[01;31m[Kclass[m[K = _arg;
           [01;31m[K^~~~~[m[K
[01m[K/root/ros2_ws/src/sort_track_msg/build/sort_track_msg/rosidl_generator_cpp/sort_track_msg/msg/detail/bounding_box__struct.hpp:[m[K In member function ‘[01m[Kbool sort_track_msg::msg::BoundingBox_<ContainerAllocator>::operator==(const sort_track_msg::msg::BoundingBox_<ContainerAllocator>&) const[m[K’:
[01m[K/root/ros2_ws/src/sort_track_msg/build/sort_track_msg/rosidl_generator_cpp/sort_track_msg/msg/detail/bounding_box__struct.hpp:167:15:[m[K [01;31m[Kerror: [m[Kexpected unqualified-id before ‘[01m[Kclass[m[K’
     if (this->[01;31m[Kclass[m[K != other.class) {
               [01;31m[K^~~~~[m[K
[01m[K/root/ros2_ws/src/sort_track_msg/build/sort_track_msg/rosidl_generator_cpp/sort_track_msg/msg/detail/bounding_box__struct.hpp:167:15:[m[K [01;31m[Kerror: [m[Kexpected ‘[01m[K)[m[K’ before ‘[01m[Kclass[m[K’
In file included from [01m[K/root/ros2_ws/src/sort_track_msg/build/sort_track_msg/rosidl_generator_cpp/sort_track_msg/msg/detail/tracks__struct.hpp:21:0[m[K,
                 from [01m[K/root/ros2_ws/src/sort_track_msg/build/sort_track_msg/rosidl_typesupport_cpp/sort_track_msg/msg/tracks__type_support.cpp:7[m[K:
[01m[K/root/ros2_ws/src/sort_track_msg/build/sort_track_msg/rosidl_generator_cpp/sort_track_msg/msg/detail/bounding_box__struct.hpp:70:20:[m[K [01;31m[Kerror: [m[Kexpected identifier before ‘[01m[K;[m[K’ token
   _class_type class[01;31m[K;[m[K
                    [01;31m[K^[m[K
[01m[K/root/ros2_ws/src/sort_track_msg/build/sort_track_msg/rosidl_generator_cpp/sort_track_msg/msg/detail/bounding_box__struct.hpp:70:20:[m[K [01;31m[Kerror: [m[Kmultiple types in one declaration
[01m[K/root/ros2_ws/src/sort_track_msg/build/sort_track_msg/rosidl_generator_cpp/sort_track_msg/msg/detail/bounding_box__struct.hpp:70:20:[m[K [01;31m[Kerror: [m[Kdeclaration does not declare anything [[01;31m[K-fpermissive[m[K]
In file included from [01m[K/root/ros2_ws/src/sort_track_msg/build/sort_track_msg/rosidl_generator_cpp/sort_track_msg/msg/detail/tracks__struct.hpp:21:0[m[K,
                 from [01m[K/root/ros2_ws/src/sort_track_msg/build/sort_track_msg/rosidl_typesupport_cpp/sort_track_msg/msg/tracks__type_support.cpp:7[m[K:
[01m[K/root/ros2_ws/src/sort_track_msg/build/sort_track_msg/rosidl_generator_cpp/sort_track_msg/msg/detail/bounding_box__struct.hpp:[m[K In constructor ‘[01m[Ksort_track_msg::msg::BoundingBox_<ContainerAllocator>::BoundingBox_(rosidl_runtime_cpp::MessageInitialization)[m[K’:
[01m[K/root/ros2_ws/src/sort_track_msg/build/sort_track_msg/rosidl_generator_cpp/sort_track_msg/msg/detail/bounding_box__struct.hpp:41:13:[m[K [01;31m[Kerror: [m[Kexpected unqualified-id before ‘[01m[Kclass[m[K’
       this->[01;31m[Kclass[m[K = "";
             [01;31m[K^~~~~[m[K
In file included from [01m[K/root/ros2_ws/src/sort_track_msg/build/sort_track_msg/rosidl_generator_cpp/sort_track_msg/msg/detail/tracks__struct.hpp:21:0[m[K,
                 from [01m[K/root/ros2_ws/src/sort_track_msg/build/sort_track_msg/rosidl_typesupport_cpp/sort_track_msg/msg/tracks__type_support.cpp:7[m[K:
[01m[K/root/ros2_ws/src/sort_track_msg/build/sort_track_msg/rosidl_generator_cpp/sort_track_msg/msg/detail/bounding_box__struct.hpp:[m[K In constructor ‘[01m[Ksort_track_msg::msg::BoundingBox_<ContainerAllocator>::BoundingBox_(const ContainerAllocator&, rosidl_runtime_cpp::MessageInitialization)[m[K’:
[01m[K/root/ros2_ws/src/sort_track_msg/build/sort_track_msg/rosidl_generator_cpp/sort_track_msg/msg/detail/bounding_box__struct.hpp:50:5:[m[K [01;31m[Kerror: [m[Kexpected identifier before ‘[01m[Kclass[m[K’
   : [01;31m[Kclass[m[K(_alloc)
     [01;31m[K^~~~~[m[K
[01m[K/root/ros2_ws/src/sort_track_msg/build/sort_track_msg/rosidl_generator_cpp/sort_track_msg/msg/detail/bounding_box__struct.hpp:50:5:[m[K [01;31m[Kerror: [m[Kexpected ‘[01m[K{[m[K’ before ‘[01m[Kclass[m[K’
[01m[K/root/ros2_ws/src/sort_track_msg/build/sort_track_msg/rosidl_generator_cpp/sort_track_msg/msg/detail/bounding_box__struct.hpp:[m[K In member function ‘[01m[Ksort_track_msg::msg::BoundingBox_<ContainerAllocator>::Type& sort_track_msg::msg::BoundingBox_<ContainerAllocator>::set__class(const std::__cxx11::basic_string<char, std::char_traits<char>, typename ContainerAllocator::rebind<char>::other>&)[m[K’:
[01m[K/root/ros2_ws/src/sort_track_msg/build/sort_track_msg/rosidl_generator_cpp/sort_track_msg/msg/detail/bounding_box__struct.hpp:94:11:[m[K [01;31m[Kerror: [m[Kexpected unqualified-id before ‘[01m[Kclass[m[K’
     this->[01;31m[Kclass[m[K = _arg;
           [01;31m[K^~~~~[m[K
[01m[K/root/ros2_ws/src/sort_track_msg/build/sort_track_msg/rosidl_generator_cpp/sort_track_msg/msg/detail/bounding_box__struct.hpp:[m[K In member function ‘[01m[Kbool sort_track_msg::msg::BoundingBox_<ContainerAllocator>::operator==(const sort_track_msg::msg::BoundingBox_<ContainerAllocator>&) const[m[K’:
[01m[K/root/ros2_ws/src/sort_track_msg/build/sort_track_msg/rosidl_generator_cpp/sort_track_msg/msg/detail/bounding_box__struct.hpp:167:15:[m[K [01;31m[Kerror: [m[Kexpected unqualified-id before ‘[01m[Kclass[m[K’
     if (this->[01;31m[Kclass[m[K != other.class) {
               [01;31m[K^~~~~[m[K
[01m[K/root/ros2_ws/src/sort_track_msg/build/sort_track_msg/rosidl_generator_cpp/sort_track_msg/msg/detail/bounding_box__struct.hpp:167:15:[m[K [01;31m[Kerror: [m[Kexpected ‘[01m[K)[m[K’ before ‘[01m[Kclass[m[K’
In file included from [01m[K/root/ros2_ws/src/sort_track_msg/build/sort_track_msg/rosidl_typesupport_cpp/sort_track_msg/msg/target__type_support.cpp:7:0[m[K:
[01m[K/root/ros2_ws/src/sort_track_msg/build/sort_track_msg/rosidl_generator_cpp/sort_track_msg/msg/detail/target__struct.hpp:78:20:[m[K [01;31m[Kerror: [m[Kexpected identifier before ‘[01m[K;[m[K’ token
   _class_type class[01;31m[K;[m[K
                    [01;31m[K^[m[K
[01m[K/root/ros2_ws/src/sort_track_msg/build/sort_track_msg/rosidl_generator_cpp/sort_track_msg/msg/detail/target__struct.hpp:78:20:[m[K [01;31m[Kerror: [m[Kmultiple types in one declaration
[01m[K/root/ros2_ws/src/sort_track_msg/build/sort_track_msg/rosidl_generator_cpp/sort_track_msg/msg/detail/target__struct.hpp:78:20:[m[K [01;31m[Kerror: [m[Kdeclaration does not declare anything [[01;31m[K-fpermissive[m[K]
In file included from [01m[K/root/ros2_ws/src/sort_track_msg/build/sort_track_msg/rosidl_typesupport_cpp/sort_track_msg/msg/target__type_support.cpp:7:0[m[K:
[01m[K/root/ros2_ws/src/sort_track_msg/build/sort_track_msg/rosidl_generator_cpp/sort_track_msg/msg/detail/target__struct.hpp:[m[K In constructor ‘[01m[Ksort_track_msg::msg::Target_<ContainerAllocator>::Target_(rosidl_runtime_cpp::MessageInitialization)[m[K’:
[01m[K/root/ros2_ws/src/sort_track_msg/build/sort_track_msg/rosidl_generator_cpp/sort_track_msg/msg/detail/target__struct.hpp:41:13:[m[K [01;31m[Kerror: [m[Kexpected unqualified-id before ‘[01m[Kclass[m[K’
       this->[01;31m[Kclass[m[K = "";
             [01;31m[K^~~~~[m[K
In file included from [01m[K/root/ros2_ws/src/sort_track_msg/build/sort_track_msg/rosidl_typesupport_cpp/sort_track_msg/msg/target__type_support.cpp:7:0[m[K:
[01m[K/root/ros2_ws/src/sort_track_msg/build/sort_track_msg/rosidl_generator_cpp/sort_track_msg/msg/detail/target__struct.hpp:[m[K In constructor ‘[01m[Ksort_track_msg::msg::Target_<ContainerAllocator>::Target_(const ContainerAllocator&, rosidl_runtime_cpp::MessageInitialization)[m[K’:
[01m[K/root/ros2_ws/src/sort_track_msg/build/sort_track_msg/rosidl_generator_cpp/sort_track_msg/msg/detail/target__struct.hpp:54:5:[m[K [01;31m[Kerror: [m[Kexpected identifier before ‘[01m[Kclass[m[K’
   : [01;31m[Kclass[m[K(_alloc)
     [01;31m[K^~~~~[m[K
[01m[K/root/ros2_ws/src/sort_track_msg/build/sort_track_msg/rosidl_generator_cpp/sort_track_msg/msg/detail/target__struct.hpp:54:5:[m[K [01;31m[Kerror: [m[Kexpected ‘[01m[K{[m[K’ before ‘[01m[Kclass[m[K’
[01m[K/root/ros2_ws/src/sort_track_msg/build/sort_track_msg/rosidl_generator_cpp/sort_track_msg/msg/detail/target__struct.hpp:[m[K In member function ‘[01m[Ksort_track_msg::msg::Target_<ContainerAllocator>::Type& sort_track_msg::msg::Target_<ContainerAllocator>::set__class(const std::__cxx11::basic_string<char, std::char_traits<char>, typename ContainerAllocator::rebind<char>::other>&)[m[K’:
[01m[K/root/ros2_ws/src/sort_track_msg/build/sort_track_msg/rosidl_generator_cpp/sort_track_msg/msg/detail/target__struct.hpp:114:11:[m[K [01;31m[Kerror: [m[Kexpected unqualified-id before ‘[01m[Kclass[m[K’
     this->[01;31m[Kclass[m[K = _arg;
           [01;31m[K^~~~~[m[K
[01m[K/root/ros2_ws/src/sort_track_msg/build/sort_track_msg/rosidl_generator_cpp/sort_track_msg/msg/detail/target__struct.hpp:[m[K In member function ‘[01m[Kbool sort_track_msg::msg::Target_<ContainerAllocator>::operator==(const sort_track_msg::msg::Target_<ContainerAllocator>&) const[m[K’:
[01m[K/root/ros2_ws/src/sort_track_msg/build/sort_track_msg/rosidl_generator_cpp/sort_track_msg/msg/detail/target__struct.hpp:211:15:[m[K [01;31m[Kerror: [m[Kexpected unqualified-id before ‘[01m[Kclass[m[K’
     if (this->[01;31m[Kclass[m[K != other.class) {
               [01;31m[K^~~~~[m[K
[01m[K/root/ros2_ws/src/sort_track_msg/build/sort_track_msg/rosidl_generator_cpp/sort_track_msg/msg/detail/target__struct.hpp:211:15:[m[K [01;31m[Kerror: [m[Kexpected ‘[01m[K)[m[K’ before ‘[01m[Kclass[m[K’
make[2]: *** [CMakeFiles/sort_track_msg__rosidl_typesupport_cpp.dir/rosidl_typesupport_cpp/sort_track_msg/msg/targets__type_support.cpp.o] Error 1
make[2]: *** Waiting for unfinished jobs....
make[2]: *** [CMakeFiles/sort_track_msg__rosidl_typesupport_cpp.dir/rosidl_typesupport_cpp/sort_track_msg/msg/bounding_box__type_support.cpp.o] Error 1
make[2]: *** [CMakeFiles/sort_track_msg__rosidl_typesupport_cpp.dir/rosidl_typesupport_cpp/sort_track_msg/msg/tracks__type_support.cpp.o] Error 1
make[2]: *** [CMakeFiles/sort_track_msg__rosidl_typesupport_cpp.dir/rosidl_typesupport_cpp/sort_track_msg/msg/target__type_support.cpp.o] Error 1
make[1]: *** [CMakeFiles/sort_track_msg__rosidl_typesupport_cpp.dir/all] Error 2
In file included from [01m[K/root/ros2_ws/src/sort_track_msg/build/sort_track_msg/rosidl_typesupport_introspection_cpp/sort_track_msg/msg/detail/bounding_box__type_support.cpp:12:0[m[K:
[01m[K/root/ros2_ws/src/sort_track_msg/build/sort_track_msg/rosidl_generator_cpp/sort_track_msg/msg/detail/bounding_box__struct.hpp:70:20:[m[K [01;31m[Kerror: [m[Kexpected identifier before ‘[01m[K;[m[K’ token
   _class_type class[01;31m[K;[m[K
                    [01;31m[K^[m[K
[01m[K/root/ros2_ws/src/sort_track_msg/build/sort_track_msg/rosidl_generator_cpp/sort_track_msg/msg/detail/bounding_box__struct.hpp:70:20:[m[K [01;31m[Kerror: [m[Kmultiple types in one declaration
[01m[K/root/ros2_ws/src/sort_track_msg/build/sort_track_msg/rosidl_generator_cpp/sort_track_msg/msg/detail/bounding_box__struct.hpp:70:20:[m[K [01;31m[Kerror: [m[Kdeclaration does not declare anything [[01;31m[K-fpermissive[m[K]
In file included from [01m[K/root/ros2_ws/src/sort_track_msg/build/sort_track_msg/rosidl_typesupport_introspection_cpp/sort_track_msg/msg/detail/bounding_box__type_support.cpp:12:0[m[K:
[01m[K/root/ros2_ws/src/sort_track_msg/build/sort_track_msg/rosidl_generator_cpp/sort_track_msg/msg/detail/bounding_box__struct.hpp:[m[K In constructor ‘[01m[Ksort_track_msg::msg::BoundingBox_<ContainerAllocator>::BoundingBox_(rosidl_runtime_cpp::MessageInitialization)[m[K’:
[01m[K/root/ros2_ws/src/sort_track_msg/build/sort_track_msg/rosidl_generator_cpp/sort_track_msg/msg/detail/bounding_box__struct.hpp:41:13:[m[K [01;31m[Kerror: [m[Kexpected unqualified-id before ‘[01m[Kclass[m[K’
       this->[01;31m[Kclass[m[K = "";
             [01;31m[K^~~~~[m[K
In file included from [01m[K/root/ros2_ws/src/sort_track_msg/build/sort_track_msg/rosidl_typesupport_introspection_cpp/sort_track_msg/msg/detail/bounding_box__type_support.cpp:12:0[m[K:
[01m[K/root/ros2_ws/src/sort_track_msg/build/sort_track_msg/rosidl_generator_cpp/sort_track_msg/msg/detail/bounding_box__struct.hpp:[m[K In constructor ‘[01m[Ksort_track_msg::msg::BoundingBox_<ContainerAllocator>::BoundingBox_(const ContainerAllocator&, rosidl_runtime_cpp::MessageInitialization)[m[K’:
[01m[K/root/ros2_ws/src/sort_track_msg/build/sort_track_msg/rosidl_generator_cpp/sort_track_msg/msg/detail/bounding_box__struct.hpp:50:5:[m[K [01;31m[Kerror: [m[Kexpected identifier before ‘[01m[Kclass[m[K’
   : [01;31m[Kclass[m[K(_alloc)
     [01;31m[K^~~~~[m[K
[01m[K/root/ros2_ws/src/sort_track_msg/build/sort_track_msg/rosidl_generator_cpp/sort_track_msg/msg/detail/bounding_box__struct.hpp:50:5:[m[K [01;31m[Kerror: [m[Kexpected ‘[01m[K{[m[K’ before ‘[01m[Kclass[m[K’
[01m[K/root/ros2_ws/src/sort_track_msg/build/sort_track_msg/rosidl_generator_cpp/sort_track_msg/msg/detail/bounding_box__struct.hpp:[m[K In member function ‘[01m[Ksort_track_msg::msg::BoundingBox_<ContainerAllocator>::Type& sort_track_msg::msg::BoundingBox_<ContainerAllocator>::set__class(const std::__cxx11::basic_string<char, std::char_traits<char>, typename ContainerAllocator::rebind<char>::other>&)[m[K’:
[01m[K/root/ros2_ws/src/sort_track_msg/build/sort_track_msg/rosidl_generator_cpp/sort_track_msg/msg/detail/bounding_box__struct.hpp:94:11:[m[K [01;31m[Kerror: [m[Kexpected unqualified-id before ‘[01m[Kclass[m[K’
     this->[01;31m[Kclass[m[K = _arg;
           [01;31m[K^~~~~[m[K
[01m[K/root/ros2_ws/src/sort_track_msg/build/sort_track_msg/rosidl_generator_cpp/sort_track_msg/msg/detail/bounding_box__struct.hpp:[m[K In member function ‘[01m[Kbool sort_track_msg::msg::BoundingBox_<ContainerAllocator>::operator==(const sort_track_msg::msg::BoundingBox_<ContainerAllocator>&) const[m[K’:
[01m[K/root/ros2_ws/src/sort_track_msg/build/sort_track_msg/rosidl_generator_cpp/sort_track_msg/msg/detail/bounding_box__struct.hpp:167:15:[m[K [01;31m[Kerror: [m[Kexpected unqualified-id before ‘[01m[Kclass[m[K’
     if (this->[01;31m[Kclass[m[K != other.class) {
               [01;31m[K^~~~~[m[K
[01m[K/root/ros2_ws/src/sort_track_msg/build/sort_track_msg/rosidl_generator_cpp/sort_track_msg/msg/detail/bounding_box__struct.hpp:167:15:[m[K [01;31m[Kerror: [m[Kexpected ‘[01m[K)[m[K’ before ‘[01m[Kclass[m[K’
In file included from [01m[K/usr/include/aarch64-linux-gnu/bits/_G_config.h:19:0[m[K,
                 from [01m[K/usr/include/aarch64-linux-gnu/bits/libio.h:35[m[K,
                 from [01m[K/usr/include/stdio.h:41[m[K,
                 from [01m[K/usr/include/c++/7/cstdio:42[m[K,
                 from [01m[K/usr/include/c++/7/ext/string_conversions.h:43[m[K,
                 from [01m[K/usr/include/c++/7/bits/basic_string.h:6361[m[K,
                 from [01m[K/usr/include/c++/7/string:52[m[K,
                 from [01m[K/usr/include/c++/7/stdexcept:39[m[K,
                 from [01m[K/usr/include/c++/7/array:39[m[K,
                 from [01m[K/root/ros2_ws/src/sort_track_msg/build/sort_track_msg/rosidl_typesupport_introspection_cpp/sort_track_msg/msg/detail/bounding_box__type_support.cpp:5[m[K:
[01m[K/root/ros2_ws/src/sort_track_msg/build/sort_track_msg/rosidl_typesupport_introspection_cpp/sort_track_msg/msg/detail/bounding_box__type_support.cpp:[m[K At global scope:
[01m[K/root/ros2_ws/src/sort_track_msg/build/sort_track_msg/rosidl_typesupport_introspection_cpp/sort_track_msg/msg/detail/bounding_box__type_support.cpp:64:48:[m[K [01;31m[Kerror: [m[Kexpected unqualified-id before ‘[01m[Kclass[m[K’
     offsetof(sort_track_msg::msg::BoundingBox, [01;31m[Kc[m[Klass),  // bytes offset in struct
                                                [01;31m[K^[m[K
[01m[K/root/ros2_ws/src/sort_track_msg/build/sort_track_msg/rosidl_typesupport_introspection_cpp/sort_track_msg/msg/detail/bounding_box__type_support.cpp:64:48:[m[K [01;31m[Kerror: [m[Kexpected ‘[01m[K)[m[K’ before ‘[01m[Kclass[m[K’
In file included from [01m[K/root/ros2_ws/src/sort_track_msg/build/sort_track_msg/rosidl_typesupport_fastrtps_cpp/sort_track_msg/msg/detail/bounding_box__rosidl_typesupport_fastrtps_cpp.hpp:11:0[m[K,
                 from [01m[K/root/ros2_ws/src/sort_track_msg/build/sort_track_msg/rosidl_typesupport_fastrtps_cpp/sort_track_msg/msg/detail/dds_fastrtps/bounding_box__type_support.cpp:4[m[K:
[01m[K/root/ros2_ws/src/sort_track_msg/build/sort_track_msg/rosidl_generator_cpp/sort_track_msg/msg/detail/bounding_box__struct.hpp:70:20:[m[K [01;31m[Kerror: [m[Kexpected identifier before ‘[01m[K;[m[K’ token
   _class_type class[01;31m[K;[m[K
                    [01;31m[K^[m[K
[01m[K/root/ros2_ws/src/sort_track_msg/build/sort_track_msg/rosidl_generator_cpp/sort_track_msg/msg/detail/bounding_box__struct.hpp:70:20:[m[K [01;31m[Kerror: [m[Kmultiple types in one declaration
[01m[K/root/ros2_ws/src/sort_track_msg/build/sort_track_msg/rosidl_generator_cpp/sort_track_msg/msg/detail/bounding_box__struct.hpp:70:20:[m[K [01;31m[Kerror: [m[Kdeclaration does not declare anything [[01;31m[K-fpermissive[m[K]
In file included from [01m[K/root/ros2_ws/src/sort_track_msg/build/sort_track_msg/rosidl_typesupport_fastrtps_cpp/sort_track_msg/msg/detail/bounding_box__rosidl_typesupport_fastrtps_cpp.hpp:11:0[m[K,
                 from [01m[K/root/ros2_ws/src/sort_track_msg/build/sort_track_msg/rosidl_typesupport_fastrtps_cpp/sort_track_msg/msg/detail/dds_fastrtps/bounding_box__type_support.cpp:4[m[K:
[01m[K/root/ros2_ws/src/sort_track_msg/build/sort_track_msg/rosidl_generator_cpp/sort_track_msg/msg/detail/bounding_box__struct.hpp:[m[K In constructor ‘[01m[Ksort_track_msg::msg::BoundingBox_<ContainerAllocator>::BoundingBox_(rosidl_runtime_cpp::MessageInitialization)[m[K’:
[01m[K/root/ros2_ws/src/sort_track_msg/build/sort_track_msg/rosidl_generator_cpp/sort_track_msg/msg/detail/bounding_box__struct.hpp:41:13:[m[K [01;31m[Kerror: [m[Kexpected unqualified-id before ‘[01m[Kclass[m[K’
       this->[01;31m[Kclass[m[K = "";
             [01;31m[K^~~~~[m[K
In file included from [01m[K/root/ros2_ws/src/sort_track_msg/build/sort_track_msg/rosidl_typesupport_fastrtps_cpp/sort_track_msg/msg/detail/bounding_box__rosidl_typesupport_fastrtps_cpp.hpp:11:0[m[K,
                 from [01m[K/root/ros2_ws/src/sort_track_msg/build/sort_track_msg/rosidl_typesupport_fastrtps_cpp/sort_track_msg/msg/detail/dds_fastrtps/bounding_box__type_support.cpp:4[m[K:
[01m[K/root/ros2_ws/src/sort_track_msg/build/sort_track_msg/rosidl_generator_cpp/sort_track_msg/msg/detail/bounding_box__struct.hpp:[m[K In constructor ‘[01m[Ksort_track_msg::msg::BoundingBox_<ContainerAllocator>::BoundingBox_(const ContainerAllocator&, rosidl_runtime_cpp::MessageInitialization)[m[K’:
[01m[K/root/ros2_ws/src/sort_track_msg/build/sort_track_msg/rosidl_generator_cpp/sort_track_msg/msg/detail/bounding_box__struct.hpp:50:5:[m[K [01;31m[Kerror: [m[Kexpected identifier before ‘[01m[Kclass[m[K’
   : [01;31m[Kclass[m[K(_alloc)
     [01;31m[K^~~~~[m[K
[01m[K/root/ros2_ws/src/sort_track_msg/build/sort_track_msg/rosidl_generator_cpp/sort_track_msg/msg/detail/bounding_box__struct.hpp:50:5:[m[K [01;31m[Kerror: [m[Kexpected ‘[01m[K{[m[K’ before ‘[01m[Kclass[m[K’
[01m[K/root/ros2_ws/src/sort_track_msg/build/sort_track_msg/rosidl_generator_cpp/sort_track_msg/msg/detail/bounding_box__struct.hpp:[m[K In member function ‘[01m[Ksort_track_msg::msg::BoundingBox_<ContainerAllocator>::Type& sort_track_msg::msg::BoundingBox_<ContainerAllocator>::set__class(const std::__cxx11::basic_string<char, std::char_traits<char>, typename ContainerAllocator::rebind<char>::other>&)[m[K’:
[01m[K/root/ros2_ws/src/sort_track_msg/build/sort_track_msg/rosidl_generator_cpp/sort_track_msg/msg/detail/bounding_box__struct.hpp:94:11:[m[K [01;31m[Kerror: [m[Kexpected unqualified-id before ‘[01m[Kclass[m[K’
     this->[01;31m[Kclass[m[K = _arg;
           [01;31m[K^~~~~[m[K
[01m[K/root/ros2_ws/src/sort_track_msg/build/sort_track_msg/rosidl_generator_cpp/sort_track_msg/msg/detail/bounding_box__struct.hpp:[m[K In member function ‘[01m[Kbool sort_track_msg::msg::BoundingBox_<ContainerAllocator>::operator==(const sort_track_msg::msg::BoundingBox_<ContainerAllocator>&) const[m[K’:
[01m[K/root/ros2_ws/src/sort_track_msg/build/sort_track_msg/rosidl_generator_cpp/sort_track_msg/msg/detail/bounding_box__struct.hpp:167:15:[m[K [01;31m[Kerror: [m[Kexpected unqualified-id before ‘[01m[Kclass[m[K’
     if (this->[01;31m[Kclass[m[K != other.class) {
               [01;31m[K^~~~~[m[K
[01m[K/root/ros2_ws/src/sort_track_msg/build/sort_track_msg/rosidl_generator_cpp/sort_track_msg/msg/detail/bounding_box__struct.hpp:167:15:[m[K [01;31m[Kerror: [m[Kexpected ‘[01m[K)[m[K’ before ‘[01m[Kclass[m[K’
make[2]: *** [CMakeFiles/sort_track_msg__rosidl_typesupport_introspection_cpp.dir/rosidl_typesupport_introspection_cpp/sort_track_msg/msg/detail/bounding_box__type_support.cpp.o] Error 1
make[2]: *** Waiting for unfinished jobs....
In file included from [01m[K/root/ros2_ws/src/sort_track_msg/build/sort_track_msg/rosidl_typesupport_fastrtps_cpp/sort_track_msg/msg/detail/target__rosidl_typesupport_fastrtps_cpp.hpp:11:0[m[K,
                 from [01m[K/root/ros2_ws/src/sort_track_msg/build/sort_track_msg/rosidl_typesupport_fastrtps_cpp/sort_track_msg/msg/detail/dds_fastrtps/target__type_support.cpp:4[m[K:
[01m[K/root/ros2_ws/src/sort_track_msg/build/sort_track_msg/rosidl_generator_cpp/sort_track_msg/msg/detail/target__struct.hpp:78:20:[m[K [01;31m[Kerror: [m[Kexpected identifier before ‘[01m[K;[m[K’ token
   _class_type class[01;31m[K;[m[K
                    [01;31m[K^[m[K
[01m[K/root/ros2_ws/src/sort_track_msg/build/sort_track_msg/rosidl_generator_cpp/sort_track_msg/msg/detail/target__struct.hpp:78:20:[m[K [01;31m[Kerror: [m[Kmultiple types in one declaration
[01m[K/root/ros2_ws/src/sort_track_msg/build/sort_track_msg/rosidl_generator_cpp/sort_track_msg/msg/detail/target__struct.hpp:78:20:[m[K [01;31m[Kerror: [m[Kdeclaration does not declare anything [[01;31m[K-fpermissive[m[K]
In file included from [01m[K/root/ros2_ws/src/sort_track_msg/build/sort_track_msg/rosidl_typesupport_fastrtps_cpp/sort_track_msg/msg/detail/target__rosidl_typesupport_fastrtps_cpp.hpp:11:0[m[K,
                 from [01m[K/root/ros2_ws/src/sort_track_msg/build/sort_track_msg/rosidl_typesupport_fastrtps_cpp/sort_track_msg/msg/detail/dds_fastrtps/target__type_support.cpp:4[m[K:
[01m[K/root/ros2_ws/src/sort_track_msg/build/sort_track_msg/rosidl_generator_cpp/sort_track_msg/msg/detail/target__struct.hpp:[m[K In constructor ‘[01m[Ksort_track_msg::msg::Target_<ContainerAllocator>::Target_(rosidl_runtime_cpp::MessageInitialization)[m[K’:
[01m[K/root/ros2_ws/src/sort_track_msg/build/sort_track_msg/rosidl_generator_cpp/sort_track_msg/msg/detail/target__struct.hpp:41:13:[m[K [01;31m[Kerror: [m[Kexpected unqualified-id before ‘[01m[Kclass[m[K’
       this->[01;31m[Kclass[m[K = "";
             [01;31m[K^~~~~[m[K
In file included from [01m[K/root/ros2_ws/src/sort_track_msg/build/sort_track_msg/rosidl_typesupport_fastrtps_cpp/sort_track_msg/msg/detail/target__rosidl_typesupport_fastrtps_cpp.hpp:11:0[m[K,
                 from [01m[K/root/ros2_ws/src/sort_track_msg/build/sort_track_msg/rosidl_typesupport_fastrtps_cpp/sort_track_msg/msg/detail/dds_fastrtps/target__type_support.cpp:4[m[K:
[01m[K/root/ros2_ws/src/sort_track_msg/build/sort_track_msg/rosidl_generator_cpp/sort_track_msg/msg/detail/target__struct.hpp:[m[K In constructor ‘[01m[Ksort_track_msg::msg::Target_<ContainerAllocator>::Target_(const ContainerAllocator&, rosidl_runtime_cpp::MessageInitialization)[m[K’:
[01m[K/root/ros2_ws/src/sort_track_msg/build/sort_track_msg/rosidl_generator_cpp/sort_track_msg/msg/detail/target__struct.hpp:54:5:[m[K [01;31m[Kerror: [m[Kexpected identifier before ‘[01m[Kclass[m[K’
   : [01;31m[Kclass[m[K(_alloc)
     [01;31m[K^~~~~[m[K
[01m[K/root/ros2_ws/src/sort_track_msg/build/sort_track_msg/rosidl_generator_cpp/sort_track_msg/msg/detail/target__struct.hpp:54:5:[m[K [01;31m[Kerror: [m[Kexpected ‘[01m[K{[m[K’ before ‘[01m[Kclass[m[K’
[01m[K/root/ros2_ws/src/sort_track_msg/build/sort_track_msg/rosidl_generator_cpp/sort_track_msg/msg/detail/target__struct.hpp:[m[K In member function ‘[01m[Ksort_track_msg::msg::Target_<ContainerAllocator>::Type& sort_track_msg::msg::Target_<ContainerAllocator>::set__class(const std::__cxx11::basic_string<char, std::char_traits<char>, typename ContainerAllocator::rebind<char>::other>&)[m[K’:
[01m[K/root/ros2_ws/src/sort_track_msg/build/sort_track_msg/rosidl_generator_cpp/sort_track_msg/msg/detail/target__struct.hpp:114:11:[m[K [01;31m[Kerror: [m[Kexpected unqualified-id before ‘[01m[Kclass[m[K’
     this->[01;31m[Kclass[m[K = _arg;
           [01;31m[K^~~~~[m[K
[01m[K/root/ros2_ws/src/sort_track_msg/build/sort_track_msg/rosidl_generator_cpp/sort_track_msg/msg/detail/target__struct.hpp:[m[K In member function ‘[01m[Kbool sort_track_msg::msg::Target_<ContainerAllocator>::operator==(const sort_track_msg::msg::Target_<ContainerAllocator>&) const[m[K’:
[01m[K/root/ros2_ws/src/sort_track_msg/build/sort_track_msg/rosidl_generator_cpp/sort_track_msg/msg/detail/target__struct.hpp:211:15:[m[K [01;31m[Kerror: [m[Kexpected unqualified-id before ‘[01m[Kclass[m[K’
     if (this->[01;31m[Kclass[m[K != other.class) {
               [01;31m[K^~~~~[m[K
[01m[K/root/ros2_ws/src/sort_track_msg/build/sort_track_msg/rosidl_generator_cpp/sort_track_msg/msg/detail/target__struct.hpp:211:15:[m[K [01;31m[Kerror: [m[Kexpected ‘[01m[K)[m[K’ before ‘[01m[Kclass[m[K’
[01m[K/root/ros2_ws/src/sort_track_msg/build/sort_track_msg/rosidl_typesupport_fastrtps_cpp/sort_track_msg/msg/detail/dds_fastrtps/bounding_box__type_support.cpp:[m[K In function ‘[01m[Kbool sort_track_msg::msg::typesupport_fastrtps_cpp::cdr_serialize(const BoundingBox&, eprosima::fastcdr::Cdr&)[m[K’:
[01m[K/root/ros2_ws/src/sort_track_msg/build/sort_track_msg/rosidl_typesupport_fastrtps_cpp/sort_track_msg/msg/detail/dds_fastrtps/bounding_box__type_support.cpp:38:22:[m[K [01;31m[Kerror: [m[Kexpected unqualified-id before ‘[01m[Kclass[m[K’
   cdr << ros_message.[01;31m[Kclass[m[K;
                      [01;31m[K^~~~~[m[K
[01m[K/root/ros2_ws/src/sort_track_msg/build/sort_track_msg/rosidl_typesupport_fastrtps_cpp/sort_track_msg/msg/detail/dds_fastrtps/bounding_box__type_support.cpp:[m[K In function ‘[01m[Kbool sort_track_msg::msg::typesupport_fastrtps_cpp::cdr_deserialize(eprosima::fastcdr::Cdr&, sort_track_msg::msg::BoundingBox&)[m[K’:
[01m[K/root/ros2_ws/src/sort_track_msg/build/sort_track_msg/rosidl_typesupport_fastrtps_cpp/sort_track_msg/msg/detail/dds_fastrtps/bounding_box__type_support.cpp:60:22:[m[K [01;31m[Kerror: [m[Kexpected unqualified-id before ‘[01m[Kclass[m[K’
   cdr >> ros_message.[01;31m[Kclass[m[K;
                      [01;31m[K^~~~~[m[K
[01m[K/root/ros2_ws/src/sort_track_msg/build/sort_track_msg/rosidl_typesupport_fastrtps_cpp/sort_track_msg/msg/detail/dds_fastrtps/bounding_box__type_support.cpp:[m[K In function ‘[01m[Ksize_t sort_track_msg::msg::typesupport_fastrtps_cpp::get_serialized_size(const BoundingBox&, size_t)[m[K’:
[01m[K/root/ros2_ws/src/sort_track_msg/build/sort_track_msg/rosidl_typesupport_fastrtps_cpp/sort_track_msg/msg/detail/dds_fastrtps/bounding_box__type_support.cpp:99:18:[m[K [01;31m[Kerror: [m[Kexpected unqualified-id before ‘[01m[Kclass[m[K’
     (ros_message.[01;31m[Kclass[m[K.size() + 1);
                  [01;31m[K^~~~~[m[K
[01m[K/root/ros2_ws/src/sort_track_msg/build/sort_track_msg/rosidl_typesupport_fastrtps_cpp/sort_track_msg/msg/detail/dds_fastrtps/bounding_box__type_support.cpp:99:18:[m[K [01;31m[Kerror: [m[Kexpected ‘[01m[K)[m[K’ before ‘[01m[Kclass[m[K’
In file included from [01m[K/root/ros2_ws/src/sort_track_msg/build/sort_track_msg/rosidl_generator_cpp/sort_track_msg/msg/detail/targets__struct.hpp:21:0[m[K,
                 from [01m[K/root/ros2_ws/src/sort_track_msg/build/sort_track_msg/rosidl_typesupport_fastrtps_cpp/sort_track_msg/msg/detail/targets__rosidl_typesupport_fastrtps_cpp.hpp:11[m[K,
                 from [01m[K/root/ros2_ws/src/sort_track_msg/build/sort_track_msg/rosidl_typesupport_fastrtps_cpp/sort_track_msg/msg/detail/dds_fastrtps/targets__type_support.cpp:4[m[K:
[01m[K/root/ros2_ws/src/sort_track_msg/build/sort_track_msg/rosidl_generator_cpp/sort_track_msg/msg/detail/target__struct.hpp:78:20:[m[K [01;31m[Kerror: [m[Kexpected identifier before ‘[01m[K;[m[K’ token
   _class_type class[01;31m[K;[m[K
                    [01;31m[K^[m[K
[01m[K/root/ros2_ws/src/sort_track_msg/build/sort_track_msg/rosidl_generator_cpp/sort_track_msg/msg/detail/target__struct.hpp:78:20:[m[K [01;31m[Kerror: [m[Kmultiple types in one declaration
[01m[K/root/ros2_ws/src/sort_track_msg/build/sort_track_msg/rosidl_generator_cpp/sort_track_msg/msg/detail/target__struct.hpp:78:20:[m[K [01;31m[Kerror: [m[Kdeclaration does not declare anything [[01;31m[K-fpermissive[m[K]
In file included from [01m[K/root/ros2_ws/src/sort_track_msg/build/sort_track_msg/rosidl_generator_cpp/sort_track_msg/msg/detail/targets__struct.hpp:21:0[m[K,
                 from [01m[K/root/ros2_ws/src/sort_track_msg/build/sort_track_msg/rosidl_typesupport_fastrtps_cpp/sort_track_msg/msg/detail/targets__rosidl_typesupport_fastrtps_cpp.hpp:11[m[K,
                 from [01m[K/root/ros2_ws/src/sort_track_msg/build/sort_track_msg/rosidl_typesupport_fastrtps_cpp/sort_track_msg/msg/detail/dds_fastrtps/targets__type_support.cpp:4[m[K:
[01m[K/root/ros2_ws/src/sort_track_msg/build/sort_track_msg/rosidl_generator_cpp/sort_track_msg/msg/detail/target__struct.hpp:[m[K In constructor ‘[01m[Ksort_track_msg::msg::Target_<ContainerAllocator>::Target_(rosidl_runtime_cpp::MessageInitialization)[m[K’:
[01m[K/root/ros2_ws/src/sort_track_msg/build/sort_track_msg/rosidl_generator_cpp/sort_track_msg/msg/detail/target__struct.hpp:41:13:[m[K [01;31m[Kerror: [m[Kexpected unqualified-id before ‘[01m[Kclass[m[K’
       this->[01;31m[Kclass[m[K = "";
             [01;31m[K^~~~~[m[K
In file included from [01m[K/root/ros2_ws/src/sort_track_msg/build/sort_track_msg/rosidl_generator_cpp/sort_track_msg/msg/detail/targets__struct.hpp:21:0[m[K,
                 from [01m[K/root/ros2_ws/src/sort_track_msg/build/sort_track_msg/rosidl_typesupport_fastrtps_cpp/sort_track_msg/msg/detail/targets__rosidl_typesupport_fastrtps_cpp.hpp:11[m[K,
                 from [01m[K/root/ros2_ws/src/sort_track_msg/build/sort_track_msg/rosidl_typesupport_fastrtps_cpp/sort_track_msg/msg/detail/dds_fastrtps/targets__type_support.cpp:4[m[K:
[01m[K/root/ros2_ws/src/sort_track_msg/build/sort_track_msg/rosidl_generator_cpp/sort_track_msg/msg/detail/target__struct.hpp:[m[K In constructor ‘[01m[Ksort_track_msg::msg::Target_<ContainerAllocator>::Target_(const ContainerAllocator&, rosidl_runtime_cpp::MessageInitialization)[m[K’:
[01m[K/root/ros2_ws/src/sort_track_msg/build/sort_track_msg/rosidl_generator_cpp/sort_track_msg/msg/detail/target__struct.hpp:54:5:[m[K [01;31m[Kerror: [m[Kexpected identifier before ‘[01m[Kclass[m[K’
   : [01;31m[Kclass[m[K(_alloc)
     [01;31m[K^~~~~[m[K
[01m[K/root/ros2_ws/src/sort_track_msg/build/sort_track_msg/rosidl_generator_cpp/sort_track_msg/msg/detail/target__struct.hpp:54:5:[m[K [01;31m[Kerror: [m[Kexpected ‘[01m[K{[m[K’ before ‘[01m[Kclass[m[K’
[01m[K/root/ros2_ws/src/sort_track_msg/build/sort_track_msg/rosidl_generator_cpp/sort_track_msg/msg/detail/target__struct.hpp:[m[K In member function ‘[01m[Ksort_track_msg::msg::Target_<ContainerAllocator>::Type& sort_track_msg::msg::Target_<ContainerAllocator>::set__class(const std::__cxx11::basic_string<char, std::char_traits<char>, typename ContainerAllocator::rebind<char>::other>&)[m[K’:
[01m[K/root/ros2_ws/src/sort_track_msg/build/sort_track_msg/rosidl_generator_cpp/sort_track_msg/msg/detail/target__struct.hpp:114:11:[m[K [01;31m[Kerror: [m[Kexpected unqualified-id before ‘[01m[Kclass[m[K’
     this->[01;31m[Kclass[m[K = _arg;
           [01;31m[K^~~~~[m[K
[01m[K/root/ros2_ws/src/sort_track_msg/build/sort_track_msg/rosidl_generator_cpp/sort_track_msg/msg/detail/target__struct.hpp:[m[K In member function ‘[01m[Kbool sort_track_msg::msg::Target_<ContainerAllocator>::operator==(const sort_track_msg::msg::Target_<ContainerAllocator>&) const[m[K’:
[01m[K/root/ros2_ws/src/sort_track_msg/build/sort_track_msg/rosidl_generator_cpp/sort_track_msg/msg/detail/target__struct.hpp:211:15:[m[K [01;31m[Kerror: [m[Kexpected unqualified-id before ‘[01m[Kclass[m[K’
     if (this->[01;31m[Kclass[m[K != other.class) {
               [01;31m[K^~~~~[m[K
[01m[K/root/ros2_ws/src/sort_track_msg/build/sort_track_msg/rosidl_generator_cpp/sort_track_msg/msg/detail/target__struct.hpp:211:15:[m[K [01;31m[Kerror: [m[Kexpected ‘[01m[K)[m[K’ before ‘[01m[Kclass[m[K’
In file included from [01m[K/root/ros2_ws/src/sort_track_msg/build/sort_track_msg/rosidl_generator_cpp/sort_track_msg/msg/detail/targets__struct.hpp:21:0[m[K,
                 from [01m[K/root/ros2_ws/src/sort_track_msg/build/sort_track_msg/rosidl_typesupport_introspection_cpp/sort_track_msg/msg/detail/targets__type_support.cpp:12[m[K:
[01m[K/root/ros2_ws/src/sort_track_msg/build/sort_track_msg/rosidl_generator_cpp/sort_track_msg/msg/detail/target__struct.hpp:78:20:[m[K [01;31m[Kerror: [m[Kexpected identifier before ‘[01m[K;[m[K’ token
   _class_type class[01;31m[K;[m[K
                    [01;31m[K^[m[K
[01m[K/root/ros2_ws/src/sort_track_msg/build/sort_track_msg/rosidl_generator_cpp/sort_track_msg/msg/detail/target__struct.hpp:78:20:[m[K [01;31m[Kerror: [m[Kmultiple types in one declaration
[01m[K/root/ros2_ws/src/sort_track_msg/build/sort_track_msg/rosidl_generator_cpp/sort_track_msg/msg/detail/target__struct.hpp:78:20:[m[K [01;31m[Kerror: [m[Kdeclaration does not declare anything [[01;31m[K-fpermissive[m[K]
In file included from [01m[K/root/ros2_ws/src/sort_track_msg/build/sort_track_msg/rosidl_generator_cpp/sort_track_msg/msg/detail/targets__struct.hpp:21:0[m[K,
                 from [01m[K/root/ros2_ws/src/sort_track_msg/build/sort_track_msg/rosidl_typesupport_introspection_cpp/sort_track_msg/msg/detail/targets__type_support.cpp:12[m[K:
[01m[K/root/ros2_ws/src/sort_track_msg/build/sort_track_msg/rosidl_generator_cpp/sort_track_msg/msg/detail/target__struct.hpp:[m[K In constructor ‘[01m[Ksort_track_msg::msg::Target_<ContainerAllocator>::Target_(rosidl_runtime_cpp::MessageInitialization)[m[K’:
[01m[K/root/ros2_ws/src/sort_track_msg/build/sort_track_msg/rosidl_generator_cpp/sort_track_msg/msg/detail/target__struct.hpp:41:13:[m[K [01;31m[Kerror: [m[Kexpected unqualified-id before ‘[01m[Kclass[m[K’
       this->[01;31m[Kclass[m[K = "";
             [01;31m[K^~~~~[m[K
In file included from [01m[K/root/ros2_ws/src/sort_track_msg/build/sort_track_msg/rosidl_generator_cpp/sort_track_msg/msg/detail/targets__struct.hpp:21:0[m[K,
                 from [01m[K/root/ros2_ws/src/sort_track_msg/build/sort_track_msg/rosidl_typesupport_introspection_cpp/sort_track_msg/msg/detail/targets__type_support.cpp:12[m[K:
[01m[K/root/ros2_ws/src/sort_track_msg/build/sort_track_msg/rosidl_generator_cpp/sort_track_msg/msg/detail/target__struct.hpp:[m[K In constructor ‘[01m[Ksort_track_msg::msg::Target_<ContainerAllocator>::Target_(const ContainerAllocator&, rosidl_runtime_cpp::MessageInitialization)[m[K’:
[01m[K/root/ros2_ws/src/sort_track_msg/build/sort_track_msg/rosidl_generator_cpp/sort_track_msg/msg/detail/target__struct.hpp:54:5:[m[K [01;31m[Kerror: [m[Kexpected identifier before ‘[01m[Kclass[m[K’
   : [01;31m[Kclass[m[K(_alloc)
     [01;31m[K^~~~~[m[K
[01m[K/root/ros2_ws/src/sort_track_msg/build/sort_track_msg/rosidl_generator_cpp/sort_track_msg/msg/detail/target__struct.hpp:54:5:[m[K [01;31m[Kerror: [m[Kexpected ‘[01m[K{[m[K’ before ‘[01m[Kclass[m[K’
[01m[K/root/ros2_ws/src/sort_track_msg/build/sort_track_msg/rosidl_generator_cpp/sort_track_msg/msg/detail/target__struct.hpp:[m[K In member function ‘[01m[Ksort_track_msg::msg::Target_<ContainerAllocator>::Type& sort_track_msg::msg::Target_<ContainerAllocator>::set__class(const std::__cxx11::basic_string<char, std::char_traits<char>, typename ContainerAllocator::rebind<char>::other>&)[m[K’:
[01m[K/root/ros2_ws/src/sort_track_msg/build/sort_track_msg/rosidl_generator_cpp/sort_track_msg/msg/detail/target__struct.hpp:114:11:[m[K [01;31m[Kerror: [m[Kexpected unqualified-id before ‘[01m[Kclass[m[K’
     this->[01;31m[Kclass[m[K = _arg;
           [01;31m[K^~~~~[m[K
[01m[K/root/ros2_ws/src/sort_track_msg/build/sort_track_msg/rosidl_generator_cpp/sort_track_msg/msg/detail/target__struct.hpp:[m[K In member function ‘[01m[Kbool sort_track_msg::msg::Target_<ContainerAllocator>::operator==(const sort_track_msg::msg::Target_<ContainerAllocator>&) const[m[K’:
[01m[K/root/ros2_ws/src/sort_track_msg/build/sort_track_msg/rosidl_generator_cpp/sort_track_msg/msg/detail/target__struct.hpp:211:15:[m[K [01;31m[Kerror: [m[Kexpected unqualified-id before ‘[01m[Kclass[m[K’
     if (this->[01;31m[Kclass[m[K != other.class) {
               [01;31m[K^~~~~[m[K
[01m[K/root/ros2_ws/src/sort_track_msg/build/sort_track_msg/rosidl_generator_cpp/sort_track_msg/msg/detail/target__struct.hpp:211:15:[m[K [01;31m[Kerror: [m[Kexpected ‘[01m[K)[m[K’ before ‘[01m[Kclass[m[K’
In file included from [01m[K/root/ros2_ws/src/sort_track_msg/build/sort_track_msg/rosidl_typesupport_introspection_cpp/sort_track_msg/msg/detail/target__type_support.cpp:12:0[m[K:
[01m[K/root/ros2_ws/src/sort_track_msg/build/sort_track_msg/rosidl_generator_cpp/sort_track_msg/msg/detail/target__struct.hpp:78:20:[m[K [01;31m[Kerror: [m[Kexpected identifier before ‘[01m[K;[m[K’ token
   _class_type class[01;31m[K;[m[K
                    [01;31m[K^[m[K
[01m[K/root/ros2_ws/src/sort_track_msg/build/sort_track_msg/rosidl_generator_cpp/sort_track_msg/msg/detail/target__struct.hpp:78:20:[m[K [01;31m[Kerror: [m[Kmultiple types in one declaration
[01m[K/root/ros2_ws/src/sort_track_msg/build/sort_track_msg/rosidl_generator_cpp/sort_track_msg/msg/detail/target__struct.hpp:78:20:[m[K [01;31m[Kerror: [m[Kdeclaration does not declare anything [[01;31m[K-fpermissive[m[K]
In file included from [01m[K/root/ros2_ws/src/sort_track_msg/build/sort_track_msg/rosidl_typesupport_introspection_cpp/sort_track_msg/msg/detail/target__type_support.cpp:12:0[m[K:
[01m[K/root/ros2_ws/src/sort_track_msg/build/sort_track_msg/rosidl_generator_cpp/sort_track_msg/msg/detail/target__struct.hpp:[m[K In constructor ‘[01m[Ksort_track_msg::msg::Target_<ContainerAllocator>::Target_(rosidl_runtime_cpp::MessageInitialization)[m[K’:
[01m[K/root/ros2_ws/src/sort_track_msg/build/sort_track_msg/rosidl_generator_cpp/sort_track_msg/msg/detail/target__struct.hpp:41:13:[m[K [01;31m[Kerror: [m[Kexpected unqualified-id before ‘[01m[Kclass[m[K’
       this->[01;31m[Kclass[m[K = "";
             [01;31m[K^~~~~[m[K
In file included from [01m[K/root/ros2_ws/src/sort_track_msg/build/sort_track_msg/rosidl_typesupport_introspection_cpp/sort_track_msg/msg/detail/target__type_support.cpp:12:0[m[K:
[01m[K/root/ros2_ws/src/sort_track_msg/build/sort_track_msg/rosidl_generator_cpp/sort_track_msg/msg/detail/target__struct.hpp:[m[K In constructor ‘[01m[Ksort_track_msg::msg::Target_<ContainerAllocator>::Target_(const ContainerAllocator&, rosidl_runtime_cpp::MessageInitialization)[m[K’:
[01m[K/root/ros2_ws/src/sort_track_msg/build/sort_track_msg/rosidl_generator_cpp/sort_track_msg/msg/detail/target__struct.hpp:54:5:[m[K [01;31m[Kerror: [m[Kexpected identifier before ‘[01m[Kclass[m[K’
   : [01;31m[Kclass[m[K(_alloc)
     [01;31m[K^~~~~[m[K
[01m[K/root/ros2_ws/src/sort_track_msg/build/sort_track_msg/rosidl_generator_cpp/sort_track_msg/msg/detail/target__struct.hpp:54:5:[m[K [01;31m[Kerror: [m[Kexpected ‘[01m[K{[m[K’ before ‘[01m[Kclass[m[K’
[01m[K/root/ros2_ws/src/sort_track_msg/build/sort_track_msg/rosidl_generator_cpp/sort_track_msg/msg/detail/target__struct.hpp:[m[K In member function ‘[01m[Ksort_track_msg::msg::Target_<ContainerAllocator>::Type& sort_track_msg::msg::Target_<ContainerAllocator>::set__class(const std::__cxx11::basic_string<char, std::char_traits<char>, typename ContainerAllocator::rebind<char>::other>&)[m[K’:
[01m[K/root/ros2_ws/src/sort_track_msg/build/sort_track_msg/rosidl_generator_cpp/sort_track_msg/msg/detail/target__struct.hpp:114:11:[m[K [01;31m[Kerror: [m[Kexpected unqualified-id before ‘[01m[Kclass[m[K’
     this->[01;31m[Kclass[m[K = _arg;
           [01;31m[K^~~~~[m[K
[01m[K/root/ros2_ws/src/sort_track_msg/build/sort_track_msg/rosidl_generator_cpp/sort_track_msg/msg/detail/target__struct.hpp:[m[K In member function ‘[01m[Kbool sort_track_msg::msg::Target_<ContainerAllocator>::operator==(const sort_track_msg::msg::Target_<ContainerAllocator>&) const[m[K’:
[01m[K/root/ros2_ws/src/sort_track_msg/build/sort_track_msg/rosidl_generator_cpp/sort_track_msg/msg/detail/target__struct.hpp:211:15:[m[K [01;31m[Kerror: [m[Kexpected unqualified-id before ‘[01m[Kclass[m[K’
     if (this->[01;31m[Kclass[m[K != other.class) {
               [01;31m[K^~~~~[m[K
[01m[K/root/ros2_ws/src/sort_track_msg/build/sort_track_msg/rosidl_generator_cpp/sort_track_msg/msg/detail/target__struct.hpp:211:15:[m[K [01;31m[Kerror: [m[Kexpected ‘[01m[K)[m[K’ before ‘[01m[Kclass[m[K’
In file included from [01m[K/usr/include/aarch64-linux-gnu/bits/_G_config.h:19:0[m[K,
                 from [01m[K/usr/include/aarch64-linux-gnu/bits/libio.h:35[m[K,
                 from [01m[K/usr/include/stdio.h:41[m[K,
                 from [01m[K/usr/include/c++/7/cstdio:42[m[K,
                 from [01m[K/usr/include/c++/7/ext/string_conversions.h:43[m[K,
                 from [01m[K/usr/include/c++/7/bits/basic_string.h:6361[m[K,
                 from [01m[K/usr/include/c++/7/string:52[m[K,
                 from [01m[K/usr/include/c++/7/stdexcept:39[m[K,
                 from [01m[K/usr/include/c++/7/array:39[m[K,
                 from [01m[K/root/ros2_ws/src/sort_track_msg/build/sort_track_msg/rosidl_typesupport_introspection_cpp/sort_track_msg/msg/detail/target__type_support.cpp:5[m[K:
[01m[K/root/ros2_ws/src/sort_track_msg/build/sort_track_msg/rosidl_typesupport_introspection_cpp/sort_track_msg/msg/detail/target__type_support.cpp:[m[K At global scope:
[01m[K/root/ros2_ws/src/sort_track_msg/build/sort_track_msg/rosidl_typesupport_introspection_cpp/sort_track_msg/msg/detail/target__type_support.cpp:64:43:[m[K [01;31m[Kerror: [m[Kexpected unqualified-id before ‘[01m[Kclass[m[K’
     offsetof(sort_track_msg::msg::Target, [01;31m[Kc[m[Klass),  // bytes offset in struct
                                           [01;31m[K^[m[K
[01m[K/root/ros2_ws/src/sort_track_msg/build/sort_track_msg/rosidl_typesupport_introspection_cpp/sort_track_msg/msg/detail/target__type_support.cpp:64:43:[m[K [01;31m[Kerror: [m[Kexpected ‘[01m[K)[m[K’ before ‘[01m[Kclass[m[K’
In file included from [01m[K/root/ros2_ws/src/sort_track_msg/build/sort_track_msg/rosidl_generator_cpp/sort_track_msg/msg/detail/tracks__struct.hpp:21:0[m[K,
                 from [01m[K/root/ros2_ws/src/sort_track_msg/build/sort_track_msg/rosidl_typesupport_fastrtps_cpp/sort_track_msg/msg/detail/tracks__rosidl_typesupport_fastrtps_cpp.hpp:11[m[K,
                 from [01m[K/root/ros2_ws/src/sort_track_msg/build/sort_track_msg/rosidl_typesupport_fastrtps_cpp/sort_track_msg/msg/detail/dds_fastrtps/tracks__type_support.cpp:4[m[K:
[01m[K/root/ros2_ws/src/sort_track_msg/build/sort_track_msg/rosidl_generator_cpp/sort_track_msg/msg/detail/bounding_box__struct.hpp:70:20:[m[K [01;31m[Kerror: [m[Kexpected identifier before ‘[01m[K;[m[K’ token
   _class_type class[01;31m[K;[m[K
                    [01;31m[K^[m[K
[01m[K/root/ros2_ws/src/sort_track_msg/build/sort_track_msg/rosidl_generator_cpp/sort_track_msg/msg/detail/bounding_box__struct.hpp:70:20:[m[K [01;31m[Kerror: [m[Kmultiple types in one declaration
[01m[K/root/ros2_ws/src/sort_track_msg/build/sort_track_msg/rosidl_generator_cpp/sort_track_msg/msg/detail/bounding_box__struct.hpp:70:20:[m[K [01;31m[Kerror: [m[Kdeclaration does not declare anything [[01;31m[K-fpermissive[m[K]
In file included from [01m[K/root/ros2_ws/src/sort_track_msg/build/sort_track_msg/rosidl_generator_cpp/sort_track_msg/msg/detail/tracks__struct.hpp:21:0[m[K,
                 from [01m[K/root/ros2_ws/src/sort_track_msg/build/sort_track_msg/rosidl_typesupport_fastrtps_cpp/sort_track_msg/msg/detail/tracks__rosidl_typesupport_fastrtps_cpp.hpp:11[m[K,
                 from [01m[K/root/ros2_ws/src/sort_track_msg/build/sort_track_msg/rosidl_typesupport_fastrtps_cpp/sort_track_msg/msg/detail/dds_fastrtps/tracks__type_support.cpp:4[m[K:
[01m[K/root/ros2_ws/src/sort_track_msg/build/sort_track_msg/rosidl_generator_cpp/sort_track_msg/msg/detail/bounding_box__struct.hpp:[m[K In constructor ‘[01m[Ksort_track_msg::msg::BoundingBox_<ContainerAllocator>::BoundingBox_(rosidl_runtime_cpp::MessageInitialization)[m[K’:
[01m[K/root/ros2_ws/src/sort_track_msg/build/sort_track_msg/rosidl_generator_cpp/sort_track_msg/msg/detail/bounding_box__struct.hpp:41:13:[m[K [01;31m[Kerror: [m[Kexpected unqualified-id before ‘[01m[Kclass[m[K’
       this->[01;31m[Kclass[m[K = "";
             [01;31m[K^~~~~[m[K
In file included from [01m[K/root/ros2_ws/src/sort_track_msg/build/sort_track_msg/rosidl_generator_cpp/sort_track_msg/msg/detail/tracks__struct.hpp:21:0[m[K,
                 from [01m[K/root/ros2_ws/src/sort_track_msg/build/sort_track_msg/rosidl_typesupport_fastrtps_cpp/sort_track_msg/msg/detail/tracks__rosidl_typesupport_fastrtps_cpp.hpp:11[m[K,
                 from [01m[K/root/ros2_ws/src/sort_track_msg/build/sort_track_msg/rosidl_typesupport_fastrtps_cpp/sort_track_msg/msg/detail/dds_fastrtps/tracks__type_support.cpp:4[m[K:
[01m[K/root/ros2_ws/src/sort_track_msg/build/sort_track_msg/rosidl_generator_cpp/sort_track_msg/msg/detail/bounding_box__struct.hpp:[m[K In constructor ‘[01m[Ksort_track_msg::msg::BoundingBox_<ContainerAllocator>::BoundingBox_(const ContainerAllocator&, rosidl_runtime_cpp::MessageInitialization)[m[K’:
[01m[K/root/ros2_ws/src/sort_track_msg/build/sort_track_msg/rosidl_generator_cpp/sort_track_msg/msg/detail/bounding_box__struct.hpp:50:5:[m[K [01;31m[Kerror: [m[Kexpected identifier before ‘[01m[Kclass[m[K’
   : [01;31m[Kclass[m[K(_alloc)
     [01;31m[K^~~~~[m[K
[01m[K/root/ros2_ws/src/sort_track_msg/build/sort_track_msg/rosidl_generator_cpp/sort_track_msg/msg/detail/bounding_box__struct.hpp:50:5:[m[K [01;31m[Kerror: [m[Kexpected ‘[01m[K{[m[K’ before ‘[01m[Kclass[m[K’
[01m[K/root/ros2_ws/src/sort_track_msg/build/sort_track_msg/rosidl_generator_cpp/sort_track_msg/msg/detail/bounding_box__struct.hpp:[m[K In member function ‘[01m[Ksort_track_msg::msg::BoundingBox_<ContainerAllocator>::Type& sort_track_msg::msg::BoundingBox_<ContainerAllocator>::set__class(const std::__cxx11::basic_string<char, std::char_traits<char>, typename ContainerAllocator::rebind<char>::other>&)[m[K’:
[01m[K/root/ros2_ws/src/sort_track_msg/build/sort_track_msg/rosidl_generator_cpp/sort_track_msg/msg/detail/bounding_box__struct.hpp:94:11:[m[K [01;31m[Kerror: [m[Kexpected unqualified-id before ‘[01m[Kclass[m[K’
     this->[01;31m[Kclass[m[K = _arg;
           [01;31m[K^~~~~[m[K
[01m[K/root/ros2_ws/src/sort_track_msg/build/sort_track_msg/rosidl_generator_cpp/sort_track_msg/msg/detail/bounding_box__struct.hpp:[m[K In member function ‘[01m[Kbool sort_track_msg::msg::BoundingBox_<ContainerAllocator>::operator==(const sort_track_msg::msg::BoundingBox_<ContainerAllocator>&) const[m[K’:
[01m[K/root/ros2_ws/src/sort_track_msg/build/sort_track_msg/rosidl_generator_cpp/sort_track_msg/msg/detail/bounding_box__struct.hpp:167:15:[m[K [01;31m[Kerror: [m[Kexpected unqualified-id before ‘[01m[Kclass[m[K’
     if (this->[01;31m[Kclass[m[K != other.class) {
               [01;31m[K^~~~~[m[K
[01m[K/root/ros2_ws/src/sort_track_msg/build/sort_track_msg/rosidl_generator_cpp/sort_track_msg/msg/detail/bounding_box__struct.hpp:167:15:[m[K [01;31m[Kerror: [m[Kexpected ‘[01m[K)[m[K’ before ‘[01m[Kclass[m[K’
make[2]: *** [CMakeFiles/sort_track_msg__rosidl_typesupport_fastrtps_cpp.dir/rosidl_typesupport_fastrtps_cpp/sort_track_msg/msg/detail/dds_fastrtps/bounding_box__type_support.cpp.o] Error 1
make[2]: *** Waiting for unfinished jobs....
make[2]: *** [CMakeFiles/sort_track_msg__rosidl_typesupport_introspection_cpp.dir/rosidl_typesupport_introspection_cpp/sort_track_msg/msg/detail/target__type_support.cpp.o] Error 1
[01m[K/root/ros2_ws/src/sort_track_msg/build/sort_track_msg/rosidl_typesupport_fastrtps_cpp/sort_track_msg/msg/detail/dds_fastrtps/target__type_support.cpp:[m[K In function ‘[01m[Kbool sort_track_msg::msg::typesupport_fastrtps_cpp::cdr_serialize(const Target&, eprosima::fastcdr::Cdr&)[m[K’:
[01m[K/root/ros2_ws/src/sort_track_msg/build/sort_track_msg/rosidl_typesupport_fastrtps_cpp/sort_track_msg/msg/detail/dds_fastrtps/target__type_support.cpp:38:22:[m[K [01;31m[Kerror: [m[Kexpected unqualified-id before ‘[01m[Kclass[m[K’
   cdr << ros_message.[01;31m[Kclass[m[K;
                      [01;31m[K^~~~~[m[K
[01m[K/root/ros2_ws/src/sort_track_msg/build/sort_track_msg/rosidl_typesupport_fastrtps_cpp/sort_track_msg/msg/detail/dds_fastrtps/target__type_support.cpp:[m[K In function ‘[01m[Kbool sort_track_msg::msg::typesupport_fastrtps_cpp::cdr_deserialize(eprosima::fastcdr::Cdr&, sort_track_msg::msg::Target&)[m[K’:
[01m[K/root/ros2_ws/src/sort_track_msg/build/sort_track_msg/rosidl_typesupport_fastrtps_cpp/sort_track_msg/msg/detail/dds_fastrtps/target__type_support.cpp:68:22:[m[K [01;31m[Kerror: [m[Kexpected unqualified-id before ‘[01m[Kclass[m[K’
   cdr >> ros_message.[01;31m[Kclass[m[K;
                      [01;31m[K^~~~~[m[K
[01m[K/root/ros2_ws/src/sort_track_msg/build/sort_track_msg/rosidl_typesupport_fastrtps_cpp/sort_track_msg/msg/detail/dds_fastrtps/target__type_support.cpp:[m[K In function ‘[01m[Ksize_t sort_track_msg::msg::typesupport_fastrtps_cpp::get_serialized_size(const Target&, size_t)[m[K’:
[01m[K/root/ros2_ws/src/sort_track_msg/build/sort_track_msg/rosidl_typesupport_fastrtps_cpp/sort_track_msg/msg/detail/dds_fastrtps/target__type_support.cpp:119:18:[m[K [01;31m[Kerror: [m[Kexpected unqualified-id before ‘[01m[Kclass[m[K’
     (ros_message.[01;31m[Kclass[m[K.size() + 1);
                  [01;31m[K^~~~~[m[K
[01m[K/root/ros2_ws/src/sort_track_msg/build/sort_track_msg/rosidl_typesupport_fastrtps_cpp/sort_track_msg/msg/detail/dds_fastrtps/target__type_support.cpp:119:18:[m[K [01;31m[Kerror: [m[Kexpected ‘[01m[K)[m[K’ before ‘[01m[Kclass[m[K’
make[2]: *** [CMakeFiles/sort_track_msg__rosidl_typesupport_introspection_cpp.dir/rosidl_typesupport_introspection_cpp/sort_track_msg/msg/detail/targets__type_support.cpp.o] Error 1
make[1]: *** [CMakeFiles/sort_track_msg__rosidl_typesupport_introspection_cpp.dir/all] Error 2
make[2]: *** [CMakeFiles/sort_track_msg__rosidl_typesupport_fastrtps_cpp.dir/rosidl_typesupport_fastrtps_cpp/sort_track_msg/msg/detail/dds_fastrtps/target__type_support.cpp.o] Error 1
make[2]: *** [CMakeFiles/sort_track_msg__rosidl_typesupport_fastrtps_cpp.dir/rosidl_typesupport_fastrtps_cpp/sort_track_msg/msg/detail/dds_fastrtps/targets__type_support.cpp.o] Error 1
make[2]: *** [CMakeFiles/sort_track_msg__rosidl_typesupport_fastrtps_cpp.dir/rosidl_typesupport_fastrtps_cpp/sort_track_msg/msg/detail/dds_fastrtps/tracks__type_support.cpp.o] Error 1
make[1]: *** [CMakeFiles/sort_track_msg__rosidl_typesupport_fastrtps_cpp.dir/all] Error 2
make: *** [all] Error 2
