-- Found ament_cmake: 0.9.9 (/opt/ros/foxy/install/share/ament_cmake/cmake)
-- Found PythonInterp: /usr/bin/python3 (found suitable version "3.6.9", minimum required is "3") 
-- Using PYTHON_EXECUTABLE: /usr/bin/python3
-- Found std_msgs: 2.0.4 (/opt/ros/foxy/install/share/std_msgs/cmake)
-- Using all available rosidl_typesupport_c: rosidl_typesupport_fastrtps_c;rosidl_typesupport_introspection_c
-- Found rosidl_adapter: 1.2.1 (/opt/ros/foxy/install/share/rosidl_adapter/cmake)
-- Using all available rosidl_typesupport_cpp: rosidl_typesupport_fastrtps_cpp;rosidl_typesupport_introspection_cpp
-- Found rosidl_default_generators: 1.0.1 (/opt/ros/foxy/install/share/rosidl_default_generators/cmake)
-- Found PythonInterp: /usr/bin/python3 (found version "3.6.9") 
-- Found ament_cmake_ros: 0.9.2 (/opt/ros/foxy/install/share/ament_cmake_ros/cmake)
-- Using all available rosidl_typesupport_c: rosidl_typesupport_fastrtps_c;rosidl_typesupport_introspection_c
-- Using all available rosidl_typesupport_cpp: rosidl_typesupport_fastrtps_cpp;rosidl_typesupport_introspection_cpp
-- Found PythonInterp: /usr/bin/python3 (found suitable version "3.6.9", minimum required is "3.5") 
-- Found python_cmake_module: 0.8.1 (/opt/ros/foxy/install/share/python_cmake_module/cmake)
-- Found PythonLibs: /usr/lib/aarch64-linux-gnu/libpython3.6m.so (found suitable version "3.6.9", minimum required is "3.5") 
-- Using PYTHON_EXECUTABLE: /usr/bin/python3
-- Using PYTHON_INCLUDE_DIRS: /usr/include/python3.6m
-- Using PYTHON_LIBRARIES: /usr/lib/aarch64-linux-gnu/libpython3.6m.so
-- Found PythonExtra: .so  
-- Using numpy include directory: /usr/local/lib/python3.6/dist-packages/numpy/core/include
-- Found ament_lint_auto: 0.9.6 (/opt/ros/foxy/install/share/ament_lint_auto/cmake)
-- Added test 'copyright' to check source files copyright and LICENSE
-- Added test 'cppcheck' to perform static code analysis on C / C++ code
-- Configured cppcheck include dirs: $<BUILD_INTERFACE:/root/ros2_ws/src/sort_track_msg/build/sort_track_msg/rosidl_generator_c>;/root/ros2_ws/src/sort_track_msg/build/sort_track_msg/rosidl_generator_c;/root/ros2_ws/src/sort_track_msg/build/sort_track_msg/rosidl_generator_cpp;/root/ros2_ws/src/sort_track_msg/build/sort_track_msg/rosidl_typesupport_fastrtps_c;/root/ros2_ws/src/sort_track_msg/build/sort_track_msg/rosidl_typesupport_fastrtps_cpp;$<BUILD_INTERFACE:/root/ros2_ws/src/sort_track_msg/build/sort_track_msg/rosidl_typesupport_introspection_c>;$<BUILD_INTERFACE:/root/ros2_ws/src/sort_track_msg/build/sort_track_msg/rosidl_typesupport_c>;$<BUILD_INTERFACE:/root/ros2_ws/src/sort_track_msg/build/sort_track_msg/rosidl_generator_cpp>;/root/ros2_ws/src/sort_track_msg/build/sort_track_msg/rosidl_generator_py
-- Configured cppcheck exclude dirs and/or files: 
-- Added test 'cpplint' to check C / C++ code against the Google style
-- Configured cpplint exclude dirs and/or files: 
-- Added test 'flake8' to check Python code syntax and style conventions
-- Added test 'lint_cmake' to check CMake code style
-- Added test 'pep257' to check Python code against some of the style conventions in PEP 257
-- Added test 'uncrustify' to check C / C++ code style
-- Configured uncrustify additional arguments: 
-- Added test 'xmllint' to check XML markup files
-- Configuring done
-- Generating done
-- Build files have been written to: /root/ros2_ws/src/sort_track_msg/build/sort_track_msg
[  1%] [34m[1mGenerating C code for ROS interfaces[0m
[  3%] [34m[1mGenerating C++ code for ROS interfaces[0m
[  3%] Built target sort_track_msg__cpp
[  7%] [34m[1mGenerating C++ introspection for ROS interfaces[0m
[  7%] [34m[1mGenerating C++ type support for eProsima Fast-RTPS[0m
[  9%] [34m[1mGenerating C++ type support dispatch for ROS interfaces[0m
[ 12%] [32mBuilding C object CMakeFiles/sort_track_msg__rosidl_generator_c.dir/rosidl_generator_c/sort_track_msg/msg/detail/bounding_box__functions.c.o[0m
[ 12%] [32mBuilding C object CMakeFiles/sort_track_msg__rosidl_generator_c.dir/rosidl_generator_c/sort_track_msg/msg/detail/target__functions.c.o[0m
[ 14%] [32mBuilding C object CMakeFiles/sort_track_msg__rosidl_generator_c.dir/rosidl_generator_c/sort_track_msg/msg/detail/targets__functions.c.o[0m
[ 16%] [32mBuilding C object CMakeFiles/sort_track_msg__rosidl_generator_c.dir/rosidl_generator_c/sort_track_msg/msg/detail/tracks__functions.c.o[0m
[ 18%] [32m[1mLinking C shared library libsort_track_msg__rosidl_generator_c.so[0m
[ 18%] Built target sort_track_msg__rosidl_generator_c
[ 20%] [34m[1mGenerating C introspection for ROS interfaces[0m
[ 21%] [34m[1mGenerating C type support dispatch for ROS interfaces[0m
[ 23%] [32mBuilding CXX object CMakeFiles/sort_track_msg__rosidl_typesupport_cpp.dir/rosidl_typesupport_cpp/sort_track_msg/msg/bounding_box__type_support.cpp.o[0m
[ 25%] [32mBuilding CXX object CMakeFiles/sort_track_msg__rosidl_typesupport_cpp.dir/rosidl_typesupport_cpp/sort_track_msg/msg/target__type_support.cpp.o[0m
[ 27%] [32mBuilding CXX object CMakeFiles/sort_track_msg__rosidl_typesupport_cpp.dir/rosidl_typesupport_cpp/sort_track_msg/msg/targets__type_support.cpp.o[0m
[ 29%] [32mBuilding CXX object CMakeFiles/sort_track_msg__rosidl_typesupport_cpp.dir/rosidl_typesupport_cpp/sort_track_msg/msg/tracks__type_support.cpp.o[0m
[ 30%] [32mBuilding CXX object CMakeFiles/sort_track_msg__rosidl_typesupport_introspection_cpp.dir/rosidl_typesupport_introspection_cpp/sort_track_msg/msg/detail/bounding_box__type_support.cpp.o[0m
[ 32%] [32mBuilding CXX object CMakeFiles/sort_track_msg__rosidl_typesupport_fastrtps_cpp.dir/rosidl_typesupport_fastrtps_cpp/sort_track_msg/msg/detail/dds_fastrtps/bounding_box__type_support.cpp.o[0m
[ 34%] [32mBuilding CXX object CMakeFiles/sort_track_msg__rosidl_typesupport_c.dir/rosidl_typesupport_c/sort_track_msg/msg/bounding_box__type_support.cpp.o[0m
In file included from [01m[K/root/ros2_ws/src/sort_track_msg/build/sort_track_msg/rosidl_typesupport_c/sort_track_msg/msg/bounding_box__type_support.cpp:8:0[m[K:
[01m[K/root/ros2_ws/src/sort_track_msg/build/sort_track_msg/rosidl_generator_c/sort_track_msg/msg/detail/bounding_box__struct.h:28:33:[m[K [01;31m[Kerror: [m[Kexpected identifier before ‘[01m[K;[m[K’ token
   rosidl_runtime_c__String class[01;31m[K;[m[K
                                 [01;31m[K^[m[K
[01m[K/root/ros2_ws/src/sort_track_msg/build/sort_track_msg/rosidl_generator_c/sort_track_msg/msg/detail/bounding_box__struct.h:28:33:[m[K [01;31m[Kerror: [m[Kmultiple types in one declaration
[01m[K/root/ros2_ws/src/sort_track_msg/build/sort_track_msg/rosidl_generator_c/sort_track_msg/msg/detail/bounding_box__struct.h:28:33:[m[K [01;31m[Kerror: [m[Kdeclaration does not declare anything [[01;31m[K-fpermissive[m[K]
CMakeFiles/sort_track_msg__rosidl_typesupport_c.dir/build.make:97: recipe for target 'CMakeFiles/sort_track_msg__rosidl_typesupport_c.dir/rosidl_typesupport_c/sort_track_msg/msg/bounding_box__type_support.cpp.o' failed
make[2]: *** [CMakeFiles/sort_track_msg__rosidl_typesupport_c.dir/rosidl_typesupport_c/sort_track_msg/msg/bounding_box__type_support.cpp.o] Error 1
CMakeFiles/Makefile2:434: recipe for target 'CMakeFiles/sort_track_msg__rosidl_typesupport_c.dir/all' failed
make[1]: *** [CMakeFiles/sort_track_msg__rosidl_typesupport_c.dir/all] Error 2
make[1]: *** Waiting for unfinished jobs....
[ 36%] [32mBuilding CXX object CMakeFiles/sort_track_msg__rosidl_typesupport_fastrtps_cpp.dir/rosidl_typesupport_fastrtps_cpp/sort_track_msg/msg/detail/dds_fastrtps/target__type_support.cpp.o[0m
In file included from [01m[K/root/ros2_ws/src/sort_track_msg/build/sort_track_msg/rosidl_generator_cpp/sort_track_msg/msg/detail/targets__struct.hpp:21:0[m[K,
                 from [01m[K/root/ros2_ws/src/sort_track_msg/build/sort_track_msg/rosidl_typesupport_cpp/sort_track_msg/msg/targets__type_support.cpp:7[m[K:
[01m[K/root/ros2_ws/src/sort_track_msg/build/sort_track_msg/rosidl_generator_cpp/sort_track_msg/msg/detail/target__struct.hpp:78:20:[m[K [01;31m[Kerror: [m[Kexpected identifier before ‘[01m[K;[m[K’ token
   _class_type class[01;31m[K;[m[K
                    [01;31m[K^[m[K
[01m[K/root/ros2_ws/src/sort_track_msg/build/sort_track_msg/rosidl_generator_cpp/sort_track_msg/msg/detail/target__struct.hpp:78:20:[m[K [01;31m[Kerror: [m[Kmultiple types in one declaration
[01m[K/root/ros2_ws/src/sort_track_msg/build/sort_track_msg/rosidl_generator_cpp/sort_track_msg/msg/detail/target__struct.hpp:78:20:[m[K [01;31m[Kerror: [m[Kdeclaration does not declare anything [[01;31m[K-fpermissive[m[K]
In file included from [01m[K/root/ros2_ws/src/sort_track_msg/build/sort_track_msg/rosidl_generator_cpp/sort_track_msg/msg/detail/targets__struct.hpp:21:0[m[K,
                 from [01m[K/root/ros2_ws/src/sort_track_msg/build/sort_track_msg/rosidl_typesupport_cpp/sort_track_msg/msg/targets__type_support.cpp:7[m[K:
[01m[K/root/ros2_ws/src/sort_track_msg/build/sort_track_msg/rosidl_generator_cpp/sort_track_msg/msg/detail/target__struct.hpp:[m[K In constructor ‘[01m[Ksort_track_msg::msg::Target_<ContainerAllocator>::Target_(rosidl_runtime_cpp::MessageInitialization)[m[K’:
[01m[K/root/ros2_ws/src/sort_track_msg/build/sort_track_msg/rosidl_generator_cpp/sort_track_msg/msg/detail/target__struct.hpp:41:13:[m[K [01;31m[Kerror: [m[Kexpected unqualified-id before ‘[01m[Kclass[m[K’
       this->[01;31m[Kclass[m[K = "";
             [01;31m[K^~~~~[m[K
In file included from [01m[K/root/ros2_ws/src/sort_track_msg/build/sort_track_msg/rosidl_generator_cpp/sort_track_msg/msg/detail/targets__struct.hpp:21:0[m[K,
                 from [01m[K/root/ros2_ws/src/sort_track_msg/build/sort_track_msg/rosidl_typesupport_cpp/sort_track_msg/msg/targets__type_support.cpp:7[m[K:
[01m[K/root/ros2_ws/src/sort_track_msg/build/sort_track_msg/rosidl_generator_cpp/sort_track_msg/msg/detail/target__struct.hpp:[m[K In constructor ‘[01m[Ksort_track_msg::msg::Target_<ContainerAllocator>::Target_(const ContainerAllocator&, rosidl_runtime_cpp::MessageInitialization)[m[K’:
[01m[K/root/ros2_ws/src/sort_track_msg/build/sort_track_msg/rosidl_generator_cpp/sort_track_msg/msg/detail/target__struct.hpp:54:5:[m[K [01;31m[Kerror: [m[Kexpected identifier before ‘[01m[Kclass[m[K’
   : [01;31m[Kclass[m[K(_alloc)
     [01;31m[K^~~~~[m[K
[01m[K/root/ros2_ws/src/sort_track_msg/build/sort_track_msg/rosidl_generator_cpp/sort_track_msg/msg/detail/target__struct.hpp:54:5:[m[K [01;31m[Kerror: [m[Kexpected ‘[01m[K{[m[K’ before ‘[01m[Kclass[m[K’
[01m[K/root/ros2_ws/src/sort_track_msg/build/sort_track_msg/rosidl_generator_cpp/sort_track_msg/msg/detail/target__struct.hpp:[m[K In member function ‘[01m[Ksort_track_msg::msg::Target_<ContainerAllocator>::Type& sort_track_msg::msg::Target_<ContainerAllocator>::set__class(const std::__cxx11::basic_string<char, std::char_traits<char>, typename ContainerAllocator::rebind<char>::other>&)[m[K’:
[01m[K/root/ros2_ws/src/sort_track_msg/build/sort_track_msg/rosidl_generator_cpp/sort_track_msg/msg/detail/target__struct.hpp:114:11:[m[K [01;31m[Kerror: [m[Kexpected unqualified-id before ‘[01m[Kclass[m[K’
     this->[01;31m[Kclass[m[K = _arg;
           [01;31m[K^~~~~[m[K
[01m[K/root/ros2_ws/src/sort_track_msg/build/sort_track_msg/rosidl_generator_cpp/sort_track_msg/msg/detail/target__struct.hpp:[m[K In member function ‘[01m[Kbool sort_track_msg::msg::Target_<ContainerAllocator>::operator==(const sort_track_msg::msg::Target_<ContainerAllocator>&) const[m[K’:
[01m[K/root/ros2_ws/src/sort_track_msg/build/sort_track_msg/rosidl_generator_cpp/sort_track_msg/msg/detail/target__struct.hpp:211:15:[m[K [01;31m[Kerror: [m[Kexpected unqualified-id before ‘[01m[Kclass[m[K’
     if (this->[01;31m[Kclass[m[K != other.class) {
               [01;31m[K^~~~~[m[K
[01m[K/root/ros2_ws/src/sort_track_msg/build/sort_track_msg/rosidl_generator_cpp/sort_track_msg/msg/detail/target__struct.hpp:211:15:[m[K [01;31m[Kerror: [m[Kexpected ‘[01m[K)[m[K’ before ‘[01m[Kclass[m[K’
In file included from [01m[K/root/ros2_ws/src/sort_track_msg/build/sort_track_msg/rosidl_typesupport_cpp/sort_track_msg/msg/bounding_box__type_support.cpp:7:0[m[K:
[01m[K/root/ros2_ws/src/sort_track_msg/build/sort_track_msg/rosidl_generator_cpp/sort_track_msg/msg/detail/bounding_box__struct.hpp:70:20:[m[K [01;31m[Kerror: [m[Kexpected identifier before ‘[01m[K;[m[K’ token
   _class_type class[01;31m[K;[m[K
                    [01;31m[K^[m[K
[01m[K/root/ros2_ws/src/sort_track_msg/build/sort_track_msg/rosidl_generator_cpp/sort_track_msg/msg/detail/bounding_box__struct.hpp:70:20:[m[K [01;31m[Kerror: [m[Kmultiple types in one declaration
[01m[K/root/ros2_ws/src/sort_track_msg/build/sort_track_msg/rosidl_generator_cpp/sort_track_msg/msg/detail/bounding_box__struct.hpp:70:20:[m[K [01;31m[Kerror: [m[Kdeclaration does not declare anything [[01;31m[K-fpermissive[m[K]
In file included from [01m[K/root/ros2_ws/src/sort_track_msg/build/sort_track_msg/rosidl_typesupport_cpp/sort_track_msg/msg/bounding_box__type_support.cpp:7:0[m[K:
[01m[K/root/ros2_ws/src/sort_track_msg/build/sort_track_msg/rosidl_generator_cpp/sort_track_msg/msg/detail/bounding_box__struct.hpp:[m[K In constructor ‘[01m[Ksort_track_msg::msg::BoundingBox_<ContainerAllocator>::BoundingBox_(rosidl_runtime_cpp::MessageInitialization)[m[K’:
[01m[K/root/ros2_ws/src/sort_track_msg/build/sort_track_msg/rosidl_generator_cpp/sort_track_msg/msg/detail/bounding_box__struct.hpp:41:13:[m[K [01;31m[Kerror: [m[Kexpected unqualified-id before ‘[01m[Kclass[m[K’
       this->[01;31m[Kclass[m[K = "";
             [01;31m[K^~~~~[m[K
In file included from [01m[K/root/ros2_ws/src/sort_track_msg/build/sort_track_msg/rosidl_typesupport_cpp/sort_track_msg/msg/bounding_box__type_support.cpp:7:0[m[K:
[01m[K/root/ros2_ws/src/sort_track_msg/build/sort_track_msg/rosidl_generator_cpp/sort_track_msg/msg/detail/bounding_box__struct.hpp:[m[K In constructor ‘[01m[Ksort_track_msg::msg::BoundingBox_<ContainerAllocator>::BoundingBox_(const ContainerAllocator&, rosidl_runtime_cpp::MessageInitialization)[m[K’:
[01m[K/root/ros2_ws/src/sort_track_msg/build/sort_track_msg/rosidl_generator_cpp/sort_track_msg/msg/detail/bounding_box__struct.hpp:50:5:[m[K [01;31m[Kerror: [m[Kexpected identifier before ‘[01m[Kclass[m[K’
   : [01;31m[Kclass[m[K(_alloc)
     [01;31m[K^~~~~[m[K
[01m[K/root/ros2_ws/src/sort_track_msg/build/sort_track_msg/rosidl_generator_cpp/sort_track_msg/msg/detail/bounding_box__struct.hpp:50:5:[m[K [01;31m[Kerror: [m[Kexpected ‘[01m[K{[m[K’ before ‘[01m[Kclass[m[K’
[01m[K/root/ros2_ws/src/sort_track_msg/build/sort_track_msg/rosidl_generator_cpp/sort_track_msg/msg/detail/bounding_box__struct.hpp:[m[K In member function ‘[01m[Ksort_track_msg::msg::BoundingBox_<ContainerAllocator>::Type& sort_track_msg::msg::BoundingBox_<ContainerAllocator>::set__class(const std::__cxx11::basic_string<char, std::char_traits<char>, typename ContainerAllocator::rebind<char>::other>&)[m[K’:
[01m[K/root/ros2_ws/src/sort_track_msg/build/sort_track_msg/rosidl_generator_cpp/sort_track_msg/msg/detail/bounding_box__struct.hpp:94:11:[m[K [01;31m[Kerror: [m[Kexpected unqualified-id before ‘[01m[Kclass[m[K’
     this->[01;31m[Kclass[m[K = _arg;
           [01;31m[K^~~~~[m[K
[01m[K/root/ros2_ws/src/sort_track_msg/build/sort_track_msg/rosidl_generator_cpp/sort_track_msg/msg/detail/bounding_box__struct.hpp:[m[K In member function ‘[01m[Kbool sort_track_msg::msg::BoundingBox_<ContainerAllocator>::operator==(const sort_track_msg::msg::BoundingBox_<ContainerAllocator>&) const[m[K’:
[01m[K/root/ros2_ws/src/sort_track_msg/build/sort_track_msg/rosidl_generator_cpp/sort_track_msg/msg/detail/bounding_box__struct.hpp:167:15:[m[K [01;31m[Kerror: [m[Kexpected unqualified-id before ‘[01m[Kclass[m[K’
     if (this->[01;31m[Kclass[m[K != other.class) {
               [01;31m[K^~~~~[m[K
[01m[K/root/ros2_ws/src/sort_track_msg/build/sort_track_msg/rosidl_generator_cpp/sort_track_msg/msg/detail/bounding_box__struct.hpp:167:15:[m[K [01;31m[Kerror: [m[Kexpected ‘[01m[K)[m[K’ before ‘[01m[Kclass[m[K’
In file included from [01m[K/root/ros2_ws/src/sort_track_msg/build/sort_track_msg/rosidl_generator_cpp/sort_track_msg/msg/detail/tracks__struct.hpp:21:0[m[K,
                 from [01m[K/root/ros2_ws/src/sort_track_msg/build/sort_track_msg/rosidl_typesupport_cpp/sort_track_msg/msg/tracks__type_support.cpp:7[m[K:
[01m[K/root/ros2_ws/src/sort_track_msg/build/sort_track_msg/rosidl_generator_cpp/sort_track_msg/msg/detail/bounding_box__struct.hpp:70:20:[m[K [01;31m[Kerror: [m[Kexpected identifier before ‘[01m[K;[m[K’ token
   _class_type class[01;31m[K;[m[K
                    [01;31m[K^[m[K
[01m[K/root/ros2_ws/src/sort_track_msg/build/sort_track_msg/rosidl_generator_cpp/sort_track_msg/msg/detail/bounding_box__struct.hpp:70:20:[m[K [01;31m[Kerror: [m[Kmultiple types in one declaration
[01m[K/root/ros2_ws/src/sort_track_msg/build/sort_track_msg/rosidl_generator_cpp/sort_track_msg/msg/detail/bounding_box__struct.hpp:70:20:[m[K [01;31m[Kerror: [m[Kdeclaration does not declare anything [[01;31m[K-fpermissive[m[K]
In file included from [01m[K/root/ros2_ws/src/sort_track_msg/build/sort_track_msg/rosidl_generator_cpp/sort_track_msg/msg/detail/tracks__struct.hpp:21:0[m[K,
                 from [01m[K/root/ros2_ws/src/sort_track_msg/build/sort_track_msg/rosidl_typesupport_cpp/sort_track_msg/msg/tracks__type_support.cpp:7[m[K:
[01m[K/root/ros2_ws/src/sort_track_msg/build/sort_track_msg/rosidl_generator_cpp/sort_track_msg/msg/detail/bounding_box__struct.hpp:[m[K In constructor ‘[01m[Ksort_track_msg::msg::BoundingBox_<ContainerAllocator>::BoundingBox_(rosidl_runtime_cpp::MessageInitialization)[m[K’:
[01m[K/root/ros2_ws/src/sort_track_msg/build/sort_track_msg/rosidl_generator_cpp/sort_track_msg/msg/detail/bounding_box__struct.hpp:41:13:[m[K [01;31m[Kerror: [m[Kexpected unqualified-id before ‘[01m[Kclass[m[K’
       this->[01;31m[Kclass[m[K = "";
             [01;31m[K^~~~~[m[K
In file included from [01m[K/root/ros2_ws/src/sort_track_msg/build/sort_track_msg/rosidl_generator_cpp/sort_track_msg/msg/detail/tracks__struct.hpp:21:0[m[K,
                 from [01m[K/root/ros2_ws/src/sort_track_msg/build/sort_track_msg/rosidl_typesupport_cpp/sort_track_msg/msg/tracks__type_support.cpp:7[m[K:
[01m[K/root/ros2_ws/src/sort_track_msg/build/sort_track_msg/rosidl_generator_cpp/sort_track_msg/msg/detail/bounding_box__struct.hpp:[m[K In constructor ‘[01m[Ksort_track_msg::msg::BoundingBox_<ContainerAllocator>::BoundingBox_(const ContainerAllocator&, rosidl_runtime_cpp::MessageInitialization)[m[K’:
[01m[K/root/ros2_ws/src/sort_track_msg/build/sort_track_msg/rosidl_generator_cpp/sort_track_msg/msg/detail/bounding_box__struct.hpp:50:5:[m[K [01;31m[Kerror: [m[Kexpected identifier before ‘[01m[Kclass[m[K’
   : [01;31m[Kclass[m[K(_alloc)
     [01;31m[K^~~~~[m[K
[01m[K/root/ros2_ws/src/sort_track_msg/build/sort_track_msg/rosidl_generator_cpp/sort_track_msg/msg/detail/bounding_box__struct.hpp:50:5:[m[K [01;31m[Kerror: [m[Kexpected ‘[01m[K{[m[K’ before ‘[01m[Kclass[m[K’
[01m[K/root/ros2_ws/src/sort_track_msg/build/sort_track_msg/rosidl_generator_cpp/sort_track_msg/msg/detail/bounding_box__struct.hpp:[m[K In member function ‘[01m[Ksort_track_msg::msg::BoundingBox_<ContainerAllocator>::Type& sort_track_msg::msg::BoundingBox_<ContainerAllocator>::set__class(const std::__cxx11::basic_string<char, std::char_traits<char>, typename ContainerAllocator::rebind<char>::other>&)[m[K’:
[01m[K/root/ros2_ws/src/sort_track_msg/build/sort_track_msg/rosidl_generator_cpp/sort_track_msg/msg/detail/bounding_box__struct.hpp:94:11:[m[K [01;31m[Kerror: [m[Kexpected unqualified-id before ‘[01m[Kclass[m[K’
     this->[01;31m[Kclass[m[K = _arg;
           [01;31m[K^~~~~[m[K
[01m[K/root/ros2_ws/src/sort_track_msg/build/sort_track_msg/rosidl_generator_cpp/sort_track_msg/msg/detail/bounding_box__struct.hpp:[m[K In member function ‘[01m[Kbool sort_track_msg::msg::BoundingBox_<ContainerAllocator>::operator==(const sort_track_msg::msg::BoundingBox_<ContainerAllocator>&) const[m[K’:
[01m[K/root/ros2_ws/src/sort_track_msg/build/sort_track_msg/rosidl_generator_cpp/sort_track_msg/msg/detail/bounding_box__struct.hpp:167:15:[m[K [01;31m[Kerror: [m[Kexpected unqualified-id before ‘[01m[Kclass[m[K’
     if (this->[01;31m[Kclass[m[K != other.class) {
               [01;31m[K^~~~~[m[K
[01m[K/root/ros2_ws/src/sort_track_msg/build/sort_track_msg/rosidl_generator_cpp/sort_track_msg/msg/detail/bounding_box__struct.hpp:167:15:[m[K [01;31m[Kerror: [m[Kexpected ‘[01m[K)[m[K’ before ‘[01m[Kclass[m[K’
In file included from [01m[K/root/ros2_ws/src/sort_track_msg/build/sort_track_msg/rosidl_typesupport_cpp/sort_track_msg/msg/target__type_support.cpp:7:0[m[K:
[01m[K/root/ros2_ws/src/sort_track_msg/build/sort_track_msg/rosidl_generator_cpp/sort_track_msg/msg/detail/target__struct.hpp:78:20:[m[K [01;31m[Kerror: [m[Kexpected identifier before ‘[01m[K;[m[K’ token
   _class_type class[01;31m[K;[m[K
                    [01;31m[K^[m[K
[01m[K/root/ros2_ws/src/sort_track_msg/build/sort_track_msg/rosidl_generator_cpp/sort_track_msg/msg/detail/target__struct.hpp:78:20:[m[K [01;31m[Kerror: [m[Kmultiple types in one declaration
[01m[K/root/ros2_ws/src/sort_track_msg/build/sort_track_msg/rosidl_generator_cpp/sort_track_msg/msg/detail/target__struct.hpp:78:20:[m[K [01;31m[Kerror: [m[Kdeclaration does not declare anything [[01;31m[K-fpermissive[m[K]
In file included from [01m[K/root/ros2_ws/src/sort_track_msg/build/sort_track_msg/rosidl_typesupport_cpp/sort_track_msg/msg/target__type_support.cpp:7:0[m[K:
[01m[K/root/ros2_ws/src/sort_track_msg/build/sort_track_msg/rosidl_generator_cpp/sort_track_msg/msg/detail/target__struct.hpp:[m[K In constructor ‘[01m[Ksort_track_msg::msg::Target_<ContainerAllocator>::Target_(rosidl_runtime_cpp::MessageInitialization)[m[K’:
[01m[K/root/ros2_ws/src/sort_track_msg/build/sort_track_msg/rosidl_generator_cpp/sort_track_msg/msg/detail/target__struct.hpp:41:13:[m[K [01;31m[Kerror: [m[Kexpected unqualified-id before ‘[01m[Kclass[m[K’
       this->[01;31m[Kclass[m[K = "";
             [01;31m[K^~~~~[m[K
In file included from [01m[K/root/ros2_ws/src/sort_track_msg/build/sort_track_msg/rosidl_typesupport_cpp/sort_track_msg/msg/target__type_support.cpp:7:0[m[K:
[01m[K/root/ros2_ws/src/sort_track_msg/build/sort_track_msg/rosidl_generator_cpp/sort_track_msg/msg/detail/target__struct.hpp:[m[K In constructor ‘[01m[Ksort_track_msg::msg::Target_<ContainerAllocator>::Target_(const ContainerAllocator&, rosidl_runtime_cpp::MessageInitialization)[m[K’:
[01m[K/root/ros2_ws/src/sort_track_msg/build/sort_track_msg/rosidl_generator_cpp/sort_track_msg/msg/detail/target__struct.hpp:54:5:[m[K [01;31m[Kerror: [m[Kexpected identifier before ‘[01m[Kclass[m[K’
   : [01;31m[Kclass[m[K(_alloc)
     [01;31m[K^~~~~[m[K
[01m[K/root/ros2_ws/src/sort_track_msg/build/sort_track_msg/rosidl_generator_cpp/sort_track_msg/msg/detail/target__struct.hpp:54:5:[m[K [01;31m[Kerror: [m[Kexpected ‘[01m[K{[m[K’ before ‘[01m[Kclass[m[K’
[01m[K/root/ros2_ws/src/sort_track_msg/build/sort_track_msg/rosidl_generator_cpp/sort_track_msg/msg/detail/target__struct.hpp:[m[K In member function ‘[01m[Ksort_track_msg::msg::Target_<ContainerAllocator>::Type& sort_track_msg::msg::Target_<ContainerAllocator>::set__class(const std::__cxx11::basic_string<char, std::char_traits<char>, typename ContainerAllocator::rebind<char>::other>&)[m[K’:
[01m[K/root/ros2_ws/src/sort_track_msg/build/sort_track_msg/rosidl_generator_cpp/sort_track_msg/msg/detail/target__struct.hpp:114:11:[m[K [01;31m[Kerror: [m[Kexpected unqualified-id before ‘[01m[Kclass[m[K’
     this->[01;31m[Kclass[m[K = _arg;
           [01;31m[K^~~~~[m[K
[01m[K/root/ros2_ws/src/sort_track_msg/build/sort_track_msg/rosidl_generator_cpp/sort_track_msg/msg/detail/target__struct.hpp:[m[K In member function ‘[01m[Kbool sort_track_msg::msg::Target_<ContainerAllocator>::operator==(const sort_track_msg::msg::Target_<ContainerAllocator>&) const[m[K’:
[01m[K/root/ros2_ws/src/sort_track_msg/build/sort_track_msg/rosidl_generator_cpp/sort_track_msg/msg/detail/target__struct.hpp:211:15:[m[K [01;31m[Kerror: [m[Kexpected unqualified-id before ‘[01m[Kclass[m[K’
     if (this->[01;31m[Kclass[m[K != other.class) {
               [01;31m[K^~~~~[m[K
[01m[K/root/ros2_ws/src/sort_track_msg/build/sort_track_msg/rosidl_generator_cpp/sort_track_msg/msg/detail/target__struct.hpp:211:15:[m[K [01;31m[Kerror: [m[Kexpected ‘[01m[K)[m[K’ before ‘[01m[Kclass[m[K’
CMakeFiles/sort_track_msg__rosidl_typesupport_cpp.dir/build.make:125: recipe for target 'CMakeFiles/sort_track_msg__rosidl_typesupport_cpp.dir/rosidl_typesupport_cpp/sort_track_msg/msg/targets__type_support.cpp.o' failed
make[2]: *** [CMakeFiles/sort_track_msg__rosidl_typesupport_cpp.dir/rosidl_typesupport_cpp/sort_track_msg/msg/targets__type_support.cpp.o] Error 1
make[2]: *** Waiting for unfinished jobs....
CMakeFiles/sort_track_msg__rosidl_typesupport_cpp.dir/build.make:97: recipe for target 'CMakeFiles/sort_track_msg__rosidl_typesupport_cpp.dir/rosidl_typesupport_cpp/sort_track_msg/msg/bounding_box__type_support.cpp.o' failed
make[2]: *** [CMakeFiles/sort_track_msg__rosidl_typesupport_cpp.dir/rosidl_typesupport_cpp/sort_track_msg/msg/bounding_box__type_support.cpp.o] Error 1
[ 38%] [32mBuilding CXX object CMakeFiles/sort_track_msg__rosidl_typesupport_fastrtps_cpp.dir/rosidl_typesupport_fastrtps_cpp/sort_track_msg/msg/detail/dds_fastrtps/targets__type_support.cpp.o[0m
[ 40%] [32mBuilding C object CMakeFiles/sort_track_msg__rosidl_typesupport_introspection_c.dir/rosidl_typesupport_introspection_c/sort_track_msg/msg/detail/bounding_box__type_support.c.o[0m
CMakeFiles/sort_track_msg__rosidl_typesupport_cpp.dir/build.make:139: recipe for target 'CMakeFiles/sort_track_msg__rosidl_typesupport_cpp.dir/rosidl_typesupport_cpp/sort_track_msg/msg/tracks__type_support.cpp.o' failed
[ 41%] [32mBuilding CXX object CMakeFiles/sort_track_msg__rosidl_typesupport_introspection_cpp.dir/rosidl_typesupport_introspection_cpp/sort_track_msg/msg/detail/target__type_support.cpp.o[0m
make[2]: *** [CMakeFiles/sort_track_msg__rosidl_typesupport_cpp.dir/rosidl_typesupport_cpp/sort_track_msg/msg/tracks__type_support.cpp.o] Error 1
[ 43%] [32mBuilding CXX object CMakeFiles/sort_track_msg__rosidl_typesupport_fastrtps_cpp.dir/rosidl_typesupport_fastrtps_cpp/sort_track_msg/msg/detail/dds_fastrtps/tracks__type_support.cpp.o[0m
CMakeFiles/sort_track_msg__rosidl_typesupport_cpp.dir/build.make:111: recipe for target 'CMakeFiles/sort_track_msg__rosidl_typesupport_cpp.dir/rosidl_typesupport_cpp/sort_track_msg/msg/target__type_support.cpp.o' failed
make[2]: *** [CMakeFiles/sort_track_msg__rosidl_typesupport_cpp.dir/rosidl_typesupport_cpp/sort_track_msg/msg/target__type_support.cpp.o] Error 1
make[1]: *** [CMakeFiles/sort_track_msg__rosidl_typesupport_cpp.dir/all] Error 2
CMakeFiles/Makefile2:460: recipe for target 'CMakeFiles/sort_track_msg__rosidl_typesupport_cpp.dir/all' failed
[ 45%] [32mBuilding CXX object CMakeFiles/sort_track_msg__rosidl_typesupport_introspection_cpp.dir/rosidl_typesupport_introspection_cpp/sort_track_msg/msg/detail/targets__type_support.cpp.o[0m
[ 47%] [32mBuilding C object CMakeFiles/sort_track_msg__rosidl_typesupport_introspection_c.dir/rosidl_typesupport_introspection_c/sort_track_msg/msg/detail/target__type_support.c.o[0m
In file included from [01m[K/root/ros2_ws/src/sort_track_msg/build/sort_track_msg/rosidl_typesupport_introspection_cpp/sort_track_msg/msg/detail/bounding_box__type_support.cpp:12:0[m[K:
[01m[K/root/ros2_ws/src/sort_track_msg/build/sort_track_msg/rosidl_generator_cpp/sort_track_msg/msg/detail/bounding_box__struct.hpp:70:20:[m[K [01;31m[Kerror: [m[Kexpected identifier before ‘[01m[K;[m[K’ token
   _class_type class[01;31m[K;[m[K
                    [01;31m[K^[m[K
[01m[K/root/ros2_ws/src/sort_track_msg/build/sort_track_msg/rosidl_generator_cpp/sort_track_msg/msg/detail/bounding_box__struct.hpp:70:20:[m[K [01;31m[Kerror: [m[Kmultiple types in one declaration
[01m[K/root/ros2_ws/src/sort_track_msg/build/sort_track_msg/rosidl_generator_cpp/sort_track_msg/msg/detail/bounding_box__struct.hpp:70:20:[m[K [01;31m[Kerror: [m[Kdeclaration does not declare anything [[01;31m[K-fpermissive[m[K]
In file included from [01m[K/root/ros2_ws/src/sort_track_msg/build/sort_track_msg/rosidl_typesupport_introspection_cpp/sort_track_msg/msg/detail/bounding_box__type_support.cpp:12:0[m[K:
[01m[K/root/ros2_ws/src/sort_track_msg/build/sort_track_msg/rosidl_generator_cpp/sort_track_msg/msg/detail/bounding_box__struct.hpp:[m[K In constructor ‘[01m[Ksort_track_msg::msg::BoundingBox_<ContainerAllocator>::BoundingBox_(rosidl_runtime_cpp::MessageInitialization)[m[K’:
[01m[K/root/ros2_ws/src/sort_track_msg/build/sort_track_msg/rosidl_generator_cpp/sort_track_msg/msg/detail/bounding_box__struct.hpp:41:13:[m[K [01;31m[Kerror: [m[Kexpected unqualified-id before ‘[01m[Kclass[m[K’
       this->[01;31m[Kclass[m[K = "";
             [01;31m[K^~~~~[m[K
In file included from [01m[K/root/ros2_ws/src/sort_track_msg/build/sort_track_msg/rosidl_typesupport_introspection_cpp/sort_track_msg/msg/detail/bounding_box__type_support.cpp:12:0[m[K:
[01m[K/root/ros2_ws/src/sort_track_msg/build/sort_track_msg/rosidl_generator_cpp/sort_track_msg/msg/detail/bounding_box__struct.hpp:[m[K In constructor ‘[01m[Ksort_track_msg::msg::BoundingBox_<ContainerAllocator>::BoundingBox_(const ContainerAllocator&, rosidl_runtime_cpp::MessageInitialization)[m[K’:
[01m[K/root/ros2_ws/src/sort_track_msg/build/sort_track_msg/rosidl_generator_cpp/sort_track_msg/msg/detail/bounding_box__struct.hpp:50:5:[m[K [01;31m[Kerror: [m[Kexpected identifier before ‘[01m[Kclass[m[K’
   : [01;31m[Kclass[m[K(_alloc)
     [01;31m[K^~~~~[m[K
[01m[K/root/ros2_ws/src/sort_track_msg/build/sort_track_msg/rosidl_generator_cpp/sort_track_msg/msg/detail/bounding_box__struct.hpp:50:5:[m[K [01;31m[Kerror: [m[Kexpected ‘[01m[K{[m[K’ before ‘[01m[Kclass[m[K’
[01m[K/root/ros2_ws/src/sort_track_msg/build/sort_track_msg/rosidl_generator_cpp/sort_track_msg/msg/detail/bounding_box__struct.hpp:[m[K In member function ‘[01m[Ksort_track_msg::msg::BoundingBox_<ContainerAllocator>::Type& sort_track_msg::msg::BoundingBox_<ContainerAllocator>::set__class(const std::__cxx11::basic_string<char, std::char_traits<char>, typename ContainerAllocator::rebind<char>::other>&)[m[K’:
[01m[K/root/ros2_ws/src/sort_track_msg/build/sort_track_msg/rosidl_generator_cpp/sort_track_msg/msg/detail/bounding_box__struct.hpp:94:11:[m[K [01;31m[Kerror: [m[Kexpected unqualified-id before ‘[01m[Kclass[m[K’
     this->[01;31m[Kclass[m[K = _arg;
           [01;31m[K^~~~~[m[K
[01m[K/root/ros2_ws/src/sort_track_msg/build/sort_track_msg/rosidl_generator_cpp/sort_track_msg/msg/detail/bounding_box__struct.hpp:[m[K In member function ‘[01m[Kbool sort_track_msg::msg::BoundingBox_<ContainerAllocator>::operator==(const sort_track_msg::msg::BoundingBox_<ContainerAllocator>&) const[m[K’:
[01m[K/root/ros2_ws/src/sort_track_msg/build/sort_track_msg/rosidl_generator_cpp/sort_track_msg/msg/detail/bounding_box__struct.hpp:167:15:[m[K [01;31m[Kerror: [m[Kexpected unqualified-id before ‘[01m[Kclass[m[K’
     if (this->[01;31m[Kclass[m[K != other.class) {
               [01;31m[K^~~~~[m[K
[01m[K/root/ros2_ws/src/sort_track_msg/build/sort_track_msg/rosidl_generator_cpp/sort_track_msg/msg/detail/bounding_box__struct.hpp:167:15:[m[K [01;31m[Kerror: [m[Kexpected ‘[01m[K)[m[K’ before ‘[01m[Kclass[m[K’
In file included from [01m[K/usr/include/aarch64-linux-gnu/bits/_G_config.h:19:0[m[K,
                 from [01m[K/usr/include/aarch64-linux-gnu/bits/libio.h:35[m[K,
                 from [01m[K/usr/include/stdio.h:41[m[K,
                 from [01m[K/usr/include/c++/7/cstdio:42[m[K,
                 from [01m[K/usr/include/c++/7/ext/string_conversions.h:43[m[K,
                 from [01m[K/usr/include/c++/7/bits/basic_string.h:6361[m[K,
                 from [01m[K/usr/include/c++/7/string:52[m[K,
                 from [01m[K/usr/include/c++/7/stdexcept:39[m[K,
                 from [01m[K/usr/include/c++/7/array:39[m[K,
                 from [01m[K/root/ros2_ws/src/sort_track_msg/build/sort_track_msg/rosidl_typesupport_introspection_cpp/sort_track_msg/msg/detail/bounding_box__type_support.cpp:5[m[K:
[01m[K/root/ros2_ws/src/sort_track_msg/build/sort_track_msg/rosidl_typesupport_introspection_cpp/sort_track_msg/msg/detail/bounding_box__type_support.cpp:[m[K At global scope:
[01m[K/root/ros2_ws/src/sort_track_msg/build/sort_track_msg/rosidl_typesupport_introspection_cpp/sort_track_msg/msg/detail/bounding_box__type_support.cpp:64:48:[m[K [01;31m[Kerror: [m[Kexpected unqualified-id before ‘[01m[Kclass[m[K’
     offsetof(sort_track_msg::msg::BoundingBox, [01;31m[Kc[m[Klass),  // bytes offset in struct
                                                [01;31m[K^[m[K
[01m[K/root/ros2_ws/src/sort_track_msg/build/sort_track_msg/rosidl_typesupport_introspection_cpp/sort_track_msg/msg/detail/bounding_box__type_support.cpp:64:48:[m[K [01;31m[Kerror: [m[Kexpected ‘[01m[K)[m[K’ before ‘[01m[Kclass[m[K’
In file included from [01m[K/root/ros2_ws/src/sort_track_msg/build/sort_track_msg/rosidl_typesupport_fastrtps_cpp/sort_track_msg/msg/detail/bounding_box__rosidl_typesupport_fastrtps_cpp.hpp:11:0[m[K,
                 from [01m[K/root/ros2_ws/src/sort_track_msg/build/sort_track_msg/rosidl_typesupport_fastrtps_cpp/sort_track_msg/msg/detail/dds_fastrtps/bounding_box__type_support.cpp:4[m[K:
[01m[K/root/ros2_ws/src/sort_track_msg/build/sort_track_msg/rosidl_generator_cpp/sort_track_msg/msg/detail/bounding_box__struct.hpp:70:20:[m[K [01;31m[Kerror: [m[Kexpected identifier before ‘[01m[K;[m[K’ token
   _class_type class[01;31m[K;[m[K
                    [01;31m[K^[m[K
[01m[K/root/ros2_ws/src/sort_track_msg/build/sort_track_msg/rosidl_generator_cpp/sort_track_msg/msg/detail/bounding_box__struct.hpp:70:20:[m[K [01;31m[Kerror: [m[Kmultiple types in one declaration
[01m[K/root/ros2_ws/src/sort_track_msg/build/sort_track_msg/rosidl_generator_cpp/sort_track_msg/msg/detail/bounding_box__struct.hpp:70:20:[m[K [01;31m[Kerror: [m[Kdeclaration does not declare anything [[01;31m[K-fpermissive[m[K]
In file included from [01m[K/root/ros2_ws/src/sort_track_msg/build/sort_track_msg/rosidl_typesupport_fastrtps_cpp/sort_track_msg/msg/detail/bounding_box__rosidl_typesupport_fastrtps_cpp.hpp:11:0[m[K,
                 from [01m[K/root/ros2_ws/src/sort_track_msg/build/sort_track_msg/rosidl_typesupport_fastrtps_cpp/sort_track_msg/msg/detail/dds_fastrtps/bounding_box__type_support.cpp:4[m[K:
[01m[K/root/ros2_ws/src/sort_track_msg/build/sort_track_msg/rosidl_generator_cpp/sort_track_msg/msg/detail/bounding_box__struct.hpp:[m[K In constructor ‘[01m[Ksort_track_msg::msg::BoundingBox_<ContainerAllocator>::BoundingBox_(rosidl_runtime_cpp::MessageInitialization)[m[K’:
[01m[K/root/ros2_ws/src/sort_track_msg/build/sort_track_msg/rosidl_generator_cpp/sort_track_msg/msg/detail/bounding_box__struct.hpp:41:13:[m[K [01;31m[Kerror: [m[Kexpected unqualified-id before ‘[01m[Kclass[m[K’
       this->[01;31m[Kclass[m[K = "";
             [01;31m[K^~~~~[m[K
In file included from [01m[K/root/ros2_ws/src/sort_track_msg/build/sort_track_msg/rosidl_typesupport_fastrtps_cpp/sort_track_msg/msg/detail/bounding_box__rosidl_typesupport_fastrtps_cpp.hpp:11:0[m[K,
                 from [01m[K/root/ros2_ws/src/sort_track_msg/build/sort_track_msg/rosidl_typesupport_fastrtps_cpp/sort_track_msg/msg/detail/dds_fastrtps/bounding_box__type_support.cpp:4[m[K:
[01m[K/root/ros2_ws/src/sort_track_msg/build/sort_track_msg/rosidl_generator_cpp/sort_track_msg/msg/detail/bounding_box__struct.hpp:[m[K In constructor ‘[01m[Ksort_track_msg::msg::BoundingBox_<ContainerAllocator>::BoundingBox_(const ContainerAllocator&, rosidl_runtime_cpp::MessageInitialization)[m[K’:
[01m[K/root/ros2_ws/src/sort_track_msg/build/sort_track_msg/rosidl_generator_cpp/sort_track_msg/msg/detail/bounding_box__struct.hpp:50:5:[m[K [01;31m[Kerror: [m[Kexpected identifier before ‘[01m[Kclass[m[K’
   : [01;31m[Kclass[m[K(_alloc)
     [01;31m[K^~~~~[m[K
[01m[K/root/ros2_ws/src/sort_track_msg/build/sort_track_msg/rosidl_generator_cpp/sort_track_msg/msg/detail/bounding_box__struct.hpp:50:5:[m[K [01;31m[Kerror: [m[Kexpected ‘[01m[K{[m[K’ before ‘[01m[Kclass[m[K’
[01m[K/root/ros2_ws/src/sort_track_msg/build/sort_track_msg/rosidl_generator_cpp/sort_track_msg/msg/detail/bounding_box__struct.hpp:[m[K In member function ‘[01m[Ksort_track_msg::msg::BoundingBox_<ContainerAllocator>::Type& sort_track_msg::msg::BoundingBox_<ContainerAllocator>::set__class(const std::__cxx11::basic_string<char, std::char_traits<char>, typename ContainerAllocator::rebind<char>::other>&)[m[K’:
[01m[K/root/ros2_ws/src/sort_track_msg/build/sort_track_msg/rosidl_generator_cpp/sort_track_msg/msg/detail/bounding_box__struct.hpp:94:11:[m[K [01;31m[Kerror: [m[Kexpected unqualified-id before ‘[01m[Kclass[m[K’
     this->[01;31m[Kclass[m[K = _arg;
           [01;31m[K^~~~~[m[K
[01m[K/root/ros2_ws/src/sort_track_msg/build/sort_track_msg/rosidl_generator_cpp/sort_track_msg/msg/detail/bounding_box__struct.hpp:[m[K In member function ‘[01m[Kbool sort_track_msg::msg::BoundingBox_<ContainerAllocator>::operator==(const sort_track_msg::msg::BoundingBox_<ContainerAllocator>&) const[m[K’:
[01m[K/root/ros2_ws/src/sort_track_msg/build/sort_track_msg/rosidl_generator_cpp/sort_track_msg/msg/detail/bounding_box__struct.hpp:167:15:[m[K [01;31m[Kerror: [m[Kexpected unqualified-id before ‘[01m[Kclass[m[K’
     if (this->[01;31m[Kclass[m[K != other.class) {
               [01;31m[K^~~~~[m[K
[01m[K/root/ros2_ws/src/sort_track_msg/build/sort_track_msg/rosidl_generator_cpp/sort_track_msg/msg/detail/bounding_box__struct.hpp:167:15:[m[K [01;31m[Kerror: [m[Kexpected ‘[01m[K)[m[K’ before ‘[01m[Kclass[m[K’
CMakeFiles/sort_track_msg__rosidl_typesupport_introspection_cpp.dir/build.make:111: recipe for target 'CMakeFiles/sort_track_msg__rosidl_typesupport_introspection_cpp.dir/rosidl_typesupport_introspection_cpp/sort_track_msg/msg/detail/bounding_box__type_support.cpp.o' failed
make[2]: *** [CMakeFiles/sort_track_msg__rosidl_typesupport_introspection_cpp.dir/rosidl_typesupport_introspection_cpp/sort_track_msg/msg/detail/bounding_box__type_support.cpp.o] Error 1
make[2]: *** Waiting for unfinished jobs....
[ 49%] [32mBuilding C object CMakeFiles/sort_track_msg__rosidl_typesupport_introspection_c.dir/rosidl_typesupport_introspection_c/sort_track_msg/msg/detail/targets__type_support.c.o[0m
[ 50%] [32mBuilding C object CMakeFiles/sort_track_msg__rosidl_typesupport_introspection_c.dir/rosidl_typesupport_introspection_c/sort_track_msg/msg/detail/tracks__type_support.c.o[0m
[ 52%] [32m[1mLinking C shared library libsort_track_msg__rosidl_typesupport_introspection_c.so[0m
In file included from [01m[K/root/ros2_ws/src/sort_track_msg/build/sort_track_msg/rosidl_typesupport_fastrtps_cpp/sort_track_msg/msg/detail/target__rosidl_typesupport_fastrtps_cpp.hpp:11:0[m[K,
                 from [01m[K/root/ros2_ws/src/sort_track_msg/build/sort_track_msg/rosidl_typesupport_fastrtps_cpp/sort_track_msg/msg/detail/dds_fastrtps/target__type_support.cpp:4[m[K:
[01m[K/root/ros2_ws/src/sort_track_msg/build/sort_track_msg/rosidl_generator_cpp/sort_track_msg/msg/detail/target__struct.hpp:78:20:[m[K [01;31m[Kerror: [m[Kexpected identifier before ‘[01m[K;[m[K’ token
   _class_type class[01;31m[K;[m[K
                    [01;31m[K^[m[K
[01m[K/root/ros2_ws/src/sort_track_msg/build/sort_track_msg/rosidl_generator_cpp/sort_track_msg/msg/detail/target__struct.hpp:78:20:[m[K [01;31m[Kerror: [m[Kmultiple types in one declaration
[01m[K/root/ros2_ws/src/sort_track_msg/build/sort_track_msg/rosidl_generator_cpp/sort_track_msg/msg/detail/target__struct.hpp:78:20:[m[K [01;31m[Kerror: [m[Kdeclaration does not declare anything [[01;31m[K-fpermissive[m[K]
In file included from [01m[K/root/ros2_ws/src/sort_track_msg/build/sort_track_msg/rosidl_typesupport_fastrtps_cpp/sort_track_msg/msg/detail/target__rosidl_typesupport_fastrtps_cpp.hpp:11:0[m[K,
                 from [01m[K/root/ros2_ws/src/sort_track_msg/build/sort_track_msg/rosidl_typesupport_fastrtps_cpp/sort_track_msg/msg/detail/dds_fastrtps/target__type_support.cpp:4[m[K:
[01m[K/root/ros2_ws/src/sort_track_msg/build/sort_track_msg/rosidl_generator_cpp/sort_track_msg/msg/detail/target__struct.hpp:[m[K In constructor ‘[01m[Ksort_track_msg::msg::Target_<ContainerAllocator>::Target_(rosidl_runtime_cpp::MessageInitialization)[m[K’:
[01m[K/root/ros2_ws/src/sort_track_msg/build/sort_track_msg/rosidl_generator_cpp/sort_track_msg/msg/detail/target__struct.hpp:41:13:[m[K [01;31m[Kerror: [m[Kexpected unqualified-id before ‘[01m[Kclass[m[K’
       this->[01;31m[Kclass[m[K = "";
             [01;31m[K^~~~~[m[K
In file included from [01m[K/root/ros2_ws/src/sort_track_msg/build/sort_track_msg/rosidl_typesupport_fastrtps_cpp/sort_track_msg/msg/detail/target__rosidl_typesupport_fastrtps_cpp.hpp:11:0[m[K,
                 from [01m[K/root/ros2_ws/src/sort_track_msg/build/sort_track_msg/rosidl_typesupport_fastrtps_cpp/sort_track_msg/msg/detail/dds_fastrtps/target__type_support.cpp:4[m[K:
[01m[K/root/ros2_ws/src/sort_track_msg/build/sort_track_msg/rosidl_generator_cpp/sort_track_msg/msg/detail/target__struct.hpp:[m[K In constructor ‘[01m[Ksort_track_msg::msg::Target_<ContainerAllocator>::Target_(const ContainerAllocator&, rosidl_runtime_cpp::MessageInitialization)[m[K’:
[01m[K/root/ros2_ws/src/sort_track_msg/build/sort_track_msg/rosidl_generator_cpp/sort_track_msg/msg/detail/target__struct.hpp:54:5:[m[K [01;31m[Kerror: [m[Kexpected identifier before ‘[01m[Kclass[m[K’
   : [01;31m[Kclass[m[K(_alloc)
     [01;31m[K^~~~~[m[K
[01m[K/root/ros2_ws/src/sort_track_msg/build/sort_track_msg/rosidl_generator_cpp/sort_track_msg/msg/detail/target__struct.hpp:54:5:[m[K [01;31m[Kerror: [m[Kexpected ‘[01m[K{[m[K’ before ‘[01m[Kclass[m[K’
[01m[K/root/ros2_ws/src/sort_track_msg/build/sort_track_msg/rosidl_generator_cpp/sort_track_msg/msg/detail/target__struct.hpp:[m[K In member function ‘[01m[Ksort_track_msg::msg::Target_<ContainerAllocator>::Type& sort_track_msg::msg::Target_<ContainerAllocator>::set__class(const std::__cxx11::basic_string<char, std::char_traits<char>, typename ContainerAllocator::rebind<char>::other>&)[m[K’:
[01m[K/root/ros2_ws/src/sort_track_msg/build/sort_track_msg/rosidl_generator_cpp/sort_track_msg/msg/detail/target__struct.hpp:114:11:[m[K [01;31m[Kerror: [m[Kexpected unqualified-id before ‘[01m[Kclass[m[K’
     this->[01;31m[Kclass[m[K = _arg;
           [01;31m[K^~~~~[m[K
[01m[K/root/ros2_ws/src/sort_track_msg/build/sort_track_msg/rosidl_generator_cpp/sort_track_msg/msg/detail/target__struct.hpp:[m[K In member function ‘[01m[Kbool sort_track_msg::msg::Target_<ContainerAllocator>::operator==(const sort_track_msg::msg::Target_<ContainerAllocator>&) const[m[K’:
[01m[K/root/ros2_ws/src/sort_track_msg/build/sort_track_msg/rosidl_generator_cpp/sort_track_msg/msg/detail/target__struct.hpp:211:15:[m[K [01;31m[Kerror: [m[Kexpected unqualified-id before ‘[01m[Kclass[m[K’
     if (this->[01;31m[Kclass[m[K != other.class) {
               [01;31m[K^~~~~[m[K
[01m[K/root/ros2_ws/src/sort_track_msg/build/sort_track_msg/rosidl_generator_cpp/sort_track_msg/msg/detail/target__struct.hpp:211:15:[m[K [01;31m[Kerror: [m[Kexpected ‘[01m[K)[m[K’ before ‘[01m[Kclass[m[K’
[ 52%] Built target sort_track_msg__rosidl_typesupport_introspection_c
[01m[K/root/ros2_ws/src/sort_track_msg/build/sort_track_msg/rosidl_typesupport_fastrtps_cpp/sort_track_msg/msg/detail/dds_fastrtps/bounding_box__type_support.cpp:[m[K In function ‘[01m[Kbool sort_track_msg::msg::typesupport_fastrtps_cpp::cdr_serialize(const BoundingBox&, eprosima::fastcdr::Cdr&)[m[K’:
[01m[K/root/ros2_ws/src/sort_track_msg/build/sort_track_msg/rosidl_typesupport_fastrtps_cpp/sort_track_msg/msg/detail/dds_fastrtps/bounding_box__type_support.cpp:38:22:[m[K [01;31m[Kerror: [m[Kexpected unqualified-id before ‘[01m[Kclass[m[K’
   cdr << ros_message.[01;31m[Kclass[m[K;
                      [01;31m[K^~~~~[m[K
[01m[K/root/ros2_ws/src/sort_track_msg/build/sort_track_msg/rosidl_typesupport_fastrtps_cpp/sort_track_msg/msg/detail/dds_fastrtps/bounding_box__type_support.cpp:[m[K In function ‘[01m[Kbool sort_track_msg::msg::typesupport_fastrtps_cpp::cdr_deserialize(eprosima::fastcdr::Cdr&, sort_track_msg::msg::BoundingBox&)[m[K’:
[01m[K/root/ros2_ws/src/sort_track_msg/build/sort_track_msg/rosidl_typesupport_fastrtps_cpp/sort_track_msg/msg/detail/dds_fastrtps/bounding_box__type_support.cpp:60:22:[m[K [01;31m[Kerror: [m[Kexpected unqualified-id before ‘[01m[Kclass[m[K’
   cdr >> ros_message.[01;31m[Kclass[m[K;
                      [01;31m[K^~~~~[m[K
[01m[K/root/ros2_ws/src/sort_track_msg/build/sort_track_msg/rosidl_typesupport_fastrtps_cpp/sort_track_msg/msg/detail/dds_fastrtps/bounding_box__type_support.cpp:[m[K In function ‘[01m[Ksize_t sort_track_msg::msg::typesupport_fastrtps_cpp::get_serialized_size(const BoundingBox&, size_t)[m[K’:
[01m[K/root/ros2_ws/src/sort_track_msg/build/sort_track_msg/rosidl_typesupport_fastrtps_cpp/sort_track_msg/msg/detail/dds_fastrtps/bounding_box__type_support.cpp:99:18:[m[K [01;31m[Kerror: [m[Kexpected unqualified-id before ‘[01m[Kclass[m[K’
     (ros_message.[01;31m[Kclass[m[K.size() + 1);
                  [01;31m[K^~~~~[m[K
[01m[K/root/ros2_ws/src/sort_track_msg/build/sort_track_msg/rosidl_typesupport_fastrtps_cpp/sort_track_msg/msg/detail/dds_fastrtps/bounding_box__type_support.cpp:99:18:[m[K [01;31m[Kerror: [m[Kexpected ‘[01m[K)[m[K’ before ‘[01m[Kclass[m[K’
In file included from [01m[K/root/ros2_ws/src/sort_track_msg/build/sort_track_msg/rosidl_generator_cpp/sort_track_msg/msg/detail/targets__struct.hpp:21:0[m[K,
                 from [01m[K/root/ros2_ws/src/sort_track_msg/build/sort_track_msg/rosidl_typesupport_fastrtps_cpp/sort_track_msg/msg/detail/targets__rosidl_typesupport_fastrtps_cpp.hpp:11[m[K,
                 from [01m[K/root/ros2_ws/src/sort_track_msg/build/sort_track_msg/rosidl_typesupport_fastrtps_cpp/sort_track_msg/msg/detail/dds_fastrtps/targets__type_support.cpp:4[m[K:
[01m[K/root/ros2_ws/src/sort_track_msg/build/sort_track_msg/rosidl_generator_cpp/sort_track_msg/msg/detail/target__struct.hpp:78:20:[m[K [01;31m[Kerror: [m[Kexpected identifier before ‘[01m[K;[m[K’ token
   _class_type class[01;31m[K;[m[K
                    [01;31m[K^[m[K
[01m[K/root/ros2_ws/src/sort_track_msg/build/sort_track_msg/rosidl_generator_cpp/sort_track_msg/msg/detail/target__struct.hpp:78:20:[m[K [01;31m[Kerror: [m[Kmultiple types in one declaration
[01m[K/root/ros2_ws/src/sort_track_msg/build/sort_track_msg/rosidl_generator_cpp/sort_track_msg/msg/detail/target__struct.hpp:78:20:[m[K [01;31m[Kerror: [m[Kdeclaration does not declare anything [[01;31m[K-fpermissive[m[K]
In file included from [01m[K/root/ros2_ws/src/sort_track_msg/build/sort_track_msg/rosidl_generator_cpp/sort_track_msg/msg/detail/targets__struct.hpp:21:0[m[K,
                 from [01m[K/root/ros2_ws/src/sort_track_msg/build/sort_track_msg/rosidl_typesupport_fastrtps_cpp/sort_track_msg/msg/detail/targets__rosidl_typesupport_fastrtps_cpp.hpp:11[m[K,
                 from [01m[K/root/ros2_ws/src/sort_track_msg/build/sort_track_msg/rosidl_typesupport_fastrtps_cpp/sort_track_msg/msg/detail/dds_fastrtps/targets__type_support.cpp:4[m[K:
[01m[K/root/ros2_ws/src/sort_track_msg/build/sort_track_msg/rosidl_generator_cpp/sort_track_msg/msg/detail/target__struct.hpp:[m[K In constructor ‘[01m[Ksort_track_msg::msg::Target_<ContainerAllocator>::Target_(rosidl_runtime_cpp::MessageInitialization)[m[K’:
[01m[K/root/ros2_ws/src/sort_track_msg/build/sort_track_msg/rosidl_generator_cpp/sort_track_msg/msg/detail/target__struct.hpp:41:13:[m[K [01;31m[Kerror: [m[Kexpected unqualified-id before ‘[01m[Kclass[m[K’
       this->[01;31m[Kclass[m[K = "";
             [01;31m[K^~~~~[m[K
In file included from [01m[K/root/ros2_ws/src/sort_track_msg/build/sort_track_msg/rosidl_generator_cpp/sort_track_msg/msg/detail/targets__struct.hpp:21:0[m[K,
                 from [01m[K/root/ros2_ws/src/sort_track_msg/build/sort_track_msg/rosidl_typesupport_fastrtps_cpp/sort_track_msg/msg/detail/targets__rosidl_typesupport_fastrtps_cpp.hpp:11[m[K,
                 from [01m[K/root/ros2_ws/src/sort_track_msg/build/sort_track_msg/rosidl_typesupport_fastrtps_cpp/sort_track_msg/msg/detail/dds_fastrtps/targets__type_support.cpp:4[m[K:
[01m[K/root/ros2_ws/src/sort_track_msg/build/sort_track_msg/rosidl_generator_cpp/sort_track_msg/msg/detail/target__struct.hpp:[m[K In constructor ‘[01m[Ksort_track_msg::msg::Target_<ContainerAllocator>::Target_(const ContainerAllocator&, rosidl_runtime_cpp::MessageInitialization)[m[K’:
[01m[K/root/ros2_ws/src/sort_track_msg/build/sort_track_msg/rosidl_generator_cpp/sort_track_msg/msg/detail/target__struct.hpp:54:5:[m[K [01;31m[Kerror: [m[Kexpected identifier before ‘[01m[Kclass[m[K’
   : [01;31m[Kclass[m[K(_alloc)
     [01;31m[K^~~~~[m[K
[01m[K/root/ros2_ws/src/sort_track_msg/build/sort_track_msg/rosidl_generator_cpp/sort_track_msg/msg/detail/target__struct.hpp:54:5:[m[K [01;31m[Kerror: [m[Kexpected ‘[01m[K{[m[K’ before ‘[01m[Kclass[m[K’
[01m[K/root/ros2_ws/src/sort_track_msg/build/sort_track_msg/rosidl_generator_cpp/sort_track_msg/msg/detail/target__struct.hpp:[m[K In member function ‘[01m[Ksort_track_msg::msg::Target_<ContainerAllocator>::Type& sort_track_msg::msg::Target_<ContainerAllocator>::set__class(const std::__cxx11::basic_string<char, std::char_traits<char>, typename ContainerAllocator::rebind<char>::other>&)[m[K’:
[01m[K/root/ros2_ws/src/sort_track_msg/build/sort_track_msg/rosidl_generator_cpp/sort_track_msg/msg/detail/target__struct.hpp:114:11:[m[K [01;31m[Kerror: [m[Kexpected unqualified-id before ‘[01m[Kclass[m[K’
     this->[01;31m[Kclass[m[K = _arg;
           [01;31m[K^~~~~[m[K
[01m[K/root/ros2_ws/src/sort_track_msg/build/sort_track_msg/rosidl_generator_cpp/sort_track_msg/msg/detail/target__struct.hpp:[m[K In member function ‘[01m[Kbool sort_track_msg::msg::Target_<ContainerAllocator>::operator==(const sort_track_msg::msg::Target_<ContainerAllocator>&) const[m[K’:
[01m[K/root/ros2_ws/src/sort_track_msg/build/sort_track_msg/rosidl_generator_cpp/sort_track_msg/msg/detail/target__struct.hpp:211:15:[m[K [01;31m[Kerror: [m[Kexpected unqualified-id before ‘[01m[Kclass[m[K’
     if (this->[01;31m[Kclass[m[K != other.class) {
               [01;31m[K^~~~~[m[K
[01m[K/root/ros2_ws/src/sort_track_msg/build/sort_track_msg/rosidl_generator_cpp/sort_track_msg/msg/detail/target__struct.hpp:211:15:[m[K [01;31m[Kerror: [m[Kexpected ‘[01m[K)[m[K’ before ‘[01m[Kclass[m[K’
In file included from [01m[K/root/ros2_ws/src/sort_track_msg/build/sort_track_msg/rosidl_generator_cpp/sort_track_msg/msg/detail/targets__struct.hpp:21:0[m[K,
                 from [01m[K/root/ros2_ws/src/sort_track_msg/build/sort_track_msg/rosidl_typesupport_introspection_cpp/sort_track_msg/msg/detail/targets__type_support.cpp:12[m[K:
[01m[K/root/ros2_ws/src/sort_track_msg/build/sort_track_msg/rosidl_generator_cpp/sort_track_msg/msg/detail/target__struct.hpp:78:20:[m[K [01;31m[Kerror: [m[Kexpected identifier before ‘[01m[K;[m[K’ token
   _class_type class[01;31m[K;[m[K
                    [01;31m[K^[m[K
[01m[K/root/ros2_ws/src/sort_track_msg/build/sort_track_msg/rosidl_generator_cpp/sort_track_msg/msg/detail/target__struct.hpp:78:20:[m[K [01;31m[Kerror: [m[Kmultiple types in one declaration
[01m[K/root/ros2_ws/src/sort_track_msg/build/sort_track_msg/rosidl_generator_cpp/sort_track_msg/msg/detail/target__struct.hpp:78:20:[m[K [01;31m[Kerror: [m[Kdeclaration does not declare anything [[01;31m[K-fpermissive[m[K]
In file included from [01m[K/root/ros2_ws/src/sort_track_msg/build/sort_track_msg/rosidl_generator_cpp/sort_track_msg/msg/detail/targets__struct.hpp:21:0[m[K,
                 from [01m[K/root/ros2_ws/src/sort_track_msg/build/sort_track_msg/rosidl_typesupport_introspection_cpp/sort_track_msg/msg/detail/targets__type_support.cpp:12[m[K:
[01m[K/root/ros2_ws/src/sort_track_msg/build/sort_track_msg/rosidl_generator_cpp/sort_track_msg/msg/detail/target__struct.hpp:[m[K In constructor ‘[01m[Ksort_track_msg::msg::Target_<ContainerAllocator>::Target_(rosidl_runtime_cpp::MessageInitialization)[m[K’:
[01m[K/root/ros2_ws/src/sort_track_msg/build/sort_track_msg/rosidl_generator_cpp/sort_track_msg/msg/detail/target__struct.hpp:41:13:[m[K [01;31m[Kerror: [m[Kexpected unqualified-id before ‘[01m[Kclass[m[K’
       this->[01;31m[Kclass[m[K = "";
             [01;31m[K^~~~~[m[K
In file included from [01m[K/root/ros2_ws/src/sort_track_msg/build/sort_track_msg/rosidl_generator_cpp/sort_track_msg/msg/detail/targets__struct.hpp:21:0[m[K,
                 from [01m[K/root/ros2_ws/src/sort_track_msg/build/sort_track_msg/rosidl_typesupport_introspection_cpp/sort_track_msg/msg/detail/targets__type_support.cpp:12[m[K:
[01m[K/root/ros2_ws/src/sort_track_msg/build/sort_track_msg/rosidl_generator_cpp/sort_track_msg/msg/detail/target__struct.hpp:[m[K In constructor ‘[01m[Ksort_track_msg::msg::Target_<ContainerAllocator>::Target_(const ContainerAllocator&, rosidl_runtime_cpp::MessageInitialization)[m[K’:
[01m[K/root/ros2_ws/src/sort_track_msg/build/sort_track_msg/rosidl_generator_cpp/sort_track_msg/msg/detail/target__struct.hpp:54:5:[m[K [01;31m[Kerror: [m[Kexpected identifier before ‘[01m[Kclass[m[K’
   : [01;31m[Kclass[m[K(_alloc)
     [01;31m[K^~~~~[m[K
[01m[K/root/ros2_ws/src/sort_track_msg/build/sort_track_msg/rosidl_generator_cpp/sort_track_msg/msg/detail/target__struct.hpp:54:5:[m[K [01;31m[Kerror: [m[Kexpected ‘[01m[K{[m[K’ before ‘[01m[Kclass[m[K’
[01m[K/root/ros2_ws/src/sort_track_msg/build/sort_track_msg/rosidl_generator_cpp/sort_track_msg/msg/detail/target__struct.hpp:[m[K In member function ‘[01m[Ksort_track_msg::msg::Target_<ContainerAllocator>::Type& sort_track_msg::msg::Target_<ContainerAllocator>::set__class(const std::__cxx11::basic_string<char, std::char_traits<char>, typename ContainerAllocator::rebind<char>::other>&)[m[K’:
[01m[K/root/ros2_ws/src/sort_track_msg/build/sort_track_msg/rosidl_generator_cpp/sort_track_msg/msg/detail/target__struct.hpp:114:11:[m[K [01;31m[Kerror: [m[Kexpected unqualified-id before ‘[01m[Kclass[m[K’
     this->[01;31m[Kclass[m[K = _arg;
           [01;31m[K^~~~~[m[K
[01m[K/root/ros2_ws/src/sort_track_msg/build/sort_track_msg/rosidl_generator_cpp/sort_track_msg/msg/detail/target__struct.hpp:[m[K In member function ‘[01m[Kbool sort_track_msg::msg::Target_<ContainerAllocator>::operator==(const sort_track_msg::msg::Target_<ContainerAllocator>&) const[m[K’:
[01m[K/root/ros2_ws/src/sort_track_msg/build/sort_track_msg/rosidl_generator_cpp/sort_track_msg/msg/detail/target__struct.hpp:211:15:[m[K [01;31m[Kerror: [m[Kexpected unqualified-id before ‘[01m[Kclass[m[K’
     if (this->[01;31m[Kclass[m[K != other.class) {
               [01;31m[K^~~~~[m[K
[01m[K/root/ros2_ws/src/sort_track_msg/build/sort_track_msg/rosidl_generator_cpp/sort_track_msg/msg/detail/target__struct.hpp:211:15:[m[K [01;31m[Kerror: [m[Kexpected ‘[01m[K)[m[K’ before ‘[01m[Kclass[m[K’
In file included from [01m[K/root/ros2_ws/src/sort_track_msg/build/sort_track_msg/rosidl_typesupport_introspection_cpp/sort_track_msg/msg/detail/target__type_support.cpp:12:0[m[K:
[01m[K/root/ros2_ws/src/sort_track_msg/build/sort_track_msg/rosidl_generator_cpp/sort_track_msg/msg/detail/target__struct.hpp:78:20:[m[K [01;31m[Kerror: [m[Kexpected identifier before ‘[01m[K;[m[K’ token
   _class_type class[01;31m[K;[m[K
                    [01;31m[K^[m[K
[01m[K/root/ros2_ws/src/sort_track_msg/build/sort_track_msg/rosidl_generator_cpp/sort_track_msg/msg/detail/target__struct.hpp:78:20:[m[K [01;31m[Kerror: [m[Kmultiple types in one declaration
[01m[K/root/ros2_ws/src/sort_track_msg/build/sort_track_msg/rosidl_generator_cpp/sort_track_msg/msg/detail/target__struct.hpp:78:20:[m[K [01;31m[Kerror: [m[Kdeclaration does not declare anything [[01;31m[K-fpermissive[m[K]
In file included from [01m[K/root/ros2_ws/src/sort_track_msg/build/sort_track_msg/rosidl_typesupport_introspection_cpp/sort_track_msg/msg/detail/target__type_support.cpp:12:0[m[K:
[01m[K/root/ros2_ws/src/sort_track_msg/build/sort_track_msg/rosidl_generator_cpp/sort_track_msg/msg/detail/target__struct.hpp:[m[K In constructor ‘[01m[Ksort_track_msg::msg::Target_<ContainerAllocator>::Target_(rosidl_runtime_cpp::MessageInitialization)[m[K’:
[01m[K/root/ros2_ws/src/sort_track_msg/build/sort_track_msg/rosidl_generator_cpp/sort_track_msg/msg/detail/target__struct.hpp:41:13:[m[K [01;31m[Kerror: [m[Kexpected unqualified-id before ‘[01m[Kclass[m[K’
       this->[01;31m[Kclass[m[K = "";
             [01;31m[K^~~~~[m[K
In file included from [01m[K/root/ros2_ws/src/sort_track_msg/build/sort_track_msg/rosidl_typesupport_introspection_cpp/sort_track_msg/msg/detail/target__type_support.cpp:12:0[m[K:
[01m[K/root/ros2_ws/src/sort_track_msg/build/sort_track_msg/rosidl_generator_cpp/sort_track_msg/msg/detail/target__struct.hpp:[m[K In constructor ‘[01m[Ksort_track_msg::msg::Target_<ContainerAllocator>::Target_(const ContainerAllocator&, rosidl_runtime_cpp::MessageInitialization)[m[K’:
[01m[K/root/ros2_ws/src/sort_track_msg/build/sort_track_msg/rosidl_generator_cpp/sort_track_msg/msg/detail/target__struct.hpp:54:5:[m[K [01;31m[Kerror: [m[Kexpected identifier before ‘[01m[Kclass[m[K’
   : [01;31m[Kclass[m[K(_alloc)
     [01;31m[K^~~~~[m[K
[01m[K/root/ros2_ws/src/sort_track_msg/build/sort_track_msg/rosidl_generator_cpp/sort_track_msg/msg/detail/target__struct.hpp:54:5:[m[K [01;31m[Kerror: [m[Kexpected ‘[01m[K{[m[K’ before ‘[01m[Kclass[m[K’
[01m[K/root/ros2_ws/src/sort_track_msg/build/sort_track_msg/rosidl_generator_cpp/sort_track_msg/msg/detail/target__struct.hpp:[m[K In member function ‘[01m[Ksort_track_msg::msg::Target_<ContainerAllocator>::Type& sort_track_msg::msg::Target_<ContainerAllocator>::set__class(const std::__cxx11::basic_string<char, std::char_traits<char>, typename ContainerAllocator::rebind<char>::other>&)[m[K’:
[01m[K/root/ros2_ws/src/sort_track_msg/build/sort_track_msg/rosidl_generator_cpp/sort_track_msg/msg/detail/target__struct.hpp:114:11:[m[K [01;31m[Kerror: [m[Kexpected unqualified-id before ‘[01m[Kclass[m[K’
     this->[01;31m[Kclass[m[K = _arg;
           [01;31m[K^~~~~[m[K
[01m[K/root/ros2_ws/src/sort_track_msg/build/sort_track_msg/rosidl_generator_cpp/sort_track_msg/msg/detail/target__struct.hpp:[m[K In member function ‘[01m[Kbool sort_track_msg::msg::Target_<ContainerAllocator>::operator==(const sort_track_msg::msg::Target_<ContainerAllocator>&) const[m[K’:
[01m[K/root/ros2_ws/src/sort_track_msg/build/sort_track_msg/rosidl_generator_cpp/sort_track_msg/msg/detail/target__struct.hpp:211:15:[m[K [01;31m[Kerror: [m[Kexpected unqualified-id before ‘[01m[Kclass[m[K’
     if (this->[01;31m[Kclass[m[K != other.class) {
               [01;31m[K^~~~~[m[K
[01m[K/root/ros2_ws/src/sort_track_msg/build/sort_track_msg/rosidl_generator_cpp/sort_track_msg/msg/detail/target__struct.hpp:211:15:[m[K [01;31m[Kerror: [m[Kexpected ‘[01m[K)[m[K’ before ‘[01m[Kclass[m[K’
In file included from [01m[K/usr/include/aarch64-linux-gnu/bits/_G_config.h:19:0[m[K,
                 from [01m[K/usr/include/aarch64-linux-gnu/bits/libio.h:35[m[K,
                 from [01m[K/usr/include/stdio.h:41[m[K,
                 from [01m[K/usr/include/c++/7/cstdio:42[m[K,
                 from [01m[K/usr/include/c++/7/ext/string_conversions.h:43[m[K,
                 from [01m[K/usr/include/c++/7/bits/basic_string.h:6361[m[K,
                 from [01m[K/usr/include/c++/7/string:52[m[K,
                 from [01m[K/usr/include/c++/7/stdexcept:39[m[K,
                 from [01m[K/usr/include/c++/7/array:39[m[K,
                 from [01m[K/root/ros2_ws/src/sort_track_msg/build/sort_track_msg/rosidl_typesupport_introspection_cpp/sort_track_msg/msg/detail/target__type_support.cpp:5[m[K:
[01m[K/root/ros2_ws/src/sort_track_msg/build/sort_track_msg/rosidl_typesupport_introspection_cpp/sort_track_msg/msg/detail/target__type_support.cpp:[m[K At global scope:
[01m[K/root/ros2_ws/src/sort_track_msg/build/sort_track_msg/rosidl_typesupport_introspection_cpp/sort_track_msg/msg/detail/target__type_support.cpp:64:43:[m[K [01;31m[Kerror: [m[Kexpected unqualified-id before ‘[01m[Kclass[m[K’
     offsetof(sort_track_msg::msg::Target, [01;31m[Kc[m[Klass),  // bytes offset in struct
                                           [01;31m[K^[m[K
[01m[K/root/ros2_ws/src/sort_track_msg/build/sort_track_msg/rosidl_typesupport_introspection_cpp/sort_track_msg/msg/detail/target__type_support.cpp:64:43:[m[K [01;31m[Kerror: [m[Kexpected ‘[01m[K)[m[K’ before ‘[01m[Kclass[m[K’
In file included from [01m[K/root/ros2_ws/src/sort_track_msg/build/sort_track_msg/rosidl_generator_cpp/sort_track_msg/msg/detail/tracks__struct.hpp:21:0[m[K,
                 from [01m[K/root/ros2_ws/src/sort_track_msg/build/sort_track_msg/rosidl_typesupport_fastrtps_cpp/sort_track_msg/msg/detail/tracks__rosidl_typesupport_fastrtps_cpp.hpp:11[m[K,
                 from [01m[K/root/ros2_ws/src/sort_track_msg/build/sort_track_msg/rosidl_typesupport_fastrtps_cpp/sort_track_msg/msg/detail/dds_fastrtps/tracks__type_support.cpp:4[m[K:
[01m[K/root/ros2_ws/src/sort_track_msg/build/sort_track_msg/rosidl_generator_cpp/sort_track_msg/msg/detail/bounding_box__struct.hpp:70:20:[m[K [01;31m[Kerror: [m[Kexpected identifier before ‘[01m[K;[m[K’ token
   _class_type class[01;31m[K;[m[K
                    [01;31m[K^[m[K
[01m[K/root/ros2_ws/src/sort_track_msg/build/sort_track_msg/rosidl_generator_cpp/sort_track_msg/msg/detail/bounding_box__struct.hpp:70:20:[m[K [01;31m[Kerror: [m[Kmultiple types in one declaration
[01m[K/root/ros2_ws/src/sort_track_msg/build/sort_track_msg/rosidl_generator_cpp/sort_track_msg/msg/detail/bounding_box__struct.hpp:70:20:[m[K [01;31m[Kerror: [m[Kdeclaration does not declare anything [[01;31m[K-fpermissive[m[K]
In file included from [01m[K/root/ros2_ws/src/sort_track_msg/build/sort_track_msg/rosidl_generator_cpp/sort_track_msg/msg/detail/tracks__struct.hpp:21:0[m[K,
                 from [01m[K/root/ros2_ws/src/sort_track_msg/build/sort_track_msg/rosidl_typesupport_fastrtps_cpp/sort_track_msg/msg/detail/tracks__rosidl_typesupport_fastrtps_cpp.hpp:11[m[K,
                 from [01m[K/root/ros2_ws/src/sort_track_msg/build/sort_track_msg/rosidl_typesupport_fastrtps_cpp/sort_track_msg/msg/detail/dds_fastrtps/tracks__type_support.cpp:4[m[K:
[01m[K/root/ros2_ws/src/sort_track_msg/build/sort_track_msg/rosidl_generator_cpp/sort_track_msg/msg/detail/bounding_box__struct.hpp:[m[K In constructor ‘[01m[Ksort_track_msg::msg::BoundingBox_<ContainerAllocator>::BoundingBox_(rosidl_runtime_cpp::MessageInitialization)[m[K’:
[01m[K/root/ros2_ws/src/sort_track_msg/build/sort_track_msg/rosidl_generator_cpp/sort_track_msg/msg/detail/bounding_box__struct.hpp:41:13:[m[K [01;31m[Kerror: [m[Kexpected unqualified-id before ‘[01m[Kclass[m[K’
       this->[01;31m[Kclass[m[K = "";
             [01;31m[K^~~~~[m[K
In file included from [01m[K/root/ros2_ws/src/sort_track_msg/build/sort_track_msg/rosidl_generator_cpp/sort_track_msg/msg/detail/tracks__struct.hpp:21:0[m[K,
                 from [01m[K/root/ros2_ws/src/sort_track_msg/build/sort_track_msg/rosidl_typesupport_fastrtps_cpp/sort_track_msg/msg/detail/tracks__rosidl_typesupport_fastrtps_cpp.hpp:11[m[K,
                 from [01m[K/root/ros2_ws/src/sort_track_msg/build/sort_track_msg/rosidl_typesupport_fastrtps_cpp/sort_track_msg/msg/detail/dds_fastrtps/tracks__type_support.cpp:4[m[K:
[01m[K/root/ros2_ws/src/sort_track_msg/build/sort_track_msg/rosidl_generator_cpp/sort_track_msg/msg/detail/bounding_box__struct.hpp:[m[K In constructor ‘[01m[Ksort_track_msg::msg::BoundingBox_<ContainerAllocator>::BoundingBox_(const ContainerAllocator&, rosidl_runtime_cpp::MessageInitialization)[m[K’:
[01m[K/root/ros2_ws/src/sort_track_msg/build/sort_track_msg/rosidl_generator_cpp/sort_track_msg/msg/detail/bounding_box__struct.hpp:50:5:[m[K [01;31m[Kerror: [m[Kexpected identifier before ‘[01m[Kclass[m[K’
   : [01;31m[Kclass[m[K(_alloc)
     [01;31m[K^~~~~[m[K
[01m[K/root/ros2_ws/src/sort_track_msg/build/sort_track_msg/rosidl_generator_cpp/sort_track_msg/msg/detail/bounding_box__struct.hpp:50:5:[m[K [01;31m[Kerror: [m[Kexpected ‘[01m[K{[m[K’ before ‘[01m[Kclass[m[K’
[01m[K/root/ros2_ws/src/sort_track_msg/build/sort_track_msg/rosidl_generator_cpp/sort_track_msg/msg/detail/bounding_box__struct.hpp:[m[K In member function ‘[01m[Ksort_track_msg::msg::BoundingBox_<ContainerAllocator>::Type& sort_track_msg::msg::BoundingBox_<ContainerAllocator>::set__class(const std::__cxx11::basic_string<char, std::char_traits<char>, typename ContainerAllocator::rebind<char>::other>&)[m[K’:
[01m[K/root/ros2_ws/src/sort_track_msg/build/sort_track_msg/rosidl_generator_cpp/sort_track_msg/msg/detail/bounding_box__struct.hpp:94:11:[m[K [01;31m[Kerror: [m[Kexpected unqualified-id before ‘[01m[Kclass[m[K’
     this->[01;31m[Kclass[m[K = _arg;
           [01;31m[K^~~~~[m[K
[01m[K/root/ros2_ws/src/sort_track_msg/build/sort_track_msg/rosidl_generator_cpp/sort_track_msg/msg/detail/bounding_box__struct.hpp:[m[K In member function ‘[01m[Kbool sort_track_msg::msg::BoundingBox_<ContainerAllocator>::operator==(const sort_track_msg::msg::BoundingBox_<ContainerAllocator>&) const[m[K’:
[01m[K/root/ros2_ws/src/sort_track_msg/build/sort_track_msg/rosidl_generator_cpp/sort_track_msg/msg/detail/bounding_box__struct.hpp:167:15:[m[K [01;31m[Kerror: [m[Kexpected unqualified-id before ‘[01m[Kclass[m[K’
     if (this->[01;31m[Kclass[m[K != other.class) {
               [01;31m[K^~~~~[m[K
[01m[K/root/ros2_ws/src/sort_track_msg/build/sort_track_msg/rosidl_generator_cpp/sort_track_msg/msg/detail/bounding_box__struct.hpp:167:15:[m[K [01;31m[Kerror: [m[Kexpected ‘[01m[K)[m[K’ before ‘[01m[Kclass[m[K’
make[2]: *** [CMakeFiles/sort_track_msg__rosidl_typesupport_fastrtps_cpp.dir/rosidl_typesupport_fastrtps_cpp/sort_track_msg/msg/detail/dds_fastrtps/bounding_box__type_support.cpp.o] Error 1
make[2]: *** Waiting for unfinished jobs....
CMakeFiles/sort_track_msg__rosidl_typesupport_fastrtps_cpp.dir/build.make:111: recipe for target 'CMakeFiles/sort_track_msg__rosidl_typesupport_fastrtps_cpp.dir/rosidl_typesupport_fastrtps_cpp/sort_track_msg/msg/detail/dds_fastrtps/bounding_box__type_support.cpp.o' failed
CMakeFiles/sort_track_msg__rosidl_typesupport_introspection_cpp.dir/build.make:125: recipe for target 'CMakeFiles/sort_track_msg__rosidl_typesupport_introspection_cpp.dir/rosidl_typesupport_introspection_cpp/sort_track_msg/msg/detail/target__type_support.cpp.o' failed
make[2]: *** [CMakeFiles/sort_track_msg__rosidl_typesupport_introspection_cpp.dir/rosidl_typesupport_introspection_cpp/sort_track_msg/msg/detail/target__type_support.cpp.o] Error 1
[01m[K/root/ros2_ws/src/sort_track_msg/build/sort_track_msg/rosidl_typesupport_fastrtps_cpp/sort_track_msg/msg/detail/dds_fastrtps/target__type_support.cpp:[m[K In function ‘[01m[Kbool sort_track_msg::msg::typesupport_fastrtps_cpp::cdr_serialize(const Target&, eprosima::fastcdr::Cdr&)[m[K’:
[01m[K/root/ros2_ws/src/sort_track_msg/build/sort_track_msg/rosidl_typesupport_fastrtps_cpp/sort_track_msg/msg/detail/dds_fastrtps/target__type_support.cpp:38:22:[m[K [01;31m[Kerror: [m[Kexpected unqualified-id before ‘[01m[Kclass[m[K’
   cdr << ros_message.[01;31m[Kclass[m[K;
                      [01;31m[K^~~~~[m[K
[01m[K/root/ros2_ws/src/sort_track_msg/build/sort_track_msg/rosidl_typesupport_fastrtps_cpp/sort_track_msg/msg/detail/dds_fastrtps/target__type_support.cpp:[m[K In function ‘[01m[Kbool sort_track_msg::msg::typesupport_fastrtps_cpp::cdr_deserialize(eprosima::fastcdr::Cdr&, sort_track_msg::msg::Target&)[m[K’:
[01m[K/root/ros2_ws/src/sort_track_msg/build/sort_track_msg/rosidl_typesupport_fastrtps_cpp/sort_track_msg/msg/detail/dds_fastrtps/target__type_support.cpp:68:22:[m[K [01;31m[Kerror: [m[Kexpected unqualified-id before ‘[01m[Kclass[m[K’
   cdr >> ros_message.[01;31m[Kclass[m[K;
                      [01;31m[K^~~~~[m[K
[01m[K/root/ros2_ws/src/sort_track_msg/build/sort_track_msg/rosidl_typesupport_fastrtps_cpp/sort_track_msg/msg/detail/dds_fastrtps/target__type_support.cpp:[m[K In function ‘[01m[Ksize_t sort_track_msg::msg::typesupport_fastrtps_cpp::get_serialized_size(const Target&, size_t)[m[K’:
[01m[K/root/ros2_ws/src/sort_track_msg/build/sort_track_msg/rosidl_typesupport_fastrtps_cpp/sort_track_msg/msg/detail/dds_fastrtps/target__type_support.cpp:119:18:[m[K [01;31m[Kerror: [m[Kexpected unqualified-id before ‘[01m[Kclass[m[K’
     (ros_message.[01;31m[Kclass[m[K.size() + 1);
                  [01;31m[K^~~~~[m[K
[01m[K/root/ros2_ws/src/sort_track_msg/build/sort_track_msg/rosidl_typesupport_fastrtps_cpp/sort_track_msg/msg/detail/dds_fastrtps/target__type_support.cpp:119:18:[m[K [01;31m[Kerror: [m[Kexpected ‘[01m[K)[m[K’ before ‘[01m[Kclass[m[K’
CMakeFiles/sort_track_msg__rosidl_typesupport_introspection_cpp.dir/build.make:139: recipe for target 'CMakeFiles/sort_track_msg__rosidl_typesupport_introspection_cpp.dir/rosidl_typesupport_introspection_cpp/sort_track_msg/msg/detail/targets__type_support.cpp.o' failed
make[2]: *** [CMakeFiles/sort_track_msg__rosidl_typesupport_introspection_cpp.dir/rosidl_typesupport_introspection_cpp/sort_track_msg/msg/detail/targets__type_support.cpp.o] Error 1
make[1]: *** [CMakeFiles/sort_track_msg__rosidl_typesupport_introspection_cpp.dir/all] Error 2
CMakeFiles/Makefile2:486: recipe for target 'CMakeFiles/sort_track_msg__rosidl_typesupport_introspection_cpp.dir/all' failed
make[2]: *** [CMakeFiles/sort_track_msg__rosidl_typesupport_fastrtps_cpp.dir/rosidl_typesupport_fastrtps_cpp/sort_track_msg/msg/detail/dds_fastrtps/target__type_support.cpp.o] Error 1
CMakeFiles/sort_track_msg__rosidl_typesupport_fastrtps_cpp.dir/build.make:125: recipe for target 'CMakeFiles/sort_track_msg__rosidl_typesupport_fastrtps_cpp.dir/rosidl_typesupport_fastrtps_cpp/sort_track_msg/msg/detail/dds_fastrtps/target__type_support.cpp.o' failed
CMakeFiles/sort_track_msg__rosidl_typesupport_fastrtps_cpp.dir/build.make:139: recipe for target 'CMakeFiles/sort_track_msg__rosidl_typesupport_fastrtps_cpp.dir/rosidl_typesupport_fastrtps_cpp/sort_track_msg/msg/detail/dds_fastrtps/targets__type_support.cpp.o' failed
make[2]: *** [CMakeFiles/sort_track_msg__rosidl_typesupport_fastrtps_cpp.dir/rosidl_typesupport_fastrtps_cpp/sort_track_msg/msg/detail/dds_fastrtps/targets__type_support.cpp.o] Error 1
CMakeFiles/sort_track_msg__rosidl_typesupport_fastrtps_cpp.dir/build.make:153: recipe for target 'CMakeFiles/sort_track_msg__rosidl_typesupport_fastrtps_cpp.dir/rosidl_typesupport_fastrtps_cpp/sort_track_msg/msg/detail/dds_fastrtps/tracks__type_support.cpp.o' failed
make[2]: *** [CMakeFiles/sort_track_msg__rosidl_typesupport_fastrtps_cpp.dir/rosidl_typesupport_fastrtps_cpp/sort_track_msg/msg/detail/dds_fastrtps/tracks__type_support.cpp.o] Error 1
make[1]: *** [CMakeFiles/sort_track_msg__rosidl_typesupport_fastrtps_cpp.dir/all] Error 2
CMakeFiles/Makefile2:124: recipe for target 'CMakeFiles/sort_track_msg__rosidl_typesupport_fastrtps_cpp.dir/all' failed
Makefile:145: recipe for target 'all' failed
make: *** [all] Error 2
