-- Found ament_cmake: 0.9.9 (/opt/ros/foxy/install/share/ament_cmake/cmake)
-- Found PythonInterp: /usr/bin/python3 (found suitable version "3.6.9", minimum required is "3") 
-- Using PYTHON_EXECUTABLE: /usr/bin/python3
-- Found std_msgs: 2.0.4 (/opt/ros/foxy/install/share/std_msgs/cmake)
-- Using all available rosidl_typesupport_c: rosidl_typesupport_fastrtps_c;rosidl_typesupport_introspection_c
-- Found rosidl_adapter: 1.2.1 (/opt/ros/foxy/install/share/rosidl_adapter/cmake)
-- Using all available rosidl_typesupport_cpp: rosidl_typesupport_fastrtps_cpp;rosidl_typesupport_introspection_cpp
-- Found rosidl_default_generators: 1.0.1 (/opt/ros/foxy/install/share/rosidl_default_generators/cmake)
-- Found PythonInterp: /usr/bin/python3 (found version "3.6.9") 
-- Found ament_cmake_ros: 0.9.2 (/opt/ros/foxy/install/share/ament_cmake_ros/cmake)
-- Using all available rosidl_typesupport_c: rosidl_typesupport_fastrtps_c;rosidl_typesupport_introspection_c
-- Using all available rosidl_typesupport_cpp: rosidl_typesupport_fastrtps_cpp;rosidl_typesupport_introspection_cpp
-- Found PythonInterp: /usr/bin/python3 (found suitable version "3.6.9", minimum required is "3.5") 
-- Found python_cmake_module: 0.8.1 (/opt/ros/foxy/install/share/python_cmake_module/cmake)
-- Found PythonLibs: /usr/lib/aarch64-linux-gnu/libpython3.6m.so (found suitable version "3.6.9", minimum required is "3.5") 
-- Using PYTHON_EXECUTABLE: /usr/bin/python3
-- Using PYTHON_INCLUDE_DIRS: /usr/include/python3.6m
-- Using PYTHON_LIBRARIES: /usr/lib/aarch64-linux-gnu/libpython3.6m.so
-- Found PythonExtra: .so  
-- Using numpy include directory: /usr/local/lib/python3.6/dist-packages/numpy/core/include
-- Found ament_lint_auto: 0.9.6 (/opt/ros/foxy/install/share/ament_lint_auto/cmake)
-- Added test 'copyright' to check source files copyright and LICENSE
-- Added test 'cppcheck' to perform static code analysis on C / C++ code
-- Configured cppcheck include dirs: $<BUILD_INTERFACE:/root/ros2_ws/src/sort_track_msg/build/sort_track_msg/rosidl_generator_c>;/root/ros2_ws/src/sort_track_msg/build/sort_track_msg/rosidl_generator_c;/root/ros2_ws/src/sort_track_msg/build/sort_track_msg/rosidl_generator_cpp;/root/ros2_ws/src/sort_track_msg/build/sort_track_msg/rosidl_typesupport_fastrtps_c;/root/ros2_ws/src/sort_track_msg/build/sort_track_msg/rosidl_typesupport_fastrtps_cpp;$<BUILD_INTERFACE:/root/ros2_ws/src/sort_track_msg/build/sort_track_msg/rosidl_typesupport_introspection_c>;$<BUILD_INTERFACE:/root/ros2_ws/src/sort_track_msg/build/sort_track_msg/rosidl_typesupport_c>;$<BUILD_INTERFACE:/root/ros2_ws/src/sort_track_msg/build/sort_track_msg/rosidl_generator_cpp>;/root/ros2_ws/src/sort_track_msg/build/sort_track_msg/rosidl_generator_py
-- Configured cppcheck exclude dirs and/or files: 
-- Added test 'cpplint' to check C / C++ code against the Google style
-- Configured cpplint exclude dirs and/or files: 
-- Added test 'flake8' to check Python code syntax and style conventions
-- Added test 'lint_cmake' to check CMake code style
-- Added test 'pep257' to check Python code against some of the style conventions in PEP 257
-- Added test 'uncrustify' to check C / C++ code style
-- Configured uncrustify additional arguments: 
-- Added test 'xmllint' to check XML markup files
-- Configuring done
-- Generating done
-- Build files have been written to: /root/ros2_ws/src/sort_track_msg/build/sort_track_msg
[  1%] [34m[1mGenerating C code for ROS interfaces[0m
[  3%] [34m[1mGenerating C++ code for ROS interfaces[0m
[  3%] Built target sort_track_msg__cpp
[  7%] [34m[1mGenerating C++ introspection for ROS interfaces[0m
[  7%] [34m[1mGenerating C++ type support for eProsima Fast-RTPS[0m
[  9%] [34m[1mGenerating C++ type support dispatch for ROS interfaces[0m
[ 12%] [32mBuilding C object CMakeFiles/sort_track_msg__rosidl_generator_c.dir/rosidl_generator_c/sort_track_msg/msg/detail/bounding_box__functions.c.o[0m
[ 12%] [32mBuilding C object CMakeFiles/sort_track_msg__rosidl_generator_c.dir/rosidl_generator_c/sort_track_msg/msg/detail/target__functions.c.o[0m
[ 14%] [32mBuilding C object CMakeFiles/sort_track_msg__rosidl_generator_c.dir/rosidl_generator_c/sort_track_msg/msg/detail/targets__functions.c.o[0m
[ 16%] [32mBuilding C object CMakeFiles/sort_track_msg__rosidl_generator_c.dir/rosidl_generator_c/sort_track_msg/msg/detail/tracks__functions.c.o[0m
[ 18%] [32m[1mLinking C shared library libsort_track_msg__rosidl_generator_c.so[0m
[ 18%] Built target sort_track_msg__rosidl_generator_c
[ 20%] [34m[1mGenerating C introspection for ROS interfaces[0m
[ 21%] [34m[1mGenerating C type support dispatch for ROS interfaces[0m
[ 23%] [32mBuilding CXX object CMakeFiles/sort_track_msg__rosidl_typesupport_cpp.dir/rosidl_typesupport_cpp/sort_track_msg/msg/bounding_box__type_support.cpp.o[0m
[ 25%] [32mBuilding CXX object CMakeFiles/sort_track_msg__rosidl_typesupport_cpp.dir/rosidl_typesupport_cpp/sort_track_msg/msg/target__type_support.cpp.o[0m
[ 27%] [32mBuilding CXX object CMakeFiles/sort_track_msg__rosidl_typesupport_cpp.dir/rosidl_typesupport_cpp/sort_track_msg/msg/targets__type_support.cpp.o[0m
[ 29%] [32mBuilding CXX object CMakeFiles/sort_track_msg__rosidl_typesupport_cpp.dir/rosidl_typesupport_cpp/sort_track_msg/msg/tracks__type_support.cpp.o[0m
[ 30%] [32mBuilding CXX object CMakeFiles/sort_track_msg__rosidl_typesupport_introspection_cpp.dir/rosidl_typesupport_introspection_cpp/sort_track_msg/msg/detail/bounding_box__type_support.cpp.o[0m
[ 32%] [32mBuilding CXX object CMakeFiles/sort_track_msg__rosidl_typesupport_fastrtps_cpp.dir/rosidl_typesupport_fastrtps_cpp/sort_track_msg/msg/detail/dds_fastrtps/bounding_box__type_support.cpp.o[0m
[ 34%] [32mBuilding CXX object CMakeFiles/sort_track_msg__rosidl_typesupport_c.dir/rosidl_typesupport_c/sort_track_msg/msg/bounding_box__type_support.cpp.o[0m
CMakeFiles/sort_track_msg__rosidl_typesupport_c.dir/build.make:97: recipe for target 'CMakeFiles/sort_track_msg__rosidl_typesupport_c.dir/rosidl_typesupport_c/sort_track_msg/msg/bounding_box__type_support.cpp.o' failed
CMakeFiles/Makefile2:434: recipe for target 'CMakeFiles/sort_track_msg__rosidl_typesupport_c.dir/all' failed
[ 36%] [32mBuilding CXX object CMakeFiles/sort_track_msg__rosidl_typesupport_fastrtps_cpp.dir/rosidl_typesupport_fastrtps_cpp/sort_track_msg/msg/detail/dds_fastrtps/target__type_support.cpp.o[0m
CMakeFiles/sort_track_msg__rosidl_typesupport_cpp.dir/build.make:125: recipe for target 'CMakeFiles/sort_track_msg__rosidl_typesupport_cpp.dir/rosidl_typesupport_cpp/sort_track_msg/msg/targets__type_support.cpp.o' failed
CMakeFiles/sort_track_msg__rosidl_typesupport_cpp.dir/build.make:97: recipe for target 'CMakeFiles/sort_track_msg__rosidl_typesupport_cpp.dir/rosidl_typesupport_cpp/sort_track_msg/msg/bounding_box__type_support.cpp.o' failed
[ 38%] [32mBuilding CXX object CMakeFiles/sort_track_msg__rosidl_typesupport_fastrtps_cpp.dir/rosidl_typesupport_fastrtps_cpp/sort_track_msg/msg/detail/dds_fastrtps/targets__type_support.cpp.o[0m
[ 40%] [32mBuilding C object CMakeFiles/sort_track_msg__rosidl_typesupport_introspection_c.dir/rosidl_typesupport_introspection_c/sort_track_msg/msg/detail/bounding_box__type_support.c.o[0m
CMakeFiles/sort_track_msg__rosidl_typesupport_cpp.dir/build.make:139: recipe for target 'CMakeFiles/sort_track_msg__rosidl_typesupport_cpp.dir/rosidl_typesupport_cpp/sort_track_msg/msg/tracks__type_support.cpp.o' failed
[ 41%] [32mBuilding CXX object CMakeFiles/sort_track_msg__rosidl_typesupport_introspection_cpp.dir/rosidl_typesupport_introspection_cpp/sort_track_msg/msg/detail/target__type_support.cpp.o[0m
[ 43%] [32mBuilding CXX object CMakeFiles/sort_track_msg__rosidl_typesupport_fastrtps_cpp.dir/rosidl_typesupport_fastrtps_cpp/sort_track_msg/msg/detail/dds_fastrtps/tracks__type_support.cpp.o[0m
CMakeFiles/sort_track_msg__rosidl_typesupport_cpp.dir/build.make:111: recipe for target 'CMakeFiles/sort_track_msg__rosidl_typesupport_cpp.dir/rosidl_typesupport_cpp/sort_track_msg/msg/target__type_support.cpp.o' failed
CMakeFiles/Makefile2:460: recipe for target 'CMakeFiles/sort_track_msg__rosidl_typesupport_cpp.dir/all' failed
[ 45%] [32mBuilding CXX object CMakeFiles/sort_track_msg__rosidl_typesupport_introspection_cpp.dir/rosidl_typesupport_introspection_cpp/sort_track_msg/msg/detail/targets__type_support.cpp.o[0m
[ 47%] [32mBuilding C object CMakeFiles/sort_track_msg__rosidl_typesupport_introspection_c.dir/rosidl_typesupport_introspection_c/sort_track_msg/msg/detail/target__type_support.c.o[0m
CMakeFiles/sort_track_msg__rosidl_typesupport_introspection_cpp.dir/build.make:111: recipe for target 'CMakeFiles/sort_track_msg__rosidl_typesupport_introspection_cpp.dir/rosidl_typesupport_introspection_cpp/sort_track_msg/msg/detail/bounding_box__type_support.cpp.o' failed
[ 49%] [32mBuilding C object CMakeFiles/sort_track_msg__rosidl_typesupport_introspection_c.dir/rosidl_typesupport_introspection_c/sort_track_msg/msg/detail/targets__type_support.c.o[0m
[ 50%] [32mBuilding C object CMakeFiles/sort_track_msg__rosidl_typesupport_introspection_c.dir/rosidl_typesupport_introspection_c/sort_track_msg/msg/detail/tracks__type_support.c.o[0m
[ 52%] [32m[1mLinking C shared library libsort_track_msg__rosidl_typesupport_introspection_c.so[0m
[ 52%] Built target sort_track_msg__rosidl_typesupport_introspection_c
CMakeFiles/sort_track_msg__rosidl_typesupport_fastrtps_cpp.dir/build.make:111: recipe for target 'CMakeFiles/sort_track_msg__rosidl_typesupport_fastrtps_cpp.dir/rosidl_typesupport_fastrtps_cpp/sort_track_msg/msg/detail/dds_fastrtps/bounding_box__type_support.cpp.o' failed
CMakeFiles/sort_track_msg__rosidl_typesupport_introspection_cpp.dir/build.make:125: recipe for target 'CMakeFiles/sort_track_msg__rosidl_typesupport_introspection_cpp.dir/rosidl_typesupport_introspection_cpp/sort_track_msg/msg/detail/target__type_support.cpp.o' failed
CMakeFiles/sort_track_msg__rosidl_typesupport_introspection_cpp.dir/build.make:139: recipe for target 'CMakeFiles/sort_track_msg__rosidl_typesupport_introspection_cpp.dir/rosidl_typesupport_introspection_cpp/sort_track_msg/msg/detail/targets__type_support.cpp.o' failed
CMakeFiles/Makefile2:486: recipe for target 'CMakeFiles/sort_track_msg__rosidl_typesupport_introspection_cpp.dir/all' failed
CMakeFiles/sort_track_msg__rosidl_typesupport_fastrtps_cpp.dir/build.make:125: recipe for target 'CMakeFiles/sort_track_msg__rosidl_typesupport_fastrtps_cpp.dir/rosidl_typesupport_fastrtps_cpp/sort_track_msg/msg/detail/dds_fastrtps/target__type_support.cpp.o' failed
CMakeFiles/sort_track_msg__rosidl_typesupport_fastrtps_cpp.dir/build.make:139: recipe for target 'CMakeFiles/sort_track_msg__rosidl_typesupport_fastrtps_cpp.dir/rosidl_typesupport_fastrtps_cpp/sort_track_msg/msg/detail/dds_fastrtps/targets__type_support.cpp.o' failed
CMakeFiles/sort_track_msg__rosidl_typesupport_fastrtps_cpp.dir/build.make:153: recipe for target 'CMakeFiles/sort_track_msg__rosidl_typesupport_fastrtps_cpp.dir/rosidl_typesupport_fastrtps_cpp/sort_track_msg/msg/detail/dds_fastrtps/tracks__type_support.cpp.o' failed
CMakeFiles/Makefile2:124: recipe for target 'CMakeFiles/sort_track_msg__rosidl_typesupport_fastrtps_cpp.dir/all' failed
Makefile:145: recipe for target 'all' failed
