[0.056s] Invoking command in '/root/ros2_ws/src/sort_track_msg/build/sort_track_msg': CMAKE_PREFIX_PATH=${CMAKE_PREFIX_PATH}:/root/ros2_ws/install/traffic_count:/root/ros2_ws/install/subscriber_pkg:/root/ros2_ws/install/single_stream_pkg:/root/ros2_ws/install/multi_stream_pkg:/root/ros2_ws/install/deepstream_ros2_yolo /usr/local/bin/cmake /root/ros2_ws/src/sort_track_msg -DCMAKE_INSTALL_PREFIX=/root/ros2_ws/src/sort_track_msg/install/sort_track_msg
[0.097s] -- Found ament_cmake: 0.9.9 (/opt/ros/foxy/install/share/ament_cmake/cmake)
[0.186s] -- Found PythonInterp: /usr/bin/python3 (found suitable version "3.6.9", minimum required is "3") 
[0.186s] -- Using PYTHON_EXECUTABLE: /usr/bin/python3
[0.772s] -- Found std_msgs: 2.0.4 (/opt/ros/foxy/install/share/std_msgs/cmake)
[0.823s] -- Using all available rosidl_typesupport_c: rosidl_typesupport_fastrtps_c;rosidl_typesupport_introspection_c
[0.833s] -- Found rosidl_adapter: 1.2.1 (/opt/ros/foxy/install/share/rosidl_adapter/cmake)
[1.099s] -- Using all available rosidl_typesupport_cpp: rosidl_typesupport_fastrtps_cpp;rosidl_typesupport_introspection_cpp
[1.214s] -- Found rosidl_default_generators: 1.0.1 (/opt/ros/foxy/install/share/rosidl_default_generators/cmake)
[1.327s] -- Found PythonInterp: /usr/bin/python3 (found version "3.6.9") 
[1.778s] -- Found ament_cmake_ros: 0.9.2 (/opt/ros/foxy/install/share/ament_cmake_ros/cmake)
[2.008s] -- Using all available rosidl_typesupport_c: rosidl_typesupport_fastrtps_c;rosidl_typesupport_introspection_c
[2.030s] -- Using all available rosidl_typesupport_cpp: rosidl_typesupport_fastrtps_cpp;rosidl_typesupport_introspection_cpp
[2.112s] -- Found PythonInterp: /usr/bin/python3 (found suitable version "3.6.9", minimum required is "3.5") 
[2.119s] -- Found python_cmake_module: 0.8.1 (/opt/ros/foxy/install/share/python_cmake_module/cmake)
[2.208s] -- Found PythonLibs: /usr/lib/aarch64-linux-gnu/libpython3.6m.so (found suitable version "3.6.9", minimum required is "3.5") 
[2.208s] -- Using PYTHON_EXECUTABLE: /usr/bin/python3
[2.208s] -- Using PYTHON_INCLUDE_DIRS: /usr/include/python3.6m
[2.209s] -- Using PYTHON_LIBRARIES: /usr/lib/aarch64-linux-gnu/libpython3.6m.so
[2.284s] -- Found PythonExtra: .so  
[2.818s] -- Using numpy include directory: /usr/local/lib/python3.6/dist-packages/numpy/core/include
[2.852s] -- Found ament_lint_auto: 0.9.6 (/opt/ros/foxy/install/share/ament_lint_auto/cmake)
[2.915s] -- Added test 'copyright' to check source files copyright and LICENSE
[2.937s] -- Added test 'cppcheck' to perform static code analysis on C / C++ code
[2.943s] -- Configured cppcheck include dirs: $<BUILD_INTERFACE:/root/ros2_ws/src/sort_track_msg/build/sort_track_msg/rosidl_generator_c>;/root/ros2_ws/src/sort_track_msg/build/sort_track_msg/rosidl_generator_c;/root/ros2_ws/src/sort_track_msg/build/sort_track_msg/rosidl_generator_cpp;/root/ros2_ws/src/sort_track_msg/build/sort_track_msg/rosidl_typesupport_fastrtps_c;/root/ros2_ws/src/sort_track_msg/build/sort_track_msg/rosidl_typesupport_fastrtps_cpp;$<BUILD_INTERFACE:/root/ros2_ws/src/sort_track_msg/build/sort_track_msg/rosidl_typesupport_introspection_c>;$<BUILD_INTERFACE:/root/ros2_ws/src/sort_track_msg/build/sort_track_msg/rosidl_typesupport_c>;$<BUILD_INTERFACE:/root/ros2_ws/src/sort_track_msg/build/sort_track_msg/rosidl_generator_cpp>;/root/ros2_ws/src/sort_track_msg/build/sort_track_msg/rosidl_generator_py
[2.944s] -- Configured cppcheck exclude dirs and/or files: 
[2.969s] -- Added test 'cpplint' to check C / C++ code against the Google style
[2.969s] -- Configured cpplint exclude dirs and/or files: 
[2.973s] -- Added test 'flake8' to check Python code syntax and style conventions
[2.980s] -- Added test 'lint_cmake' to check CMake code style
[2.985s] -- Added test 'pep257' to check Python code against some of the style conventions in PEP 257
[3.006s] -- Added test 'uncrustify' to check C / C++ code style
[3.007s] -- Configured uncrustify additional arguments: 
[3.010s] -- Added test 'xmllint' to check XML markup files
[3.021s] -- Configuring done
[3.162s] -- Generating done
[3.171s] -- Build files have been written to: /root/ros2_ws/src/sort_track_msg/build/sort_track_msg
[3.183s] Invoked command in '/root/ros2_ws/src/sort_track_msg/build/sort_track_msg' returned '0': CMAKE_PREFIX_PATH=${CMAKE_PREFIX_PATH}:/root/ros2_ws/install/traffic_count:/root/ros2_ws/install/subscriber_pkg:/root/ros2_ws/install/single_stream_pkg:/root/ros2_ws/install/multi_stream_pkg:/root/ros2_ws/install/deepstream_ros2_yolo /usr/local/bin/cmake /root/ros2_ws/src/sort_track_msg -DCMAKE_INSTALL_PREFIX=/root/ros2_ws/src/sort_track_msg/install/sort_track_msg
[3.191s] Invoking command in '/root/ros2_ws/src/sort_track_msg/build/sort_track_msg': CMAKE_PREFIX_PATH=${CMAKE_PREFIX_PATH}:/root/ros2_ws/install/traffic_count:/root/ros2_ws/install/subscriber_pkg:/root/ros2_ws/install/single_stream_pkg:/root/ros2_ws/install/multi_stream_pkg:/root/ros2_ws/install/deepstream_ros2_yolo /usr/local/bin/cmake --build /root/ros2_ws/src/sort_track_msg/build/sort_track_msg -- -j8 -l8
[3.243s] [  1%] [34m[1mGenerating C code for ROS interfaces[0m
[3.254s] [  3%] [34m[1mGenerating C++ code for ROS interfaces[0m
[4.476s] [  3%] Built target sort_track_msg__cpp
[4.487s] [  7%] [34m[1mGenerating C++ introspection for ROS interfaces[0m
[4.487s] [  7%] [34m[1mGenerating C++ type support for eProsima Fast-RTPS[0m
[4.492s] [  9%] [34m[1mGenerating C++ type support dispatch for ROS interfaces[0m
[4.675s] [ 12%] [32mBuilding C object CMakeFiles/sort_track_msg__rosidl_generator_c.dir/rosidl_generator_c/sort_track_msg/msg/detail/bounding_box__functions.c.o[0m
[4.675s] [ 12%] [32mBuilding C object CMakeFiles/sort_track_msg__rosidl_generator_c.dir/rosidl_generator_c/sort_track_msg/msg/detail/target__functions.c.o[0m
[4.676s] [ 14%] [32mBuilding C object CMakeFiles/sort_track_msg__rosidl_generator_c.dir/rosidl_generator_c/sort_track_msg/msg/detail/targets__functions.c.o[0m
[4.676s] [ 16%] [32mBuilding C object CMakeFiles/sort_track_msg__rosidl_generator_c.dir/rosidl_generator_c/sort_track_msg/msg/detail/tracks__functions.c.o[0m
[4.796s] [ 18%] [32m[1mLinking C shared library libsort_track_msg__rosidl_generator_c.so[0m
[4.855s] [ 18%] Built target sort_track_msg__rosidl_generator_c
[4.868s] [ 20%] [34m[1mGenerating C introspection for ROS interfaces[0m
[4.876s] [ 21%] [34m[1mGenerating C type support dispatch for ROS interfaces[0m
[5.455s] [ 23%] [32mBuilding CXX object CMakeFiles/sort_track_msg__rosidl_typesupport_cpp.dir/rosidl_typesupport_cpp/sort_track_msg/msg/bounding_box__type_support.cpp.o[0m
[5.463s] [ 25%] [32mBuilding CXX object CMakeFiles/sort_track_msg__rosidl_typesupport_cpp.dir/rosidl_typesupport_cpp/sort_track_msg/msg/target__type_support.cpp.o[0m
[5.471s] [ 27%] [32mBuilding CXX object CMakeFiles/sort_track_msg__rosidl_typesupport_cpp.dir/rosidl_typesupport_cpp/sort_track_msg/msg/targets__type_support.cpp.o[0m
[5.477s] [ 29%] [32mBuilding CXX object CMakeFiles/sort_track_msg__rosidl_typesupport_cpp.dir/rosidl_typesupport_cpp/sort_track_msg/msg/tracks__type_support.cpp.o[0m
[5.708s] [ 30%] [32mBuilding CXX object CMakeFiles/sort_track_msg__rosidl_typesupport_introspection_cpp.dir/rosidl_typesupport_introspection_cpp/sort_track_msg/msg/detail/bounding_box__type_support.cpp.o[0m
[5.795s] [ 32%] [32mBuilding CXX object CMakeFiles/sort_track_msg__rosidl_typesupport_fastrtps_cpp.dir/rosidl_typesupport_fastrtps_cpp/sort_track_msg/msg/detail/dds_fastrtps/bounding_box__type_support.cpp.o[0m
[5.881s] [ 34%] [32mBuilding CXX object CMakeFiles/sort_track_msg__rosidl_typesupport_c.dir/rosidl_typesupport_c/sort_track_msg/msg/bounding_box__type_support.cpp.o[0m
[5.928s] In file included from [01m[K/root/ros2_ws/src/sort_track_msg/build/sort_track_msg/rosidl_typesupport_c/sort_track_msg/msg/bounding_box__type_support.cpp:8:0[m[K:
[5.929s] [01m[K/root/ros2_ws/src/sort_track_msg/build/sort_track_msg/rosidl_generator_c/sort_track_msg/msg/detail/bounding_box__struct.h:28:33:[m[K [01;31m[Kerror: [m[Kexpected identifier before ‘[01m[K;[m[K’ token
[5.930s]    rosidl_runtime_c__String class[01;31m[K;[m[K
[5.931s]                                  [01;31m[K^[m[K
[5.931s] [01m[K/root/ros2_ws/src/sort_track_msg/build/sort_track_msg/rosidl_generator_c/sort_track_msg/msg/detail/bounding_box__struct.h:28:33:[m[K [01;31m[Kerror: [m[Kmultiple types in one declaration
[5.932s] [01m[K/root/ros2_ws/src/sort_track_msg/build/sort_track_msg/rosidl_generator_c/sort_track_msg/msg/detail/bounding_box__struct.h:28:33:[m[K [01;31m[Kerror: [m[Kdeclaration does not declare anything [[01;31m[K-fpermissive[m[K]
[5.939s] CMakeFiles/sort_track_msg__rosidl_typesupport_c.dir/build.make:97: recipe for target 'CMakeFiles/sort_track_msg__rosidl_typesupport_c.dir/rosidl_typesupport_c/sort_track_msg/msg/bounding_box__type_support.cpp.o' failed
[5.940s] make[2]: *** [CMakeFiles/sort_track_msg__rosidl_typesupport_c.dir/rosidl_typesupport_c/sort_track_msg/msg/bounding_box__type_support.cpp.o] Error 1
[5.945s] CMakeFiles/Makefile2:434: recipe for target 'CMakeFiles/sort_track_msg__rosidl_typesupport_c.dir/all' failed
[5.946s] make[1]: *** [CMakeFiles/sort_track_msg__rosidl_typesupport_c.dir/all] Error 2
[5.946s] make[1]: *** Waiting for unfinished jobs....
[5.956s] [ 36%] [32mBuilding CXX object CMakeFiles/sort_track_msg__rosidl_typesupport_fastrtps_cpp.dir/rosidl_typesupport_fastrtps_cpp/sort_track_msg/msg/detail/dds_fastrtps/target__type_support.cpp.o[0m
[6.075s] In file included from [01m[K/root/ros2_ws/src/sort_track_msg/build/sort_track_msg/rosidl_generator_cpp/sort_track_msg/msg/detail/targets__struct.hpp:21:0[m[K,
[6.076s]                  from [01m[K/root/ros2_ws/src/sort_track_msg/build/sort_track_msg/rosidl_typesupport_cpp/sort_track_msg/msg/targets__type_support.cpp:7[m[K:
[6.076s] [01m[K/root/ros2_ws/src/sort_track_msg/build/sort_track_msg/rosidl_generator_cpp/sort_track_msg/msg/detail/target__struct.hpp:78:20:[m[K [01;31m[Kerror: [m[Kexpected identifier before ‘[01m[K;[m[K’ token
[6.077s]    _class_type class[01;31m[K;[m[K
[6.077s]                     [01;31m[K^[m[K
[6.077s] [01m[K/root/ros2_ws/src/sort_track_msg/build/sort_track_msg/rosidl_generator_cpp/sort_track_msg/msg/detail/target__struct.hpp:78:20:[m[K [01;31m[Kerror: [m[Kmultiple types in one declaration
[6.078s] [01m[K/root/ros2_ws/src/sort_track_msg/build/sort_track_msg/rosidl_generator_cpp/sort_track_msg/msg/detail/target__struct.hpp:78:20:[m[K [01;31m[Kerror: [m[Kdeclaration does not declare anything [[01;31m[K-fpermissive[m[K]
[6.081s] In file included from [01m[K/root/ros2_ws/src/sort_track_msg/build/sort_track_msg/rosidl_generator_cpp/sort_track_msg/msg/detail/targets__struct.hpp:21:0[m[K,
[6.081s]                  from [01m[K/root/ros2_ws/src/sort_track_msg/build/sort_track_msg/rosidl_typesupport_cpp/sort_track_msg/msg/targets__type_support.cpp:7[m[K:
[6.081s] [01m[K/root/ros2_ws/src/sort_track_msg/build/sort_track_msg/rosidl_generator_cpp/sort_track_msg/msg/detail/target__struct.hpp:[m[K In constructor ‘[01m[Ksort_track_msg::msg::Target_<ContainerAllocator>::Target_(rosidl_runtime_cpp::MessageInitialization)[m[K’:
[6.082s] [01m[K/root/ros2_ws/src/sort_track_msg/build/sort_track_msg/rosidl_generator_cpp/sort_track_msg/msg/detail/target__struct.hpp:41:13:[m[K [01;31m[Kerror: [m[Kexpected unqualified-id before ‘[01m[Kclass[m[K’
[6.082s]        this->[01;31m[Kclass[m[K = "";
[6.082s]              [01;31m[K^~~~~[m[K
[6.083s] In file included from [01m[K/root/ros2_ws/src/sort_track_msg/build/sort_track_msg/rosidl_generator_cpp/sort_track_msg/msg/detail/targets__struct.hpp:21:0[m[K,
[6.083s]                  from [01m[K/root/ros2_ws/src/sort_track_msg/build/sort_track_msg/rosidl_typesupport_cpp/sort_track_msg/msg/targets__type_support.cpp:7[m[K:
[6.083s] [01m[K/root/ros2_ws/src/sort_track_msg/build/sort_track_msg/rosidl_generator_cpp/sort_track_msg/msg/detail/target__struct.hpp:[m[K In constructor ‘[01m[Ksort_track_msg::msg::Target_<ContainerAllocator>::Target_(const ContainerAllocator&, rosidl_runtime_cpp::MessageInitialization)[m[K’:
[6.084s] [01m[K/root/ros2_ws/src/sort_track_msg/build/sort_track_msg/rosidl_generator_cpp/sort_track_msg/msg/detail/target__struct.hpp:54:5:[m[K [01;31m[Kerror: [m[Kexpected identifier before ‘[01m[Kclass[m[K’
[6.085s]    : [01;31m[Kclass[m[K(_alloc)
[6.085s]      [01;31m[K^~~~~[m[K
[6.085s] [01m[K/root/ros2_ws/src/sort_track_msg/build/sort_track_msg/rosidl_generator_cpp/sort_track_msg/msg/detail/target__struct.hpp:54:5:[m[K [01;31m[Kerror: [m[Kexpected ‘[01m[K{[m[K’ before ‘[01m[Kclass[m[K’
[6.086s] [01m[K/root/ros2_ws/src/sort_track_msg/build/sort_track_msg/rosidl_generator_cpp/sort_track_msg/msg/detail/target__struct.hpp:[m[K In member function ‘[01m[Ksort_track_msg::msg::Target_<ContainerAllocator>::Type& sort_track_msg::msg::Target_<ContainerAllocator>::set__class(const std::__cxx11::basic_string<char, std::char_traits<char>, typename ContainerAllocator::rebind<char>::other>&)[m[K’:
[6.086s] [01m[K/root/ros2_ws/src/sort_track_msg/build/sort_track_msg/rosidl_generator_cpp/sort_track_msg/msg/detail/target__struct.hpp:114:11:[m[K [01;31m[Kerror: [m[Kexpected unqualified-id before ‘[01m[Kclass[m[K’
[6.086s]      this->[01;31m[Kclass[m[K = _arg;
[6.086s]            [01;31m[K^~~~~[m[K
[6.087s] [01m[K/root/ros2_ws/src/sort_track_msg/build/sort_track_msg/rosidl_generator_cpp/sort_track_msg/msg/detail/target__struct.hpp:[m[K In member function ‘[01m[Kbool sort_track_msg::msg::Target_<ContainerAllocator>::operator==(const sort_track_msg::msg::Target_<ContainerAllocator>&) const[m[K’:
[6.087s] [01m[K/root/ros2_ws/src/sort_track_msg/build/sort_track_msg/rosidl_generator_cpp/sort_track_msg/msg/detail/target__struct.hpp:211:15:[m[K [01;31m[Kerror: [m[Kexpected unqualified-id before ‘[01m[Kclass[m[K’
[6.087s]      if (this->[01;31m[Kclass[m[K != other.class) {
[6.087s]                [01;31m[K^~~~~[m[K
[6.088s] [01m[K/root/ros2_ws/src/sort_track_msg/build/sort_track_msg/rosidl_generator_cpp/sort_track_msg/msg/detail/target__struct.hpp:211:15:[m[K [01;31m[Kerror: [m[Kexpected ‘[01m[K)[m[K’ before ‘[01m[Kclass[m[K’
[6.088s] In file included from [01m[K/root/ros2_ws/src/sort_track_msg/build/sort_track_msg/rosidl_typesupport_cpp/sort_track_msg/msg/bounding_box__type_support.cpp:7:0[m[K:
[6.088s] [01m[K/root/ros2_ws/src/sort_track_msg/build/sort_track_msg/rosidl_generator_cpp/sort_track_msg/msg/detail/bounding_box__struct.hpp:70:20:[m[K [01;31m[Kerror: [m[Kexpected identifier before ‘[01m[K;[m[K’ token
[6.089s]    _class_type class[01;31m[K;[m[K
[6.089s]                     [01;31m[K^[m[K
[6.089s] [01m[K/root/ros2_ws/src/sort_track_msg/build/sort_track_msg/rosidl_generator_cpp/sort_track_msg/msg/detail/bounding_box__struct.hpp:70:20:[m[K [01;31m[Kerror: [m[Kmultiple types in one declaration
[6.089s] [01m[K/root/ros2_ws/src/sort_track_msg/build/sort_track_msg/rosidl_generator_cpp/sort_track_msg/msg/detail/bounding_box__struct.hpp:70:20:[m[K [01;31m[Kerror: [m[Kdeclaration does not declare anything [[01;31m[K-fpermissive[m[K]
[6.090s] In file included from [01m[K/root/ros2_ws/src/sort_track_msg/build/sort_track_msg/rosidl_typesupport_cpp/sort_track_msg/msg/bounding_box__type_support.cpp:7:0[m[K:
[6.090s] [01m[K/root/ros2_ws/src/sort_track_msg/build/sort_track_msg/rosidl_generator_cpp/sort_track_msg/msg/detail/bounding_box__struct.hpp:[m[K In constructor ‘[01m[Ksort_track_msg::msg::BoundingBox_<ContainerAllocator>::BoundingBox_(rosidl_runtime_cpp::MessageInitialization)[m[K’:
[6.090s] [01m[K/root/ros2_ws/src/sort_track_msg/build/sort_track_msg/rosidl_generator_cpp/sort_track_msg/msg/detail/bounding_box__struct.hpp:41:13:[m[K [01;31m[Kerror: [m[Kexpected unqualified-id before ‘[01m[Kclass[m[K’
[6.090s]        this->[01;31m[Kclass[m[K = "";
[6.091s]              [01;31m[K^~~~~[m[K
[6.091s] In file included from [01m[K/root/ros2_ws/src/sort_track_msg/build/sort_track_msg/rosidl_typesupport_cpp/sort_track_msg/msg/bounding_box__type_support.cpp:7:0[m[K:
[6.091s] [01m[K/root/ros2_ws/src/sort_track_msg/build/sort_track_msg/rosidl_generator_cpp/sort_track_msg/msg/detail/bounding_box__struct.hpp:[m[K In constructor ‘[01m[Ksort_track_msg::msg::BoundingBox_<ContainerAllocator>::BoundingBox_(const ContainerAllocator&, rosidl_runtime_cpp::MessageInitialization)[m[K’:
[6.091s] [01m[K/root/ros2_ws/src/sort_track_msg/build/sort_track_msg/rosidl_generator_cpp/sort_track_msg/msg/detail/bounding_box__struct.hpp:50:5:[m[K [01;31m[Kerror: [m[Kexpected identifier before ‘[01m[Kclass[m[K’
[6.093s]    : [01;31m[Kclass[m[K(_alloc)
[6.093s]      [01;31m[K^~~~~[m[K
[6.094s] [01m[K/root/ros2_ws/src/sort_track_msg/build/sort_track_msg/rosidl_generator_cpp/sort_track_msg/msg/detail/bounding_box__struct.hpp:50:5:[m[K [01;31m[Kerror: [m[Kexpected ‘[01m[K{[m[K’ before ‘[01m[Kclass[m[K’
[6.094s] [01m[K/root/ros2_ws/src/sort_track_msg/build/sort_track_msg/rosidl_generator_cpp/sort_track_msg/msg/detail/bounding_box__struct.hpp:[m[K In member function ‘[01m[Ksort_track_msg::msg::BoundingBox_<ContainerAllocator>::Type& sort_track_msg::msg::BoundingBox_<ContainerAllocator>::set__class(const std::__cxx11::basic_string<char, std::char_traits<char>, typename ContainerAllocator::rebind<char>::other>&)[m[K’:
[6.094s] [01m[K/root/ros2_ws/src/sort_track_msg/build/sort_track_msg/rosidl_generator_cpp/sort_track_msg/msg/detail/bounding_box__struct.hpp:94:11:[m[K [01;31m[Kerror: [m[Kexpected unqualified-id before ‘[01m[Kclass[m[K’
[6.100s]      this->[01;31m[Kclass[m[K = _arg;
[6.101s]            [01;31m[K^~~~~[m[K
[6.101s] [01m[K/root/ros2_ws/src/sort_track_msg/build/sort_track_msg/rosidl_generator_cpp/sort_track_msg/msg/detail/bounding_box__struct.hpp:[m[K In member function ‘[01m[Kbool sort_track_msg::msg::BoundingBox_<ContainerAllocator>::operator==(const sort_track_msg::msg::BoundingBox_<ContainerAllocator>&) const[m[K’:
[6.101s] [01m[K/root/ros2_ws/src/sort_track_msg/build/sort_track_msg/rosidl_generator_cpp/sort_track_msg/msg/detail/bounding_box__struct.hpp:167:15:[m[K [01;31m[Kerror: [m[Kexpected unqualified-id before ‘[01m[Kclass[m[K’
[6.102s]      if (this->[01;31m[Kclass[m[K != other.class) {
[6.102s]                [01;31m[K^~~~~[m[K
[6.102s] [01m[K/root/ros2_ws/src/sort_track_msg/build/sort_track_msg/rosidl_generator_cpp/sort_track_msg/msg/detail/bounding_box__struct.hpp:167:15:[m[K [01;31m[Kerror: [m[Kexpected ‘[01m[K)[m[K’ before ‘[01m[Kclass[m[K’
[6.103s] In file included from [01m[K/root/ros2_ws/src/sort_track_msg/build/sort_track_msg/rosidl_generator_cpp/sort_track_msg/msg/detail/tracks__struct.hpp:21:0[m[K,
[6.103s]                  from [01m[K/root/ros2_ws/src/sort_track_msg/build/sort_track_msg/rosidl_typesupport_cpp/sort_track_msg/msg/tracks__type_support.cpp:7[m[K:
[6.103s] [01m[K/root/ros2_ws/src/sort_track_msg/build/sort_track_msg/rosidl_generator_cpp/sort_track_msg/msg/detail/bounding_box__struct.hpp:70:20:[m[K [01;31m[Kerror: [m[Kexpected identifier before ‘[01m[K;[m[K’ token
[6.103s]    _class_type class[01;31m[K;[m[K
[6.105s]                     [01;31m[K^[m[K
[6.105s] [01m[K/root/ros2_ws/src/sort_track_msg/build/sort_track_msg/rosidl_generator_cpp/sort_track_msg/msg/detail/bounding_box__struct.hpp:70:20:[m[K [01;31m[Kerror: [m[Kmultiple types in one declaration
[6.105s] [01m[K/root/ros2_ws/src/sort_track_msg/build/sort_track_msg/rosidl_generator_cpp/sort_track_msg/msg/detail/bounding_box__struct.hpp:70:20:[m[K [01;31m[Kerror: [m[Kdeclaration does not declare anything [[01;31m[K-fpermissive[m[K]
[6.106s] In file included from [01m[K/root/ros2_ws/src/sort_track_msg/build/sort_track_msg/rosidl_generator_cpp/sort_track_msg/msg/detail/tracks__struct.hpp:21:0[m[K,
[6.106s]                  from [01m[K/root/ros2_ws/src/sort_track_msg/build/sort_track_msg/rosidl_typesupport_cpp/sort_track_msg/msg/tracks__type_support.cpp:7[m[K:
[6.106s] [01m[K/root/ros2_ws/src/sort_track_msg/build/sort_track_msg/rosidl_generator_cpp/sort_track_msg/msg/detail/bounding_box__struct.hpp:[m[K In constructor ‘[01m[Ksort_track_msg::msg::BoundingBox_<ContainerAllocator>::BoundingBox_(rosidl_runtime_cpp::MessageInitialization)[m[K’:
[6.106s] [01m[K/root/ros2_ws/src/sort_track_msg/build/sort_track_msg/rosidl_generator_cpp/sort_track_msg/msg/detail/bounding_box__struct.hpp:41:13:[m[K [01;31m[Kerror: [m[Kexpected unqualified-id before ‘[01m[Kclass[m[K’
[6.107s]        this->[01;31m[Kclass[m[K = "";
[6.107s]              [01;31m[K^~~~~[m[K
[6.108s] In file included from [01m[K/root/ros2_ws/src/sort_track_msg/build/sort_track_msg/rosidl_generator_cpp/sort_track_msg/msg/detail/tracks__struct.hpp:21:0[m[K,
[6.109s]                  from [01m[K/root/ros2_ws/src/sort_track_msg/build/sort_track_msg/rosidl_typesupport_cpp/sort_track_msg/msg/tracks__type_support.cpp:7[m[K:
[6.109s] [01m[K/root/ros2_ws/src/sort_track_msg/build/sort_track_msg/rosidl_generator_cpp/sort_track_msg/msg/detail/bounding_box__struct.hpp:[m[K In constructor ‘[01m[Ksort_track_msg::msg::BoundingBox_<ContainerAllocator>::BoundingBox_(const ContainerAllocator&, rosidl_runtime_cpp::MessageInitialization)[m[K’:
[6.110s] [01m[K/root/ros2_ws/src/sort_track_msg/build/sort_track_msg/rosidl_generator_cpp/sort_track_msg/msg/detail/bounding_box__struct.hpp:50:5:[m[K [01;31m[Kerror: [m[Kexpected identifier before ‘[01m[Kclass[m[K’
[6.111s]    : [01;31m[Kclass[m[K(_alloc)
[6.111s]      [01;31m[K^~~~~[m[K
[6.112s] [01m[K/root/ros2_ws/src/sort_track_msg/build/sort_track_msg/rosidl_generator_cpp/sort_track_msg/msg/detail/bounding_box__struct.hpp:50:5:[m[K [01;31m[Kerror: [m[Kexpected ‘[01m[K{[m[K’ before ‘[01m[Kclass[m[K’
[6.112s] [01m[K/root/ros2_ws/src/sort_track_msg/build/sort_track_msg/rosidl_generator_cpp/sort_track_msg/msg/detail/bounding_box__struct.hpp:[m[K In member function ‘[01m[Ksort_track_msg::msg::BoundingBox_<ContainerAllocator>::Type& sort_track_msg::msg::BoundingBox_<ContainerAllocator>::set__class(const std::__cxx11::basic_string<char, std::char_traits<char>, typename ContainerAllocator::rebind<char>::other>&)[m[K’:
[6.112s] [01m[K/root/ros2_ws/src/sort_track_msg/build/sort_track_msg/rosidl_generator_cpp/sort_track_msg/msg/detail/bounding_box__struct.hpp:94:11:[m[K [01;31m[Kerror: [m[Kexpected unqualified-id before ‘[01m[Kclass[m[K’
[6.113s]      this->[01;31m[Kclass[m[K = _arg;
[6.113s]            [01;31m[K^~~~~[m[K
[6.113s] [01m[K/root/ros2_ws/src/sort_track_msg/build/sort_track_msg/rosidl_generator_cpp/sort_track_msg/msg/detail/bounding_box__struct.hpp:[m[K In member function ‘[01m[Kbool sort_track_msg::msg::BoundingBox_<ContainerAllocator>::operator==(const sort_track_msg::msg::BoundingBox_<ContainerAllocator>&) const[m[K’:
[6.113s] [01m[K/root/ros2_ws/src/sort_track_msg/build/sort_track_msg/rosidl_generator_cpp/sort_track_msg/msg/detail/bounding_box__struct.hpp:167:15:[m[K [01;31m[Kerror: [m[Kexpected unqualified-id before ‘[01m[Kclass[m[K’
[6.114s]      if (this->[01;31m[Kclass[m[K != other.class) {
[6.114s]                [01;31m[K^~~~~[m[K
[6.114s] [01m[K/root/ros2_ws/src/sort_track_msg/build/sort_track_msg/rosidl_generator_cpp/sort_track_msg/msg/detail/bounding_box__struct.hpp:167:15:[m[K [01;31m[Kerror: [m[Kexpected ‘[01m[K)[m[K’ before ‘[01m[Kclass[m[K’
[6.114s] In file included from [01m[K/root/ros2_ws/src/sort_track_msg/build/sort_track_msg/rosidl_typesupport_cpp/sort_track_msg/msg/target__type_support.cpp:7:0[m[K:
[6.115s] [01m[K/root/ros2_ws/src/sort_track_msg/build/sort_track_msg/rosidl_generator_cpp/sort_track_msg/msg/detail/target__struct.hpp:78:20:[m[K [01;31m[Kerror: [m[Kexpected identifier before ‘[01m[K;[m[K’ token
[6.115s]    _class_type class[01;31m[K;[m[K
[6.115s]                     [01;31m[K^[m[K
[6.115s] [01m[K/root/ros2_ws/src/sort_track_msg/build/sort_track_msg/rosidl_generator_cpp/sort_track_msg/msg/detail/target__struct.hpp:78:20:[m[K [01;31m[Kerror: [m[Kmultiple types in one declaration
[6.116s] [01m[K/root/ros2_ws/src/sort_track_msg/build/sort_track_msg/rosidl_generator_cpp/sort_track_msg/msg/detail/target__struct.hpp:78:20:[m[K [01;31m[Kerror: [m[Kdeclaration does not declare anything [[01;31m[K-fpermissive[m[K]
[6.116s] In file included from [01m[K/root/ros2_ws/src/sort_track_msg/build/sort_track_msg/rosidl_typesupport_cpp/sort_track_msg/msg/target__type_support.cpp:7:0[m[K:
[6.116s] [01m[K/root/ros2_ws/src/sort_track_msg/build/sort_track_msg/rosidl_generator_cpp/sort_track_msg/msg/detail/target__struct.hpp:[m[K In constructor ‘[01m[Ksort_track_msg::msg::Target_<ContainerAllocator>::Target_(rosidl_runtime_cpp::MessageInitialization)[m[K’:
[6.117s] [01m[K/root/ros2_ws/src/sort_track_msg/build/sort_track_msg/rosidl_generator_cpp/sort_track_msg/msg/detail/target__struct.hpp:41:13:[m[K [01;31m[Kerror: [m[Kexpected unqualified-id before ‘[01m[Kclass[m[K’
[6.117s]        this->[01;31m[Kclass[m[K = "";
[6.117s]              [01;31m[K^~~~~[m[K
[6.117s] In file included from [01m[K/root/ros2_ws/src/sort_track_msg/build/sort_track_msg/rosidl_typesupport_cpp/sort_track_msg/msg/target__type_support.cpp:7:0[m[K:
[6.118s] [01m[K/root/ros2_ws/src/sort_track_msg/build/sort_track_msg/rosidl_generator_cpp/sort_track_msg/msg/detail/target__struct.hpp:[m[K In constructor ‘[01m[Ksort_track_msg::msg::Target_<ContainerAllocator>::Target_(const ContainerAllocator&, rosidl_runtime_cpp::MessageInitialization)[m[K’:
[6.118s] [01m[K/root/ros2_ws/src/sort_track_msg/build/sort_track_msg/rosidl_generator_cpp/sort_track_msg/msg/detail/target__struct.hpp:54:5:[m[K [01;31m[Kerror: [m[Kexpected identifier before ‘[01m[Kclass[m[K’
[6.118s]    : [01;31m[Kclass[m[K(_alloc)
[6.118s]      [01;31m[K^~~~~[m[K
[6.126s] [01m[K/root/ros2_ws/src/sort_track_msg/build/sort_track_msg/rosidl_generator_cpp/sort_track_msg/msg/detail/target__struct.hpp:54:5:[m[K [01;31m[Kerror: [m[Kexpected ‘[01m[K{[m[K’ before ‘[01m[Kclass[m[K’
[6.127s] [01m[K/root/ros2_ws/src/sort_track_msg/build/sort_track_msg/rosidl_generator_cpp/sort_track_msg/msg/detail/target__struct.hpp:[m[K In member function ‘[01m[Ksort_track_msg::msg::Target_<ContainerAllocator>::Type& sort_track_msg::msg::Target_<ContainerAllocator>::set__class(const std::__cxx11::basic_string<char, std::char_traits<char>, typename ContainerAllocator::rebind<char>::other>&)[m[K’:
[6.127s] [01m[K/root/ros2_ws/src/sort_track_msg/build/sort_track_msg/rosidl_generator_cpp/sort_track_msg/msg/detail/target__struct.hpp:114:11:[m[K [01;31m[Kerror: [m[Kexpected unqualified-id before ‘[01m[Kclass[m[K’
[6.127s]      this->[01;31m[Kclass[m[K = _arg;
[6.127s]            [01;31m[K^~~~~[m[K
[6.131s] [01m[K/root/ros2_ws/src/sort_track_msg/build/sort_track_msg/rosidl_generator_cpp/sort_track_msg/msg/detail/target__struct.hpp:[m[K In member function ‘[01m[Kbool sort_track_msg::msg::Target_<ContainerAllocator>::operator==(const sort_track_msg::msg::Target_<ContainerAllocator>&) const[m[K’:
[6.131s] [01m[K/root/ros2_ws/src/sort_track_msg/build/sort_track_msg/rosidl_generator_cpp/sort_track_msg/msg/detail/target__struct.hpp:211:15:[m[K [01;31m[Kerror: [m[Kexpected unqualified-id before ‘[01m[Kclass[m[K’
[6.131s]      if (this->[01;31m[Kclass[m[K != other.class) {
[6.133s]                [01;31m[K^~~~~[m[K
[6.133s] [01m[K/root/ros2_ws/src/sort_track_msg/build/sort_track_msg/rosidl_generator_cpp/sort_track_msg/msg/detail/target__struct.hpp:211:15:[m[K [01;31m[Kerror: [m[Kexpected ‘[01m[K)[m[K’ before ‘[01m[Kclass[m[K’
[6.160s] CMakeFiles/sort_track_msg__rosidl_typesupport_cpp.dir/build.make:125: recipe for target 'CMakeFiles/sort_track_msg__rosidl_typesupport_cpp.dir/rosidl_typesupport_cpp/sort_track_msg/msg/targets__type_support.cpp.o' failed
[6.161s] make[2]: *** [CMakeFiles/sort_track_msg__rosidl_typesupport_cpp.dir/rosidl_typesupport_cpp/sort_track_msg/msg/targets__type_support.cpp.o] Error 1
[6.161s] make[2]: *** Waiting for unfinished jobs....
[6.166s] CMakeFiles/sort_track_msg__rosidl_typesupport_cpp.dir/build.make:97: recipe for target 'CMakeFiles/sort_track_msg__rosidl_typesupport_cpp.dir/rosidl_typesupport_cpp/sort_track_msg/msg/bounding_box__type_support.cpp.o' failed
[6.166s] make[2]: *** [CMakeFiles/sort_track_msg__rosidl_typesupport_cpp.dir/rosidl_typesupport_cpp/sort_track_msg/msg/bounding_box__type_support.cpp.o] Error 1
[6.170s] [ 38%] [32mBuilding CXX object CMakeFiles/sort_track_msg__rosidl_typesupport_fastrtps_cpp.dir/rosidl_typesupport_fastrtps_cpp/sort_track_msg/msg/detail/dds_fastrtps/targets__type_support.cpp.o[0m
[6.178s] [ 40%] [32mBuilding C object CMakeFiles/sort_track_msg__rosidl_typesupport_introspection_c.dir/rosidl_typesupport_introspection_c/sort_track_msg/msg/detail/bounding_box__type_support.c.o[0m
[6.182s] CMakeFiles/sort_track_msg__rosidl_typesupport_cpp.dir/build.make:139: recipe for target 'CMakeFiles/sort_track_msg__rosidl_typesupport_cpp.dir/rosidl_typesupport_cpp/sort_track_msg/msg/tracks__type_support.cpp.o' failed
[6.182s] [ 41%] [32mBuilding CXX object CMakeFiles/sort_track_msg__rosidl_typesupport_introspection_cpp.dir/rosidl_typesupport_introspection_cpp/sort_track_msg/msg/detail/target__type_support.cpp.o[0m
[6.183s] make[2]: *** [CMakeFiles/sort_track_msg__rosidl_typesupport_cpp.dir/rosidl_typesupport_cpp/sort_track_msg/msg/tracks__type_support.cpp.o] Error 1
[6.189s] [ 43%] [32mBuilding CXX object CMakeFiles/sort_track_msg__rosidl_typesupport_fastrtps_cpp.dir/rosidl_typesupport_fastrtps_cpp/sort_track_msg/msg/detail/dds_fastrtps/tracks__type_support.cpp.o[0m
[6.199s] CMakeFiles/sort_track_msg__rosidl_typesupport_cpp.dir/build.make:111: recipe for target 'CMakeFiles/sort_track_msg__rosidl_typesupport_cpp.dir/rosidl_typesupport_cpp/sort_track_msg/msg/target__type_support.cpp.o' failed
[6.200s] make[2]: *** [CMakeFiles/sort_track_msg__rosidl_typesupport_cpp.dir/rosidl_typesupport_cpp/sort_track_msg/msg/target__type_support.cpp.o] Error 1
[6.200s] make[1]: *** [CMakeFiles/sort_track_msg__rosidl_typesupport_cpp.dir/all] Error 2
[6.201s] CMakeFiles/Makefile2:460: recipe for target 'CMakeFiles/sort_track_msg__rosidl_typesupport_cpp.dir/all' failed
[6.208s] [ 45%] [32mBuilding CXX object CMakeFiles/sort_track_msg__rosidl_typesupport_introspection_cpp.dir/rosidl_typesupport_introspection_cpp/sort_track_msg/msg/detail/targets__type_support.cpp.o[0m
[6.314s] [ 47%] [32mBuilding C object CMakeFiles/sort_track_msg__rosidl_typesupport_introspection_c.dir/rosidl_typesupport_introspection_c/sort_track_msg/msg/detail/target__type_support.c.o[0m
[6.378s] In file included from [01m[K/root/ros2_ws/src/sort_track_msg/build/sort_track_msg/rosidl_typesupport_introspection_cpp/sort_track_msg/msg/detail/bounding_box__type_support.cpp:12:0[m[K:
[6.378s] [01m[K/root/ros2_ws/src/sort_track_msg/build/sort_track_msg/rosidl_generator_cpp/sort_track_msg/msg/detail/bounding_box__struct.hpp:70:20:[m[K [01;31m[Kerror: [m[Kexpected identifier before ‘[01m[K;[m[K’ token
[6.379s]    _class_type class[01;31m[K;[m[K
[6.379s]                     [01;31m[K^[m[K
[6.379s] [01m[K/root/ros2_ws/src/sort_track_msg/build/sort_track_msg/rosidl_generator_cpp/sort_track_msg/msg/detail/bounding_box__struct.hpp:70:20:[m[K [01;31m[Kerror: [m[Kmultiple types in one declaration
[6.379s] [01m[K/root/ros2_ws/src/sort_track_msg/build/sort_track_msg/rosidl_generator_cpp/sort_track_msg/msg/detail/bounding_box__struct.hpp:70:20:[m[K [01;31m[Kerror: [m[Kdeclaration does not declare anything [[01;31m[K-fpermissive[m[K]
[6.380s] In file included from [01m[K/root/ros2_ws/src/sort_track_msg/build/sort_track_msg/rosidl_typesupport_introspection_cpp/sort_track_msg/msg/detail/bounding_box__type_support.cpp:12:0[m[K:
[6.380s] [01m[K/root/ros2_ws/src/sort_track_msg/build/sort_track_msg/rosidl_generator_cpp/sort_track_msg/msg/detail/bounding_box__struct.hpp:[m[K In constructor ‘[01m[Ksort_track_msg::msg::BoundingBox_<ContainerAllocator>::BoundingBox_(rosidl_runtime_cpp::MessageInitialization)[m[K’:
[6.380s] [01m[K/root/ros2_ws/src/sort_track_msg/build/sort_track_msg/rosidl_generator_cpp/sort_track_msg/msg/detail/bounding_box__struct.hpp:41:13:[m[K [01;31m[Kerror: [m[Kexpected unqualified-id before ‘[01m[Kclass[m[K’
[6.381s]        this->[01;31m[Kclass[m[K = "";
[6.381s]              [01;31m[K^~~~~[m[K
[6.384s] In file included from [01m[K/root/ros2_ws/src/sort_track_msg/build/sort_track_msg/rosidl_typesupport_introspection_cpp/sort_track_msg/msg/detail/bounding_box__type_support.cpp:12:0[m[K:
[6.385s] [01m[K/root/ros2_ws/src/sort_track_msg/build/sort_track_msg/rosidl_generator_cpp/sort_track_msg/msg/detail/bounding_box__struct.hpp:[m[K In constructor ‘[01m[Ksort_track_msg::msg::BoundingBox_<ContainerAllocator>::BoundingBox_(const ContainerAllocator&, rosidl_runtime_cpp::MessageInitialization)[m[K’:
[6.386s] [01m[K/root/ros2_ws/src/sort_track_msg/build/sort_track_msg/rosidl_generator_cpp/sort_track_msg/msg/detail/bounding_box__struct.hpp:50:5:[m[K [01;31m[Kerror: [m[Kexpected identifier before ‘[01m[Kclass[m[K’
[6.386s]    : [01;31m[Kclass[m[K(_alloc)
[6.386s]      [01;31m[K^~~~~[m[K
[6.387s] [01m[K/root/ros2_ws/src/sort_track_msg/build/sort_track_msg/rosidl_generator_cpp/sort_track_msg/msg/detail/bounding_box__struct.hpp:50:5:[m[K [01;31m[Kerror: [m[Kexpected ‘[01m[K{[m[K’ before ‘[01m[Kclass[m[K’
[6.387s] [01m[K/root/ros2_ws/src/sort_track_msg/build/sort_track_msg/rosidl_generator_cpp/sort_track_msg/msg/detail/bounding_box__struct.hpp:[m[K In member function ‘[01m[Ksort_track_msg::msg::BoundingBox_<ContainerAllocator>::Type& sort_track_msg::msg::BoundingBox_<ContainerAllocator>::set__class(const std::__cxx11::basic_string<char, std::char_traits<char>, typename ContainerAllocator::rebind<char>::other>&)[m[K’:
[6.387s] [01m[K/root/ros2_ws/src/sort_track_msg/build/sort_track_msg/rosidl_generator_cpp/sort_track_msg/msg/detail/bounding_box__struct.hpp:94:11:[m[K [01;31m[Kerror: [m[Kexpected unqualified-id before ‘[01m[Kclass[m[K’
[6.388s]      this->[01;31m[Kclass[m[K = _arg;
[6.388s]            [01;31m[K^~~~~[m[K
[6.389s] [01m[K/root/ros2_ws/src/sort_track_msg/build/sort_track_msg/rosidl_generator_cpp/sort_track_msg/msg/detail/bounding_box__struct.hpp:[m[K In member function ‘[01m[Kbool sort_track_msg::msg::BoundingBox_<ContainerAllocator>::operator==(const sort_track_msg::msg::BoundingBox_<ContainerAllocator>&) const[m[K’:
[6.389s] [01m[K/root/ros2_ws/src/sort_track_msg/build/sort_track_msg/rosidl_generator_cpp/sort_track_msg/msg/detail/bounding_box__struct.hpp:167:15:[m[K [01;31m[Kerror: [m[Kexpected unqualified-id before ‘[01m[Kclass[m[K’
[6.389s]      if (this->[01;31m[Kclass[m[K != other.class) {
[6.389s]                [01;31m[K^~~~~[m[K
[6.390s] [01m[K/root/ros2_ws/src/sort_track_msg/build/sort_track_msg/rosidl_generator_cpp/sort_track_msg/msg/detail/bounding_box__struct.hpp:167:15:[m[K [01;31m[Kerror: [m[Kexpected ‘[01m[K)[m[K’ before ‘[01m[Kclass[m[K’
[6.391s] In file included from [01m[K/usr/include/aarch64-linux-gnu/bits/_G_config.h:19:0[m[K,
[6.392s]                  from [01m[K/usr/include/aarch64-linux-gnu/bits/libio.h:35[m[K,
[6.392s]                  from [01m[K/usr/include/stdio.h:41[m[K,
[6.393s]                  from [01m[K/usr/include/c++/7/cstdio:42[m[K,
[6.393s]                  from [01m[K/usr/include/c++/7/ext/string_conversions.h:43[m[K,
[6.393s]                  from [01m[K/usr/include/c++/7/bits/basic_string.h:6361[m[K,
[6.393s]                  from [01m[K/usr/include/c++/7/string:52[m[K,
[6.395s]                  from [01m[K/usr/include/c++/7/stdexcept:39[m[K,
[6.395s]                  from [01m[K/usr/include/c++/7/array:39[m[K,
[6.395s]                  from [01m[K/root/ros2_ws/src/sort_track_msg/build/sort_track_msg/rosidl_typesupport_introspection_cpp/sort_track_msg/msg/detail/bounding_box__type_support.cpp:5[m[K:
[6.396s] [01m[K/root/ros2_ws/src/sort_track_msg/build/sort_track_msg/rosidl_typesupport_introspection_cpp/sort_track_msg/msg/detail/bounding_box__type_support.cpp:[m[K At global scope:
[6.396s] [01m[K/root/ros2_ws/src/sort_track_msg/build/sort_track_msg/rosidl_typesupport_introspection_cpp/sort_track_msg/msg/detail/bounding_box__type_support.cpp:64:48:[m[K [01;31m[Kerror: [m[Kexpected unqualified-id before ‘[01m[Kclass[m[K’
[6.397s]      offsetof(sort_track_msg::msg::BoundingBox, [01;31m[Kc[m[Klass),  // bytes offset in struct
[6.397s]                                                 [01;31m[K^[m[K
[6.397s] [01m[K/root/ros2_ws/src/sort_track_msg/build/sort_track_msg/rosidl_typesupport_introspection_cpp/sort_track_msg/msg/detail/bounding_box__type_support.cpp:64:48:[m[K [01;31m[Kerror: [m[Kexpected ‘[01m[K)[m[K’ before ‘[01m[Kclass[m[K’
[6.467s] In file included from [01m[K/root/ros2_ws/src/sort_track_msg/build/sort_track_msg/rosidl_typesupport_fastrtps_cpp/sort_track_msg/msg/detail/bounding_box__rosidl_typesupport_fastrtps_cpp.hpp:11:0[m[K,
[6.468s]                  from [01m[K/root/ros2_ws/src/sort_track_msg/build/sort_track_msg/rosidl_typesupport_fastrtps_cpp/sort_track_msg/msg/detail/dds_fastrtps/bounding_box__type_support.cpp:4[m[K:
[6.469s] [01m[K/root/ros2_ws/src/sort_track_msg/build/sort_track_msg/rosidl_generator_cpp/sort_track_msg/msg/detail/bounding_box__struct.hpp:70:20:[m[K [01;31m[Kerror: [m[Kexpected identifier before ‘[01m[K;[m[K’ token
[6.469s]    _class_type class[01;31m[K;[m[K
[6.469s]                     [01;31m[K^[m[K
[6.470s] [01m[K/root/ros2_ws/src/sort_track_msg/build/sort_track_msg/rosidl_generator_cpp/sort_track_msg/msg/detail/bounding_box__struct.hpp:70:20:[m[K [01;31m[Kerror: [m[Kmultiple types in one declaration
[6.471s] [01m[K/root/ros2_ws/src/sort_track_msg/build/sort_track_msg/rosidl_generator_cpp/sort_track_msg/msg/detail/bounding_box__struct.hpp:70:20:[m[K [01;31m[Kerror: [m[Kdeclaration does not declare anything [[01;31m[K-fpermissive[m[K]
[6.471s] In file included from [01m[K/root/ros2_ws/src/sort_track_msg/build/sort_track_msg/rosidl_typesupport_fastrtps_cpp/sort_track_msg/msg/detail/bounding_box__rosidl_typesupport_fastrtps_cpp.hpp:11:0[m[K,
[6.471s]                  from [01m[K/root/ros2_ws/src/sort_track_msg/build/sort_track_msg/rosidl_typesupport_fastrtps_cpp/sort_track_msg/msg/detail/dds_fastrtps/bounding_box__type_support.cpp:4[m[K:
[6.472s] [01m[K/root/ros2_ws/src/sort_track_msg/build/sort_track_msg/rosidl_generator_cpp/sort_track_msg/msg/detail/bounding_box__struct.hpp:[m[K In constructor ‘[01m[Ksort_track_msg::msg::BoundingBox_<ContainerAllocator>::BoundingBox_(rosidl_runtime_cpp::MessageInitialization)[m[K’:
[6.473s] [01m[K/root/ros2_ws/src/sort_track_msg/build/sort_track_msg/rosidl_generator_cpp/sort_track_msg/msg/detail/bounding_box__struct.hpp:41:13:[m[K [01;31m[Kerror: [m[Kexpected unqualified-id before ‘[01m[Kclass[m[K’
[6.473s]        this->[01;31m[Kclass[m[K = "";
[6.474s]              [01;31m[K^~~~~[m[K
[6.474s] In file included from [01m[K/root/ros2_ws/src/sort_track_msg/build/sort_track_msg/rosidl_typesupport_fastrtps_cpp/sort_track_msg/msg/detail/bounding_box__rosidl_typesupport_fastrtps_cpp.hpp:11:0[m[K,
[6.475s]                  from [01m[K/root/ros2_ws/src/sort_track_msg/build/sort_track_msg/rosidl_typesupport_fastrtps_cpp/sort_track_msg/msg/detail/dds_fastrtps/bounding_box__type_support.cpp:4[m[K:
[6.476s] [01m[K/root/ros2_ws/src/sort_track_msg/build/sort_track_msg/rosidl_generator_cpp/sort_track_msg/msg/detail/bounding_box__struct.hpp:[m[K In constructor ‘[01m[Ksort_track_msg::msg::BoundingBox_<ContainerAllocator>::BoundingBox_(const ContainerAllocator&, rosidl_runtime_cpp::MessageInitialization)[m[K’:
[6.476s] [01m[K/root/ros2_ws/src/sort_track_msg/build/sort_track_msg/rosidl_generator_cpp/sort_track_msg/msg/detail/bounding_box__struct.hpp:50:5:[m[K [01;31m[Kerror: [m[Kexpected identifier before ‘[01m[Kclass[m[K’
[6.476s]    : [01;31m[Kclass[m[K(_alloc)
[6.477s]      [01;31m[K^~~~~[m[K
[6.477s] [01m[K/root/ros2_ws/src/sort_track_msg/build/sort_track_msg/rosidl_generator_cpp/sort_track_msg/msg/detail/bounding_box__struct.hpp:50:5:[m[K [01;31m[Kerror: [m[Kexpected ‘[01m[K{[m[K’ before ‘[01m[Kclass[m[K’
[6.477s] [01m[K/root/ros2_ws/src/sort_track_msg/build/sort_track_msg/rosidl_generator_cpp/sort_track_msg/msg/detail/bounding_box__struct.hpp:[m[K In member function ‘[01m[Ksort_track_msg::msg::BoundingBox_<ContainerAllocator>::Type& sort_track_msg::msg::BoundingBox_<ContainerAllocator>::set__class(const std::__cxx11::basic_string<char, std::char_traits<char>, typename ContainerAllocator::rebind<char>::other>&)[m[K’:
[6.477s] [01m[K/root/ros2_ws/src/sort_track_msg/build/sort_track_msg/rosidl_generator_cpp/sort_track_msg/msg/detail/bounding_box__struct.hpp:94:11:[m[K [01;31m[Kerror: [m[Kexpected unqualified-id before ‘[01m[Kclass[m[K’
[6.478s]      this->[01;31m[Kclass[m[K = _arg;
[6.478s]            [01;31m[K^~~~~[m[K
[6.478s] [01m[K/root/ros2_ws/src/sort_track_msg/build/sort_track_msg/rosidl_generator_cpp/sort_track_msg/msg/detail/bounding_box__struct.hpp:[m[K In member function ‘[01m[Kbool sort_track_msg::msg::BoundingBox_<ContainerAllocator>::operator==(const sort_track_msg::msg::BoundingBox_<ContainerAllocator>&) const[m[K’:
[6.478s] [01m[K/root/ros2_ws/src/sort_track_msg/build/sort_track_msg/rosidl_generator_cpp/sort_track_msg/msg/detail/bounding_box__struct.hpp:167:15:[m[K [01;31m[Kerror: [m[Kexpected unqualified-id before ‘[01m[Kclass[m[K’
[6.479s]      if (this->[01;31m[Kclass[m[K != other.class) {
[6.479s]                [01;31m[K^~~~~[m[K
[6.483s] [01m[K/root/ros2_ws/src/sort_track_msg/build/sort_track_msg/rosidl_generator_cpp/sort_track_msg/msg/detail/bounding_box__struct.hpp:167:15:[m[K [01;31m[Kerror: [m[Kexpected ‘[01m[K)[m[K’ before ‘[01m[Kclass[m[K’
[6.484s] CMakeFiles/sort_track_msg__rosidl_typesupport_introspection_cpp.dir/build.make:111: recipe for target 'CMakeFiles/sort_track_msg__rosidl_typesupport_introspection_cpp.dir/rosidl_typesupport_introspection_cpp/sort_track_msg/msg/detail/bounding_box__type_support.cpp.o' failed
[6.485s] make[2]: *** [CMakeFiles/sort_track_msg__rosidl_typesupport_introspection_cpp.dir/rosidl_typesupport_introspection_cpp/sort_track_msg/msg/detail/bounding_box__type_support.cpp.o] Error 1
[6.485s] make[2]: *** Waiting for unfinished jobs....
[6.486s] [ 49%] [32mBuilding C object CMakeFiles/sort_track_msg__rosidl_typesupport_introspection_c.dir/rosidl_typesupport_introspection_c/sort_track_msg/msg/detail/targets__type_support.c.o[0m
[6.497s] [ 50%] [32mBuilding C object CMakeFiles/sort_track_msg__rosidl_typesupport_introspection_c.dir/rosidl_typesupport_introspection_c/sort_track_msg/msg/detail/tracks__type_support.c.o[0m
[6.610s] [ 52%] [32m[1mLinking C shared library libsort_track_msg__rosidl_typesupport_introspection_c.so[0m
[6.612s] In file included from [01m[K/root/ros2_ws/src/sort_track_msg/build/sort_track_msg/rosidl_typesupport_fastrtps_cpp/sort_track_msg/msg/detail/target__rosidl_typesupport_fastrtps_cpp.hpp:11:0[m[K,
[6.613s]                  from [01m[K/root/ros2_ws/src/sort_track_msg/build/sort_track_msg/rosidl_typesupport_fastrtps_cpp/sort_track_msg/msg/detail/dds_fastrtps/target__type_support.cpp:4[m[K:
[6.613s] [01m[K/root/ros2_ws/src/sort_track_msg/build/sort_track_msg/rosidl_generator_cpp/sort_track_msg/msg/detail/target__struct.hpp:78:20:[m[K [01;31m[Kerror: [m[Kexpected identifier before ‘[01m[K;[m[K’ token
[6.614s]    _class_type class[01;31m[K;[m[K
[6.615s]                     [01;31m[K^[m[K
[6.615s] [01m[K/root/ros2_ws/src/sort_track_msg/build/sort_track_msg/rosidl_generator_cpp/sort_track_msg/msg/detail/target__struct.hpp:78:20:[m[K [01;31m[Kerror: [m[Kmultiple types in one declaration
[6.615s] [01m[K/root/ros2_ws/src/sort_track_msg/build/sort_track_msg/rosidl_generator_cpp/sort_track_msg/msg/detail/target__struct.hpp:78:20:[m[K [01;31m[Kerror: [m[Kdeclaration does not declare anything [[01;31m[K-fpermissive[m[K]
[6.616s] In file included from [01m[K/root/ros2_ws/src/sort_track_msg/build/sort_track_msg/rosidl_typesupport_fastrtps_cpp/sort_track_msg/msg/detail/target__rosidl_typesupport_fastrtps_cpp.hpp:11:0[m[K,
[6.616s]                  from [01m[K/root/ros2_ws/src/sort_track_msg/build/sort_track_msg/rosidl_typesupport_fastrtps_cpp/sort_track_msg/msg/detail/dds_fastrtps/target__type_support.cpp:4[m[K:
[6.616s] [01m[K/root/ros2_ws/src/sort_track_msg/build/sort_track_msg/rosidl_generator_cpp/sort_track_msg/msg/detail/target__struct.hpp:[m[K In constructor ‘[01m[Ksort_track_msg::msg::Target_<ContainerAllocator>::Target_(rosidl_runtime_cpp::MessageInitialization)[m[K’:
[6.617s] [01m[K/root/ros2_ws/src/sort_track_msg/build/sort_track_msg/rosidl_generator_cpp/sort_track_msg/msg/detail/target__struct.hpp:41:13:[m[K [01;31m[Kerror: [m[Kexpected unqualified-id before ‘[01m[Kclass[m[K’
[6.617s]        this->[01;31m[Kclass[m[K = "";
[6.617s]              [01;31m[K^~~~~[m[K
[6.618s] In file included from [01m[K/root/ros2_ws/src/sort_track_msg/build/sort_track_msg/rosidl_typesupport_fastrtps_cpp/sort_track_msg/msg/detail/target__rosidl_typesupport_fastrtps_cpp.hpp:11:0[m[K,
[6.618s]                  from [01m[K/root/ros2_ws/src/sort_track_msg/build/sort_track_msg/rosidl_typesupport_fastrtps_cpp/sort_track_msg/msg/detail/dds_fastrtps/target__type_support.cpp:4[m[K:
[6.618s] [01m[K/root/ros2_ws/src/sort_track_msg/build/sort_track_msg/rosidl_generator_cpp/sort_track_msg/msg/detail/target__struct.hpp:[m[K In constructor ‘[01m[Ksort_track_msg::msg::Target_<ContainerAllocator>::Target_(const ContainerAllocator&, rosidl_runtime_cpp::MessageInitialization)[m[K’:
[6.619s] [01m[K/root/ros2_ws/src/sort_track_msg/build/sort_track_msg/rosidl_generator_cpp/sort_track_msg/msg/detail/target__struct.hpp:54:5:[m[K [01;31m[Kerror: [m[Kexpected identifier before ‘[01m[Kclass[m[K’
[6.619s]    : [01;31m[Kclass[m[K(_alloc)
[6.619s]      [01;31m[K^~~~~[m[K
[6.620s] [01m[K/root/ros2_ws/src/sort_track_msg/build/sort_track_msg/rosidl_generator_cpp/sort_track_msg/msg/detail/target__struct.hpp:54:5:[m[K [01;31m[Kerror: [m[Kexpected ‘[01m[K{[m[K’ before ‘[01m[Kclass[m[K’
[6.620s] [01m[K/root/ros2_ws/src/sort_track_msg/build/sort_track_msg/rosidl_generator_cpp/sort_track_msg/msg/detail/target__struct.hpp:[m[K In member function ‘[01m[Ksort_track_msg::msg::Target_<ContainerAllocator>::Type& sort_track_msg::msg::Target_<ContainerAllocator>::set__class(const std::__cxx11::basic_string<char, std::char_traits<char>, typename ContainerAllocator::rebind<char>::other>&)[m[K’:
[6.620s] [01m[K/root/ros2_ws/src/sort_track_msg/build/sort_track_msg/rosidl_generator_cpp/sort_track_msg/msg/detail/target__struct.hpp:114:11:[m[K [01;31m[Kerror: [m[Kexpected unqualified-id before ‘[01m[Kclass[m[K’
[6.621s]      this->[01;31m[Kclass[m[K = _arg;
[6.621s]            [01;31m[K^~~~~[m[K
[6.621s] [01m[K/root/ros2_ws/src/sort_track_msg/build/sort_track_msg/rosidl_generator_cpp/sort_track_msg/msg/detail/target__struct.hpp:[m[K In member function ‘[01m[Kbool sort_track_msg::msg::Target_<ContainerAllocator>::operator==(const sort_track_msg::msg::Target_<ContainerAllocator>&) const[m[K’:
[6.621s] [01m[K/root/ros2_ws/src/sort_track_msg/build/sort_track_msg/rosidl_generator_cpp/sort_track_msg/msg/detail/target__struct.hpp:211:15:[m[K [01;31m[Kerror: [m[Kexpected unqualified-id before ‘[01m[Kclass[m[K’
[6.622s]      if (this->[01;31m[Kclass[m[K != other.class) {
[6.622s]                [01;31m[K^~~~~[m[K
[6.622s] [01m[K/root/ros2_ws/src/sort_track_msg/build/sort_track_msg/rosidl_generator_cpp/sort_track_msg/msg/detail/target__struct.hpp:211:15:[m[K [01;31m[Kerror: [m[Kexpected ‘[01m[K)[m[K’ before ‘[01m[Kclass[m[K’
[6.666s] [ 52%] Built target sort_track_msg__rosidl_typesupport_introspection_c
[6.758s] [01m[K/root/ros2_ws/src/sort_track_msg/build/sort_track_msg/rosidl_typesupport_fastrtps_cpp/sort_track_msg/msg/detail/dds_fastrtps/bounding_box__type_support.cpp:[m[K In function ‘[01m[Kbool sort_track_msg::msg::typesupport_fastrtps_cpp::cdr_serialize(const BoundingBox&, eprosima::fastcdr::Cdr&)[m[K’:
[6.758s] [01m[K/root/ros2_ws/src/sort_track_msg/build/sort_track_msg/rosidl_typesupport_fastrtps_cpp/sort_track_msg/msg/detail/dds_fastrtps/bounding_box__type_support.cpp:38:22:[m[K [01;31m[Kerror: [m[Kexpected unqualified-id before ‘[01m[Kclass[m[K’
[6.759s]    cdr << ros_message.[01;31m[Kclass[m[K;
[6.759s]                       [01;31m[K^~~~~[m[K
[6.759s] [01m[K/root/ros2_ws/src/sort_track_msg/build/sort_track_msg/rosidl_typesupport_fastrtps_cpp/sort_track_msg/msg/detail/dds_fastrtps/bounding_box__type_support.cpp:[m[K In function ‘[01m[Kbool sort_track_msg::msg::typesupport_fastrtps_cpp::cdr_deserialize(eprosima::fastcdr::Cdr&, sort_track_msg::msg::BoundingBox&)[m[K’:
[6.760s] [01m[K/root/ros2_ws/src/sort_track_msg/build/sort_track_msg/rosidl_typesupport_fastrtps_cpp/sort_track_msg/msg/detail/dds_fastrtps/bounding_box__type_support.cpp:60:22:[m[K [01;31m[Kerror: [m[Kexpected unqualified-id before ‘[01m[Kclass[m[K’
[6.760s]    cdr >> ros_message.[01;31m[Kclass[m[K;
[6.760s]                       [01;31m[K^~~~~[m[K
[6.761s] [01m[K/root/ros2_ws/src/sort_track_msg/build/sort_track_msg/rosidl_typesupport_fastrtps_cpp/sort_track_msg/msg/detail/dds_fastrtps/bounding_box__type_support.cpp:[m[K In function ‘[01m[Ksize_t sort_track_msg::msg::typesupport_fastrtps_cpp::get_serialized_size(const BoundingBox&, size_t)[m[K’:
[6.761s] [01m[K/root/ros2_ws/src/sort_track_msg/build/sort_track_msg/rosidl_typesupport_fastrtps_cpp/sort_track_msg/msg/detail/dds_fastrtps/bounding_box__type_support.cpp:99:18:[m[K [01;31m[Kerror: [m[Kexpected unqualified-id before ‘[01m[Kclass[m[K’
[6.761s]      (ros_message.[01;31m[Kclass[m[K.size() + 1);
[6.761s]                   [01;31m[K^~~~~[m[K
[6.762s] [01m[K/root/ros2_ws/src/sort_track_msg/build/sort_track_msg/rosidl_typesupport_fastrtps_cpp/sort_track_msg/msg/detail/dds_fastrtps/bounding_box__type_support.cpp:99:18:[m[K [01;31m[Kerror: [m[Kexpected ‘[01m[K)[m[K’ before ‘[01m[Kclass[m[K’
[6.794s] In file included from [01m[K/root/ros2_ws/src/sort_track_msg/build/sort_track_msg/rosidl_generator_cpp/sort_track_msg/msg/detail/targets__struct.hpp:21:0[m[K,
[6.795s]                  from [01m[K/root/ros2_ws/src/sort_track_msg/build/sort_track_msg/rosidl_typesupport_fastrtps_cpp/sort_track_msg/msg/detail/targets__rosidl_typesupport_fastrtps_cpp.hpp:11[m[K,
[6.795s]                  from [01m[K/root/ros2_ws/src/sort_track_msg/build/sort_track_msg/rosidl_typesupport_fastrtps_cpp/sort_track_msg/msg/detail/dds_fastrtps/targets__type_support.cpp:4[m[K:
[6.795s] [01m[K/root/ros2_ws/src/sort_track_msg/build/sort_track_msg/rosidl_generator_cpp/sort_track_msg/msg/detail/target__struct.hpp:78:20:[m[K [01;31m[Kerror: [m[Kexpected identifier before ‘[01m[K;[m[K’ token
[6.796s]    _class_type class[01;31m[K;[m[K
[6.796s]                     [01;31m[K^[m[K
[6.796s] [01m[K/root/ros2_ws/src/sort_track_msg/build/sort_track_msg/rosidl_generator_cpp/sort_track_msg/msg/detail/target__struct.hpp:78:20:[m[K [01;31m[Kerror: [m[Kmultiple types in one declaration
[6.797s] [01m[K/root/ros2_ws/src/sort_track_msg/build/sort_track_msg/rosidl_generator_cpp/sort_track_msg/msg/detail/target__struct.hpp:78:20:[m[K [01;31m[Kerror: [m[Kdeclaration does not declare anything [[01;31m[K-fpermissive[m[K]
[6.798s] In file included from [01m[K/root/ros2_ws/src/sort_track_msg/build/sort_track_msg/rosidl_generator_cpp/sort_track_msg/msg/detail/targets__struct.hpp:21:0[m[K,
[6.798s]                  from [01m[K/root/ros2_ws/src/sort_track_msg/build/sort_track_msg/rosidl_typesupport_fastrtps_cpp/sort_track_msg/msg/detail/targets__rosidl_typesupport_fastrtps_cpp.hpp:11[m[K,
[6.798s]                  from [01m[K/root/ros2_ws/src/sort_track_msg/build/sort_track_msg/rosidl_typesupport_fastrtps_cpp/sort_track_msg/msg/detail/dds_fastrtps/targets__type_support.cpp:4[m[K:
[6.799s] [01m[K/root/ros2_ws/src/sort_track_msg/build/sort_track_msg/rosidl_generator_cpp/sort_track_msg/msg/detail/target__struct.hpp:[m[K In constructor ‘[01m[Ksort_track_msg::msg::Target_<ContainerAllocator>::Target_(rosidl_runtime_cpp::MessageInitialization)[m[K’:
[6.799s] [01m[K/root/ros2_ws/src/sort_track_msg/build/sort_track_msg/rosidl_generator_cpp/sort_track_msg/msg/detail/target__struct.hpp:41:13:[m[K [01;31m[Kerror: [m[Kexpected unqualified-id before ‘[01m[Kclass[m[K’
[6.799s]        this->[01;31m[Kclass[m[K = "";
[6.800s]              [01;31m[K^~~~~[m[K
[6.800s] In file included from [01m[K/root/ros2_ws/src/sort_track_msg/build/sort_track_msg/rosidl_generator_cpp/sort_track_msg/msg/detail/targets__struct.hpp:21:0[m[K,
[6.800s]                  from [01m[K/root/ros2_ws/src/sort_track_msg/build/sort_track_msg/rosidl_typesupport_fastrtps_cpp/sort_track_msg/msg/detail/targets__rosidl_typesupport_fastrtps_cpp.hpp:11[m[K,
[6.801s]                  from [01m[K/root/ros2_ws/src/sort_track_msg/build/sort_track_msg/rosidl_typesupport_fastrtps_cpp/sort_track_msg/msg/detail/dds_fastrtps/targets__type_support.cpp:4[m[K:
[6.801s] [01m[K/root/ros2_ws/src/sort_track_msg/build/sort_track_msg/rosidl_generator_cpp/sort_track_msg/msg/detail/target__struct.hpp:[m[K In constructor ‘[01m[Ksort_track_msg::msg::Target_<ContainerAllocator>::Target_(const ContainerAllocator&, rosidl_runtime_cpp::MessageInitialization)[m[K’:
[6.802s] [01m[K/root/ros2_ws/src/sort_track_msg/build/sort_track_msg/rosidl_generator_cpp/sort_track_msg/msg/detail/target__struct.hpp:54:5:[m[K [01;31m[Kerror: [m[Kexpected identifier before ‘[01m[Kclass[m[K’
[6.802s]    : [01;31m[Kclass[m[K(_alloc)
[6.802s]      [01;31m[K^~~~~[m[K
[6.803s] [01m[K/root/ros2_ws/src/sort_track_msg/build/sort_track_msg/rosidl_generator_cpp/sort_track_msg/msg/detail/target__struct.hpp:54:5:[m[K [01;31m[Kerror: [m[Kexpected ‘[01m[K{[m[K’ before ‘[01m[Kclass[m[K’
[6.804s] [01m[K/root/ros2_ws/src/sort_track_msg/build/sort_track_msg/rosidl_generator_cpp/sort_track_msg/msg/detail/target__struct.hpp:[m[K In member function ‘[01m[Ksort_track_msg::msg::Target_<ContainerAllocator>::Type& sort_track_msg::msg::Target_<ContainerAllocator>::set__class(const std::__cxx11::basic_string<char, std::char_traits<char>, typename ContainerAllocator::rebind<char>::other>&)[m[K’:
[6.804s] [01m[K/root/ros2_ws/src/sort_track_msg/build/sort_track_msg/rosidl_generator_cpp/sort_track_msg/msg/detail/target__struct.hpp:114:11:[m[K [01;31m[Kerror: [m[Kexpected unqualified-id before ‘[01m[Kclass[m[K’
[6.804s]      this->[01;31m[Kclass[m[K = _arg;
[6.805s]            [01;31m[K^~~~~[m[K
[6.805s] [01m[K/root/ros2_ws/src/sort_track_msg/build/sort_track_msg/rosidl_generator_cpp/sort_track_msg/msg/detail/target__struct.hpp:[m[K In member function ‘[01m[Kbool sort_track_msg::msg::Target_<ContainerAllocator>::operator==(const sort_track_msg::msg::Target_<ContainerAllocator>&) const[m[K’:
[6.805s] [01m[K/root/ros2_ws/src/sort_track_msg/build/sort_track_msg/rosidl_generator_cpp/sort_track_msg/msg/detail/target__struct.hpp:211:15:[m[K [01;31m[Kerror: [m[Kexpected unqualified-id before ‘[01m[Kclass[m[K’
[6.807s]      if (this->[01;31m[Kclass[m[K != other.class) {
[6.808s]                [01;31m[K^~~~~[m[K
[6.808s] [01m[K/root/ros2_ws/src/sort_track_msg/build/sort_track_msg/rosidl_generator_cpp/sort_track_msg/msg/detail/target__struct.hpp:211:15:[m[K [01;31m[Kerror: [m[Kexpected ‘[01m[K)[m[K’ before ‘[01m[Kclass[m[K’
[6.809s] In file included from [01m[K/root/ros2_ws/src/sort_track_msg/build/sort_track_msg/rosidl_generator_cpp/sort_track_msg/msg/detail/targets__struct.hpp:21:0[m[K,
[6.809s]                  from [01m[K/root/ros2_ws/src/sort_track_msg/build/sort_track_msg/rosidl_typesupport_introspection_cpp/sort_track_msg/msg/detail/targets__type_support.cpp:12[m[K:
[6.809s] [01m[K/root/ros2_ws/src/sort_track_msg/build/sort_track_msg/rosidl_generator_cpp/sort_track_msg/msg/detail/target__struct.hpp:78:20:[m[K [01;31m[Kerror: [m[Kexpected identifier before ‘[01m[K;[m[K’ token
[6.809s]    _class_type class[01;31m[K;[m[K
[6.810s]                     [01;31m[K^[m[K
[6.811s] [01m[K/root/ros2_ws/src/sort_track_msg/build/sort_track_msg/rosidl_generator_cpp/sort_track_msg/msg/detail/target__struct.hpp:78:20:[m[K [01;31m[Kerror: [m[Kmultiple types in one declaration
[6.811s] [01m[K/root/ros2_ws/src/sort_track_msg/build/sort_track_msg/rosidl_generator_cpp/sort_track_msg/msg/detail/target__struct.hpp:78:20:[m[K [01;31m[Kerror: [m[Kdeclaration does not declare anything [[01;31m[K-fpermissive[m[K]
[6.811s] In file included from [01m[K/root/ros2_ws/src/sort_track_msg/build/sort_track_msg/rosidl_generator_cpp/sort_track_msg/msg/detail/targets__struct.hpp:21:0[m[K,
[6.811s]                  from [01m[K/root/ros2_ws/src/sort_track_msg/build/sort_track_msg/rosidl_typesupport_introspection_cpp/sort_track_msg/msg/detail/targets__type_support.cpp:12[m[K:
[6.812s] [01m[K/root/ros2_ws/src/sort_track_msg/build/sort_track_msg/rosidl_generator_cpp/sort_track_msg/msg/detail/target__struct.hpp:[m[K In constructor ‘[01m[Ksort_track_msg::msg::Target_<ContainerAllocator>::Target_(rosidl_runtime_cpp::MessageInitialization)[m[K’:
[6.812s] [01m[K/root/ros2_ws/src/sort_track_msg/build/sort_track_msg/rosidl_generator_cpp/sort_track_msg/msg/detail/target__struct.hpp:41:13:[m[K [01;31m[Kerror: [m[Kexpected unqualified-id before ‘[01m[Kclass[m[K’
[6.812s]        this->[01;31m[Kclass[m[K = "";
[6.813s]              [01;31m[K^~~~~[m[K
[6.813s] In file included from [01m[K/root/ros2_ws/src/sort_track_msg/build/sort_track_msg/rosidl_generator_cpp/sort_track_msg/msg/detail/targets__struct.hpp:21:0[m[K,
[6.813s]                  from [01m[K/root/ros2_ws/src/sort_track_msg/build/sort_track_msg/rosidl_typesupport_introspection_cpp/sort_track_msg/msg/detail/targets__type_support.cpp:12[m[K:
[6.814s] [01m[K/root/ros2_ws/src/sort_track_msg/build/sort_track_msg/rosidl_generator_cpp/sort_track_msg/msg/detail/target__struct.hpp:[m[K In constructor ‘[01m[Ksort_track_msg::msg::Target_<ContainerAllocator>::Target_(const ContainerAllocator&, rosidl_runtime_cpp::MessageInitialization)[m[K’:
[6.814s] [01m[K/root/ros2_ws/src/sort_track_msg/build/sort_track_msg/rosidl_generator_cpp/sort_track_msg/msg/detail/target__struct.hpp:54:5:[m[K [01;31m[Kerror: [m[Kexpected identifier before ‘[01m[Kclass[m[K’
[6.814s]    : [01;31m[Kclass[m[K(_alloc)
[6.814s]      [01;31m[K^~~~~[m[K
[6.815s] [01m[K/root/ros2_ws/src/sort_track_msg/build/sort_track_msg/rosidl_generator_cpp/sort_track_msg/msg/detail/target__struct.hpp:54:5:[m[K [01;31m[Kerror: [m[Kexpected ‘[01m[K{[m[K’ before ‘[01m[Kclass[m[K’
[6.815s] [01m[K/root/ros2_ws/src/sort_track_msg/build/sort_track_msg/rosidl_generator_cpp/sort_track_msg/msg/detail/target__struct.hpp:[m[K In member function ‘[01m[Ksort_track_msg::msg::Target_<ContainerAllocator>::Type& sort_track_msg::msg::Target_<ContainerAllocator>::set__class(const std::__cxx11::basic_string<char, std::char_traits<char>, typename ContainerAllocator::rebind<char>::other>&)[m[K’:
[6.815s] [01m[K/root/ros2_ws/src/sort_track_msg/build/sort_track_msg/rosidl_generator_cpp/sort_track_msg/msg/detail/target__struct.hpp:114:11:[m[K [01;31m[Kerror: [m[Kexpected unqualified-id before ‘[01m[Kclass[m[K’
[6.816s]      this->[01;31m[Kclass[m[K = _arg;
[6.816s]            [01;31m[K^~~~~[m[K
[6.816s] [01m[K/root/ros2_ws/src/sort_track_msg/build/sort_track_msg/rosidl_generator_cpp/sort_track_msg/msg/detail/target__struct.hpp:[m[K In member function ‘[01m[Kbool sort_track_msg::msg::Target_<ContainerAllocator>::operator==(const sort_track_msg::msg::Target_<ContainerAllocator>&) const[m[K’:
[6.817s] [01m[K/root/ros2_ws/src/sort_track_msg/build/sort_track_msg/rosidl_generator_cpp/sort_track_msg/msg/detail/target__struct.hpp:211:15:[m[K [01;31m[Kerror: [m[Kexpected unqualified-id before ‘[01m[Kclass[m[K’
[6.817s]      if (this->[01;31m[Kclass[m[K != other.class) {
[6.817s]                [01;31m[K^~~~~[m[K
[6.821s] [01m[K/root/ros2_ws/src/sort_track_msg/build/sort_track_msg/rosidl_generator_cpp/sort_track_msg/msg/detail/target__struct.hpp:211:15:[m[K [01;31m[Kerror: [m[Kexpected ‘[01m[K)[m[K’ before ‘[01m[Kclass[m[K’
[6.821s] In file included from [01m[K/root/ros2_ws/src/sort_track_msg/build/sort_track_msg/rosidl_typesupport_introspection_cpp/sort_track_msg/msg/detail/target__type_support.cpp:12:0[m[K:
[6.822s] [01m[K/root/ros2_ws/src/sort_track_msg/build/sort_track_msg/rosidl_generator_cpp/sort_track_msg/msg/detail/target__struct.hpp:78:20:[m[K [01;31m[Kerror: [m[Kexpected identifier before ‘[01m[K;[m[K’ token
[6.822s]    _class_type class[01;31m[K;[m[K
[6.822s]                     [01;31m[K^[m[K
[6.823s] [01m[K/root/ros2_ws/src/sort_track_msg/build/sort_track_msg/rosidl_generator_cpp/sort_track_msg/msg/detail/target__struct.hpp:78:20:[m[K [01;31m[Kerror: [m[Kmultiple types in one declaration
[6.823s] [01m[K/root/ros2_ws/src/sort_track_msg/build/sort_track_msg/rosidl_generator_cpp/sort_track_msg/msg/detail/target__struct.hpp:78:20:[m[K [01;31m[Kerror: [m[Kdeclaration does not declare anything [[01;31m[K-fpermissive[m[K]
[6.823s] In file included from [01m[K/root/ros2_ws/src/sort_track_msg/build/sort_track_msg/rosidl_typesupport_introspection_cpp/sort_track_msg/msg/detail/target__type_support.cpp:12:0[m[K:
[6.823s] [01m[K/root/ros2_ws/src/sort_track_msg/build/sort_track_msg/rosidl_generator_cpp/sort_track_msg/msg/detail/target__struct.hpp:[m[K In constructor ‘[01m[Ksort_track_msg::msg::Target_<ContainerAllocator>::Target_(rosidl_runtime_cpp::MessageInitialization)[m[K’:
[6.824s] [01m[K/root/ros2_ws/src/sort_track_msg/build/sort_track_msg/rosidl_generator_cpp/sort_track_msg/msg/detail/target__struct.hpp:41:13:[m[K [01;31m[Kerror: [m[Kexpected unqualified-id before ‘[01m[Kclass[m[K’
[6.824s]        this->[01;31m[Kclass[m[K = "";
[6.824s]              [01;31m[K^~~~~[m[K
[6.825s] In file included from [01m[K/root/ros2_ws/src/sort_track_msg/build/sort_track_msg/rosidl_typesupport_introspection_cpp/sort_track_msg/msg/detail/target__type_support.cpp:12:0[m[K:
[6.825s] [01m[K/root/ros2_ws/src/sort_track_msg/build/sort_track_msg/rosidl_generator_cpp/sort_track_msg/msg/detail/target__struct.hpp:[m[K In constructor ‘[01m[Ksort_track_msg::msg::Target_<ContainerAllocator>::Target_(const ContainerAllocator&, rosidl_runtime_cpp::MessageInitialization)[m[K’:
[6.825s] [01m[K/root/ros2_ws/src/sort_track_msg/build/sort_track_msg/rosidl_generator_cpp/sort_track_msg/msg/detail/target__struct.hpp:54:5:[m[K [01;31m[Kerror: [m[Kexpected identifier before ‘[01m[Kclass[m[K’
[6.826s]    : [01;31m[Kclass[m[K(_alloc)
[6.826s]      [01;31m[K^~~~~[m[K
[6.826s] [01m[K/root/ros2_ws/src/sort_track_msg/build/sort_track_msg/rosidl_generator_cpp/sort_track_msg/msg/detail/target__struct.hpp:54:5:[m[K [01;31m[Kerror: [m[Kexpected ‘[01m[K{[m[K’ before ‘[01m[Kclass[m[K’
[6.826s] [01m[K/root/ros2_ws/src/sort_track_msg/build/sort_track_msg/rosidl_generator_cpp/sort_track_msg/msg/detail/target__struct.hpp:[m[K In member function ‘[01m[Ksort_track_msg::msg::Target_<ContainerAllocator>::Type& sort_track_msg::msg::Target_<ContainerAllocator>::set__class(const std::__cxx11::basic_string<char, std::char_traits<char>, typename ContainerAllocator::rebind<char>::other>&)[m[K’:
[6.827s] [01m[K/root/ros2_ws/src/sort_track_msg/build/sort_track_msg/rosidl_generator_cpp/sort_track_msg/msg/detail/target__struct.hpp:114:11:[m[K [01;31m[Kerror: [m[Kexpected unqualified-id before ‘[01m[Kclass[m[K’
[6.827s]      this->[01;31m[Kclass[m[K = _arg;
[6.827s]            [01;31m[K^~~~~[m[K
[6.830s] [01m[K/root/ros2_ws/src/sort_track_msg/build/sort_track_msg/rosidl_generator_cpp/sort_track_msg/msg/detail/target__struct.hpp:[m[K In member function ‘[01m[Kbool sort_track_msg::msg::Target_<ContainerAllocator>::operator==(const sort_track_msg::msg::Target_<ContainerAllocator>&) const[m[K’:
[6.831s] [01m[K/root/ros2_ws/src/sort_track_msg/build/sort_track_msg/rosidl_generator_cpp/sort_track_msg/msg/detail/target__struct.hpp:211:15:[m[K [01;31m[Kerror: [m[Kexpected unqualified-id before ‘[01m[Kclass[m[K’
[6.831s]      if (this->[01;31m[Kclass[m[K != other.class) {
[6.832s]                [01;31m[K^~~~~[m[K
[6.832s] [01m[K/root/ros2_ws/src/sort_track_msg/build/sort_track_msg/rosidl_generator_cpp/sort_track_msg/msg/detail/target__struct.hpp:211:15:[m[K [01;31m[Kerror: [m[Kexpected ‘[01m[K)[m[K’ before ‘[01m[Kclass[m[K’
[6.832s] In file included from [01m[K/usr/include/aarch64-linux-gnu/bits/_G_config.h:19:0[m[K,
[6.832s]                  from [01m[K/usr/include/aarch64-linux-gnu/bits/libio.h:35[m[K,
[6.833s]                  from [01m[K/usr/include/stdio.h:41[m[K,
[6.833s]                  from [01m[K/usr/include/c++/7/cstdio:42[m[K,
[6.833s]                  from [01m[K/usr/include/c++/7/ext/string_conversions.h:43[m[K,
[6.834s]                  from [01m[K/usr/include/c++/7/bits/basic_string.h:6361[m[K,
[6.834s]                  from [01m[K/usr/include/c++/7/string:52[m[K,
[6.834s]                  from [01m[K/usr/include/c++/7/stdexcept:39[m[K,
[6.836s]                  from [01m[K/usr/include/c++/7/array:39[m[K,
[6.836s]                  from [01m[K/root/ros2_ws/src/sort_track_msg/build/sort_track_msg/rosidl_typesupport_introspection_cpp/sort_track_msg/msg/detail/target__type_support.cpp:5[m[K:
[6.837s] [01m[K/root/ros2_ws/src/sort_track_msg/build/sort_track_msg/rosidl_typesupport_introspection_cpp/sort_track_msg/msg/detail/target__type_support.cpp:[m[K At global scope:
[6.838s] [01m[K/root/ros2_ws/src/sort_track_msg/build/sort_track_msg/rosidl_typesupport_introspection_cpp/sort_track_msg/msg/detail/target__type_support.cpp:64:43:[m[K [01;31m[Kerror: [m[Kexpected unqualified-id before ‘[01m[Kclass[m[K’
[6.839s]      offsetof(sort_track_msg::msg::Target, [01;31m[Kc[m[Klass),  // bytes offset in struct
[6.839s]                                            [01;31m[K^[m[K
[6.839s] [01m[K/root/ros2_ws/src/sort_track_msg/build/sort_track_msg/rosidl_typesupport_introspection_cpp/sort_track_msg/msg/detail/target__type_support.cpp:64:43:[m[K [01;31m[Kerror: [m[Kexpected ‘[01m[K)[m[K’ before ‘[01m[Kclass[m[K’
[6.881s] In file included from [01m[K/root/ros2_ws/src/sort_track_msg/build/sort_track_msg/rosidl_generator_cpp/sort_track_msg/msg/detail/tracks__struct.hpp:21:0[m[K,
[6.882s]                  from [01m[K/root/ros2_ws/src/sort_track_msg/build/sort_track_msg/rosidl_typesupport_fastrtps_cpp/sort_track_msg/msg/detail/tracks__rosidl_typesupport_fastrtps_cpp.hpp:11[m[K,
[6.883s]                  from [01m[K/root/ros2_ws/src/sort_track_msg/build/sort_track_msg/rosidl_typesupport_fastrtps_cpp/sort_track_msg/msg/detail/dds_fastrtps/tracks__type_support.cpp:4[m[K:
[6.883s] [01m[K/root/ros2_ws/src/sort_track_msg/build/sort_track_msg/rosidl_generator_cpp/sort_track_msg/msg/detail/bounding_box__struct.hpp:70:20:[m[K [01;31m[Kerror: [m[Kexpected identifier before ‘[01m[K;[m[K’ token
[6.884s]    _class_type class[01;31m[K;[m[K
[6.884s]                     [01;31m[K^[m[K
[6.885s] [01m[K/root/ros2_ws/src/sort_track_msg/build/sort_track_msg/rosidl_generator_cpp/sort_track_msg/msg/detail/bounding_box__struct.hpp:70:20:[m[K [01;31m[Kerror: [m[Kmultiple types in one declaration
[6.886s] [01m[K/root/ros2_ws/src/sort_track_msg/build/sort_track_msg/rosidl_generator_cpp/sort_track_msg/msg/detail/bounding_box__struct.hpp:70:20:[m[K [01;31m[Kerror: [m[Kdeclaration does not declare anything [[01;31m[K-fpermissive[m[K]
[6.886s] In file included from [01m[K/root/ros2_ws/src/sort_track_msg/build/sort_track_msg/rosidl_generator_cpp/sort_track_msg/msg/detail/tracks__struct.hpp:21:0[m[K,
[6.887s]                  from [01m[K/root/ros2_ws/src/sort_track_msg/build/sort_track_msg/rosidl_typesupport_fastrtps_cpp/sort_track_msg/msg/detail/tracks__rosidl_typesupport_fastrtps_cpp.hpp:11[m[K,
[6.887s]                  from [01m[K/root/ros2_ws/src/sort_track_msg/build/sort_track_msg/rosidl_typesupport_fastrtps_cpp/sort_track_msg/msg/detail/dds_fastrtps/tracks__type_support.cpp:4[m[K:
[6.888s] [01m[K/root/ros2_ws/src/sort_track_msg/build/sort_track_msg/rosidl_generator_cpp/sort_track_msg/msg/detail/bounding_box__struct.hpp:[m[K In constructor ‘[01m[Ksort_track_msg::msg::BoundingBox_<ContainerAllocator>::BoundingBox_(rosidl_runtime_cpp::MessageInitialization)[m[K’:
[6.889s] [01m[K/root/ros2_ws/src/sort_track_msg/build/sort_track_msg/rosidl_generator_cpp/sort_track_msg/msg/detail/bounding_box__struct.hpp:41:13:[m[K [01;31m[Kerror: [m[Kexpected unqualified-id before ‘[01m[Kclass[m[K’
[6.889s]        this->[01;31m[Kclass[m[K = "";
[6.890s]              [01;31m[K^~~~~[m[K
[6.890s] In file included from [01m[K/root/ros2_ws/src/sort_track_msg/build/sort_track_msg/rosidl_generator_cpp/sort_track_msg/msg/detail/tracks__struct.hpp:21:0[m[K,
[6.891s]                  from [01m[K/root/ros2_ws/src/sort_track_msg/build/sort_track_msg/rosidl_typesupport_fastrtps_cpp/sort_track_msg/msg/detail/tracks__rosidl_typesupport_fastrtps_cpp.hpp:11[m[K,
[6.891s]                  from [01m[K/root/ros2_ws/src/sort_track_msg/build/sort_track_msg/rosidl_typesupport_fastrtps_cpp/sort_track_msg/msg/detail/dds_fastrtps/tracks__type_support.cpp:4[m[K:
[6.891s] [01m[K/root/ros2_ws/src/sort_track_msg/build/sort_track_msg/rosidl_generator_cpp/sort_track_msg/msg/detail/bounding_box__struct.hpp:[m[K In constructor ‘[01m[Ksort_track_msg::msg::BoundingBox_<ContainerAllocator>::BoundingBox_(const ContainerAllocator&, rosidl_runtime_cpp::MessageInitialization)[m[K’:
[6.892s] [01m[K/root/ros2_ws/src/sort_track_msg/build/sort_track_msg/rosidl_generator_cpp/sort_track_msg/msg/detail/bounding_box__struct.hpp:50:5:[m[K [01;31m[Kerror: [m[Kexpected identifier before ‘[01m[Kclass[m[K’
[6.892s]    : [01;31m[Kclass[m[K(_alloc)
[6.893s]      [01;31m[K^~~~~[m[K
[6.893s] [01m[K/root/ros2_ws/src/sort_track_msg/build/sort_track_msg/rosidl_generator_cpp/sort_track_msg/msg/detail/bounding_box__struct.hpp:50:5:[m[K [01;31m[Kerror: [m[Kexpected ‘[01m[K{[m[K’ before ‘[01m[Kclass[m[K’
[6.893s] [01m[K/root/ros2_ws/src/sort_track_msg/build/sort_track_msg/rosidl_generator_cpp/sort_track_msg/msg/detail/bounding_box__struct.hpp:[m[K In member function ‘[01m[Ksort_track_msg::msg::BoundingBox_<ContainerAllocator>::Type& sort_track_msg::msg::BoundingBox_<ContainerAllocator>::set__class(const std::__cxx11::basic_string<char, std::char_traits<char>, typename ContainerAllocator::rebind<char>::other>&)[m[K’:
[6.893s] [01m[K/root/ros2_ws/src/sort_track_msg/build/sort_track_msg/rosidl_generator_cpp/sort_track_msg/msg/detail/bounding_box__struct.hpp:94:11:[m[K [01;31m[Kerror: [m[Kexpected unqualified-id before ‘[01m[Kclass[m[K’
[6.894s]      this->[01;31m[Kclass[m[K = _arg;
[6.894s]            [01;31m[K^~~~~[m[K
[6.894s] [01m[K/root/ros2_ws/src/sort_track_msg/build/sort_track_msg/rosidl_generator_cpp/sort_track_msg/msg/detail/bounding_box__struct.hpp:[m[K In member function ‘[01m[Kbool sort_track_msg::msg::BoundingBox_<ContainerAllocator>::operator==(const sort_track_msg::msg::BoundingBox_<ContainerAllocator>&) const[m[K’:
[6.895s] [01m[K/root/ros2_ws/src/sort_track_msg/build/sort_track_msg/rosidl_generator_cpp/sort_track_msg/msg/detail/bounding_box__struct.hpp:167:15:[m[K [01;31m[Kerror: [m[Kexpected unqualified-id before ‘[01m[Kclass[m[K’
[6.895s]      if (this->[01;31m[Kclass[m[K != other.class) {
[6.895s]                [01;31m[K^~~~~[m[K
[6.896s] [01m[K/root/ros2_ws/src/sort_track_msg/build/sort_track_msg/rosidl_generator_cpp/sort_track_msg/msg/detail/bounding_box__struct.hpp:167:15:[m[K [01;31m[Kerror: [m[Kexpected ‘[01m[K)[m[K’ before ‘[01m[Kclass[m[K’
[6.896s] make[2]: *** [CMakeFiles/sort_track_msg__rosidl_typesupport_fastrtps_cpp.dir/rosidl_typesupport_fastrtps_cpp/sort_track_msg/msg/detail/dds_fastrtps/bounding_box__type_support.cpp.o] Error 1
[6.896s] make[2]: *** Waiting for unfinished jobs....
[6.896s] CMakeFiles/sort_track_msg__rosidl_typesupport_fastrtps_cpp.dir/build.make:111: recipe for target 'CMakeFiles/sort_track_msg__rosidl_typesupport_fastrtps_cpp.dir/rosidl_typesupport_fastrtps_cpp/sort_track_msg/msg/detail/dds_fastrtps/bounding_box__type_support.cpp.o' failed
[6.898s] CMakeFiles/sort_track_msg__rosidl_typesupport_introspection_cpp.dir/build.make:125: recipe for target 'CMakeFiles/sort_track_msg__rosidl_typesupport_introspection_cpp.dir/rosidl_typesupport_introspection_cpp/sort_track_msg/msg/detail/target__type_support.cpp.o' failed
[6.898s] make[2]: *** [CMakeFiles/sort_track_msg__rosidl_typesupport_introspection_cpp.dir/rosidl_typesupport_introspection_cpp/sort_track_msg/msg/detail/target__type_support.cpp.o] Error 1
[6.904s] [01m[K/root/ros2_ws/src/sort_track_msg/build/sort_track_msg/rosidl_typesupport_fastrtps_cpp/sort_track_msg/msg/detail/dds_fastrtps/target__type_support.cpp:[m[K In function ‘[01m[Kbool sort_track_msg::msg::typesupport_fastrtps_cpp::cdr_serialize(const Target&, eprosima::fastcdr::Cdr&)[m[K’:
[6.904s] [01m[K/root/ros2_ws/src/sort_track_msg/build/sort_track_msg/rosidl_typesupport_fastrtps_cpp/sort_track_msg/msg/detail/dds_fastrtps/target__type_support.cpp:38:22:[m[K [01;31m[Kerror: [m[Kexpected unqualified-id before ‘[01m[Kclass[m[K’
[6.905s]    cdr << ros_message.[01;31m[Kclass[m[K;
[6.905s]                       [01;31m[K^~~~~[m[K
[6.906s] [01m[K/root/ros2_ws/src/sort_track_msg/build/sort_track_msg/rosidl_typesupport_fastrtps_cpp/sort_track_msg/msg/detail/dds_fastrtps/target__type_support.cpp:[m[K In function ‘[01m[Kbool sort_track_msg::msg::typesupport_fastrtps_cpp::cdr_deserialize(eprosima::fastcdr::Cdr&, sort_track_msg::msg::Target&)[m[K’:
[6.906s] [01m[K/root/ros2_ws/src/sort_track_msg/build/sort_track_msg/rosidl_typesupport_fastrtps_cpp/sort_track_msg/msg/detail/dds_fastrtps/target__type_support.cpp:68:22:[m[K [01;31m[Kerror: [m[Kexpected unqualified-id before ‘[01m[Kclass[m[K’
[6.907s]    cdr >> ros_message.[01;31m[Kclass[m[K;
[6.907s]                       [01;31m[K^~~~~[m[K
[6.907s] [01m[K/root/ros2_ws/src/sort_track_msg/build/sort_track_msg/rosidl_typesupport_fastrtps_cpp/sort_track_msg/msg/detail/dds_fastrtps/target__type_support.cpp:[m[K In function ‘[01m[Ksize_t sort_track_msg::msg::typesupport_fastrtps_cpp::get_serialized_size(const Target&, size_t)[m[K’:
[6.908s] [01m[K/root/ros2_ws/src/sort_track_msg/build/sort_track_msg/rosidl_typesupport_fastrtps_cpp/sort_track_msg/msg/detail/dds_fastrtps/target__type_support.cpp:119:18:[m[K [01;31m[Kerror: [m[Kexpected unqualified-id before ‘[01m[Kclass[m[K’
[6.908s]      (ros_message.[01;31m[Kclass[m[K.size() + 1);
[6.908s]                   [01;31m[K^~~~~[m[K
[6.909s] [01m[K/root/ros2_ws/src/sort_track_msg/build/sort_track_msg/rosidl_typesupport_fastrtps_cpp/sort_track_msg/msg/detail/dds_fastrtps/target__type_support.cpp:119:18:[m[K [01;31m[Kerror: [m[Kexpected ‘[01m[K)[m[K’ before ‘[01m[Kclass[m[K’
[6.929s] CMakeFiles/sort_track_msg__rosidl_typesupport_introspection_cpp.dir/build.make:139: recipe for target 'CMakeFiles/sort_track_msg__rosidl_typesupport_introspection_cpp.dir/rosidl_typesupport_introspection_cpp/sort_track_msg/msg/detail/targets__type_support.cpp.o' failed
[6.930s] make[2]: *** [CMakeFiles/sort_track_msg__rosidl_typesupport_introspection_cpp.dir/rosidl_typesupport_introspection_cpp/sort_track_msg/msg/detail/targets__type_support.cpp.o] Error 1
[6.930s] make[1]: *** [CMakeFiles/sort_track_msg__rosidl_typesupport_introspection_cpp.dir/all] Error 2
[6.931s] CMakeFiles/Makefile2:486: recipe for target 'CMakeFiles/sort_track_msg__rosidl_typesupport_introspection_cpp.dir/all' failed
[7.012s] make[2]: *** [CMakeFiles/sort_track_msg__rosidl_typesupport_fastrtps_cpp.dir/rosidl_typesupport_fastrtps_cpp/sort_track_msg/msg/detail/dds_fastrtps/target__type_support.cpp.o] Error 1
[7.013s] CMakeFiles/sort_track_msg__rosidl_typesupport_fastrtps_cpp.dir/build.make:125: recipe for target 'CMakeFiles/sort_track_msg__rosidl_typesupport_fastrtps_cpp.dir/rosidl_typesupport_fastrtps_cpp/sort_track_msg/msg/detail/dds_fastrtps/target__type_support.cpp.o' failed
[7.227s] CMakeFiles/sort_track_msg__rosidl_typesupport_fastrtps_cpp.dir/build.make:139: recipe for target 'CMakeFiles/sort_track_msg__rosidl_typesupport_fastrtps_cpp.dir/rosidl_typesupport_fastrtps_cpp/sort_track_msg/msg/detail/dds_fastrtps/targets__type_support.cpp.o' failed
[7.227s] make[2]: *** [CMakeFiles/sort_track_msg__rosidl_typesupport_fastrtps_cpp.dir/rosidl_typesupport_fastrtps_cpp/sort_track_msg/msg/detail/dds_fastrtps/targets__type_support.cpp.o] Error 1
[7.347s] CMakeFiles/sort_track_msg__rosidl_typesupport_fastrtps_cpp.dir/build.make:153: recipe for target 'CMakeFiles/sort_track_msg__rosidl_typesupport_fastrtps_cpp.dir/rosidl_typesupport_fastrtps_cpp/sort_track_msg/msg/detail/dds_fastrtps/tracks__type_support.cpp.o' failed
[7.348s] make[2]: *** [CMakeFiles/sort_track_msg__rosidl_typesupport_fastrtps_cpp.dir/rosidl_typesupport_fastrtps_cpp/sort_track_msg/msg/detail/dds_fastrtps/tracks__type_support.cpp.o] Error 1
[7.348s] make[1]: *** [CMakeFiles/sort_track_msg__rosidl_typesupport_fastrtps_cpp.dir/all] Error 2
[7.349s] CMakeFiles/Makefile2:124: recipe for target 'CMakeFiles/sort_track_msg__rosidl_typesupport_fastrtps_cpp.dir/all' failed
[7.350s] Makefile:145: recipe for target 'all' failed
[7.350s] make: *** [all] Error 2
[7.354s] Invoked command in '/root/ros2_ws/src/sort_track_msg/build/sort_track_msg' returned '2': CMAKE_PREFIX_PATH=${CMAKE_PREFIX_PATH}:/root/ros2_ws/install/traffic_count:/root/ros2_ws/install/subscriber_pkg:/root/ros2_ws/install/single_stream_pkg:/root/ros2_ws/install/multi_stream_pkg:/root/ros2_ws/install/deepstream_ros2_yolo /usr/local/bin/cmake --build /root/ros2_ws/src/sort_track_msg/build/sort_track_msg -- -j8 -l8
