[0.065s] Invoking command in '/root/ros2_ws/src/sort_track_msg/build/sort_track_msg': CMAKE_PREFIX_PATH=${CMAKE_PREFIX_PATH}:/root/ros2_ws/install/traffic_count:/root/ros2_ws/install/subscriber_pkg:/root/ros2_ws/install/single_stream_pkg:/root/ros2_ws/install/multi_stream_pkg:/root/ros2_ws/install/deepstream_ros2_yolo /usr/local/bin/cmake /root/ros2_ws/src/sort_track_msg -DCMAKE_INSTALL_PREFIX=/root/ros2_ws/src/sort_track_msg/install/sort_track_msg
[0.320s] -- The C compiler identification is GNU 7.5.0
[0.581s] -- The CXX compiler identification is GNU 7.5.0
[0.610s] -- Detecting C compiler ABI info
[0.771s] -- Detecting C compiler ABI info - done
[0.814s] -- Check for working C compiler: /usr/bin/cc - skipped
[0.815s] -- Detecting C compile features
[0.816s] -- Detecting C compile features - done
[0.830s] -- Detecting CXX compiler ABI info
[0.999s] -- Detecting CXX compiler ABI info - done
[1.035s] -- Check for working CXX compiler: /usr/bin/c++ - skipped
[1.036s] -- Detecting CXX compile features
[1.038s] -- Detecting CXX compile features - done
[1.046s] -- Found ament_cmake: 0.9.9 (/opt/ros/foxy/install/share/ament_cmake/cmake)
[1.140s] -- Found PythonInterp: /usr/bin/python3 (found suitable version "3.6.9", minimum required is "3") 
[1.140s] -- Using PYTHON_EXECUTABLE: /usr/bin/python3
[1.802s] -- Found std_msgs: 2.0.4 (/opt/ros/foxy/install/share/std_msgs/cmake)
[1.887s] -- Using all available rosidl_typesupport_c: rosidl_typesupport_fastrtps_c;rosidl_typesupport_introspection_c
[1.909s] -- Found rosidl_adapter: 1.2.1 (/opt/ros/foxy/install/share/rosidl_adapter/cmake)
[2.109s] -- Found OpenSSL: /usr/lib/aarch64-linux-gnu/libcrypto.so (found version "1.1.1")  
[2.174s] -- Found FastRTPS: /opt/ros/foxy/install/include  
[2.395s] -- Using all available rosidl_typesupport_cpp: rosidl_typesupport_fastrtps_cpp;rosidl_typesupport_introspection_cpp
[2.540s] -- Found rosidl_default_generators: 1.0.1 (/opt/ros/foxy/install/share/rosidl_default_generators/cmake)
[2.660s] -- Found PythonInterp: /usr/bin/python3 (found version "3.6.9") 
[3.045s] CMake Error at /opt/ros/foxy/install/share/rosidl_adapter/cmake/rosidl_adapt_interfaces.cmake:60 (message):
[3.045s]   execute_process(/usr/bin/python3 -m rosidl_adapter --package-name
[3.046s]   sort_track_msg --arguments-file
[3.046s]   /root/ros2_ws/src/sort_track_msg/build/sort_track_msg/rosidl_adapter__arguments__sort_track_msg.json
[3.047s]   --output-dir
[3.047s]   /root/ros2_ws/src/sort_track_msg/build/sort_track_msg/rosidl_adapter/sort_track_msg
[3.048s]   --output-file
[3.048s]   /root/ros2_ws/src/sort_track_msg/build/sort_track_msg/rosidl_adapter/sort_track_msg.idls)
[3.048s]   returned error code 1:
[3.048s] 
[3.049s]   Error processing 'string Class' of 'sort_track_msg/BoundingBox': ''Class'
[3.049s]   is an invalid field name.  It should have the pattern
[3.049s]   '^(?!.*__)(?!.*_$)[a-z][a-z0-9_]*$''
[3.050s] 
[3.050s]   Traceback (most recent call last):
[3.050s] 
[3.051s]     File "/usr/lib/python3.6/runpy.py", line 193, in _run_module_as_main
[3.051s]       "__main__", mod_spec)
[3.051s]     File "/usr/lib/python3.6/runpy.py", line 85, in _run_code
[3.052s]       exec(code, run_globals)
[3.052s]     File "/opt/ros/foxy/install/lib/python3.6/site-packages/rosidl_adapter/__main__.py", line 19, in <module>
[3.052s]       sys.exit(main())
[3.052s]     File "/opt/ros/foxy/install/lib/python3.6/site-packages/rosidl_adapter/main.py", line 55, in main
[3.053s]       pathlib.Path(relative_path), output_dir)
[3.053s]     File "/opt/ros/foxy/install/lib/python3.6/site-packages/rosidl_adapter/__init__.py", line 20, in convert_to_idl
[3.053s]       package_dir, package_name, interface_file, output_dir / 'msg')
[3.054s]     File "/opt/ros/foxy/install/lib/python3.6/site-packages/rosidl_adapter/msg/__init__.py", line 28, in convert_msg_to_idl
[3.054s]       msg = parse_message_string(package_name, input_file.stem, content)
[3.054s]     File "/opt/ros/foxy/install/lib/python3.6/site-packages/rosidl_adapter/parser.py", line 517, in parse_message_string
[3.055s]       field_name, default_value_string))
[3.055s]     File "/opt/ros/foxy/install/lib/python3.6/site-packages/rosidl_adapter/parser.py", line 355, in __init__
[3.055s]       name, VALID_FIELD_NAME_PATTERN.pattern))
[3.055s] 
[3.056s]   NameError: 'Class' is an invalid field name.  It should have the pattern
[3.056s]   '^(?!.*__)(?!.*_$)[a-z][a-z0-9_]*$'
[3.056s] 
[3.056s] Call Stack (most recent call first):
[3.057s]   /opt/ros/foxy/install/share/rosidl_cmake/cmake/rosidl_generate_interfaces.cmake:130 (rosidl_adapt_interfaces)
[3.057s]   CMakeLists.txt:27 (rosidl_generate_interfaces)
[3.058s] 
[3.059s] 
[3.060s] -- Configuring incomplete, errors occurred!
[3.060s] See also "/root/ros2_ws/src/sort_track_msg/build/sort_track_msg/CMakeFiles/CMakeOutput.log".
[3.063s] Invoked command in '/root/ros2_ws/src/sort_track_msg/build/sort_track_msg' returned '1': CMAKE_PREFIX_PATH=${CMAKE_PREFIX_PATH}:/root/ros2_ws/install/traffic_count:/root/ros2_ws/install/subscriber_pkg:/root/ros2_ws/install/single_stream_pkg:/root/ros2_ws/install/multi_stream_pkg:/root/ros2_ws/install/deepstream_ros2_yolo /usr/local/bin/cmake /root/ros2_ws/src/sort_track_msg -DCMAKE_INSTALL_PREFIX=/root/ros2_ws/src/sort_track_msg/install/sort_track_msg
